Found newest redcaps: Thrivebbschilds1r1_DATA_2023-12-04_1533.csv
Thrivebbsparents1r1_DATA_2023-12-04_1534.csv
ThrivebbsRAs1r1_DATA_2023-12-04_1533.csv
Thriveconsent_DATA_2023-12-04_1533.csv
Thriveiqschilds1r1_DATA_2023-12-04_1534.csv
Thriveiqsclinicians1_DATA_2023-12-04_1532.csv
Thriveiqsparents1r1_DATA_2023-12-04_1534.csv
Success: data tracker updated.
Success: data tracker updated.
1001.0 missing in tracker file, skipping
1001.0 missing in tracker file, skipping
1001.0 missing in tracker file, skipping
1002.0 missing in tracker file, skipping
nan missing in tracker file, skipping
nan missing in tracker file, skipping
1001.0 missing in tracker file, skipping
nan missing in tracker file, skipping
nan missing in tracker file, skipping
nan missing in tracker file, skipping
Success: data tracker updated.
Success: data tracker updated.
Success: data tracker updated.
Success: data tracker updated.
Success: data tracker updated.
