[31mError: subject number 3000010 not an allowed subject value [300000,300999],[308000,308999],[309000,309999] in file: /home/data/NDClab/datasets/thrive-dataset/sourcedata/raw/s1_r1/psychopy/sub-3000010/sub-3000010_arrow-alert-v1-1_s1_r1_e1.log[0m
[31mError: variable name arrow-alert-v1-1 does not match any datadict variables, in file: /home/data/NDClab/datasets/thrive-dataset/sourcedata/raw/s1_r1/psychopy/sub-3000010/sub-3000010_arrow-alert-v1-1_s1_r1_e1.log[0m
[31mError: subject number 3000010 not an allowed subject value [300000,300999],[308000,308999],[309000,309999] in file: /home/data/NDClab/datasets/thrive-dataset/sourcedata/raw/s1_r1/psychopy/sub-3000010/sub-3000010_arrow-alert-v1-1_s1_r1_e1.psydat[0m
[31mError: variable name arrow-alert-v1-1 does not match any datadict variables, in file: /home/data/NDClab/datasets/thrive-dataset/sourcedata/raw/s1_r1/psychopy/sub-3000010/sub-3000010_arrow-alert-v1-1_s1_r1_e1.psydat[0m
[31mError: subject number 3000010 not an allowed subject value [300000,300999],[308000,308999],[309000,309999] in file: /home/data/NDClab/datasets/thrive-dataset/sourcedata/raw/s1_r1/psychopy/sub-3000010/sub-3000010_arrow-alert-v1-1_s1_r1_e1.csv[0m
[31mError: variable name arrow-alert-v1-1 does not match any datadict variables, in file: /home/data/NDClab/datasets/thrive-dataset/sourcedata/raw/s1_r1/psychopy/sub-3000010/sub-3000010_arrow-alert-v1-1_s1_r1_e1.csv[0m
[31mError: subject number 3000028 not an allowed subject value [300000,300999],[308000,308999],[309000,309999] in file: /home/data/NDClab/datasets/thrive-dataset/sourcedata/raw/s1_r1/psychopy/sub-3000028/sub-3000028_arrow-alert-v1-2_psychopy_s1_r1_e1.psydat[0m
[31mError: subject number 3000028 not an allowed subject value [300000,300999],[308000,308999],[309000,309999] in file: /home/data/NDClab/datasets/thrive-dataset/sourcedata/raw/s1_r1/psychopy/sub-3000028/sub-3000028_arrow-alert-v1-2_psychopy_s1_r1_e1.log[0m
[31mError: subject number 3000028 not an allowed subject value [300000,300999],[308000,308999],[309000,309999] in file: /home/data/NDClab/datasets/thrive-dataset/sourcedata/raw/s1_r1/psychopy/sub-3000028/sub-3000028_arrow-alert-v1-2_psychopy_s1_r1_e1.csv[0m
[31mError: subject number 3000012 not an allowed subject value [300000,300999],[308000,308999],[309000,309999] in file: /home/data/NDClab/datasets/thrive-dataset/sourcedata/raw/s1_r1/psychopy/sub-3000012/sub-3000012_arrow-alert-v1-1_psychopy_s1_r1_e1.csv[0m
[31mError: subject number 3000012 not an allowed subject value [300000,300999],[308000,308999],[309000,309999] in file: /home/data/NDClab/datasets/thrive-dataset/sourcedata/raw/s1_r1/psychopy/sub-3000012/sub-3000012_arrow-alert-v1-1_psychopy_s1_r1_e1.psydat[0m
[31mError: subject number 3000012 not an allowed subject value [300000,300999],[308000,308999],[309000,309999] in file: /home/data/NDClab/datasets/thrive-dataset/sourcedata/raw/s1_r1/psychopy/sub-3000012/sub-3000012_arrow-alert-v1-1_psychopy_s1_r1_e1.log[0m
[31mError: subject number 3000015 not an allowed subject value [300000,300999],[308000,308999],[309000,309999] in file: /home/data/NDClab/datasets/thrive-dataset/sourcedata/raw/s1_r1/psychopy/sub-3000015/sub-3000015_arrow-alert-v1-1_psychopy_s1_r1_e1.psydat[0m
[31mError: subject number 3000015 not an allowed subject value [300000,300999],[308000,308999],[309000,309999] in file: /home/data/NDClab/datasets/thrive-dataset/sourcedata/raw/s1_r1/psychopy/sub-3000015/sub-3000015_arrow-alert-v1-1_psychopy_s1_r1_e1.csv[0m
[31mError: subject number 3000015 not an allowed subject value [300000,300999],[308000,308999],[309000,309999] in file: /home/data/NDClab/datasets/thrive-dataset/sourcedata/raw/s1_r1/psychopy/sub-3000015/sub-3000015_arrow-alert-v1-1_psychopy_s1_r1_e1.log[0m
[31mError: file  /home/data/NDClab/datasets/thrive-dataset/sourcedata/raw/s1_r1/psychopy/sub-3000014/sub-3000014_arrow-alert-v1-2_psychopy_s1_r1_e1_1.csv  does not match naming convention <sub-#>_<variable/task-name>_<session>.<ext>[0m
[31mError: subject number 3000014 not an allowed subject value [300000,300999],[308000,308999],[309000,309999] in file: /home/data/NDClab/datasets/thrive-dataset/sourcedata/raw/s1_r1/psychopy/sub-3000014/sub-3000014_arrow-alert-v1-2_psychopy_s1_r1_e1.log[0m
[31mError: file  /home/data/NDClab/datasets/thrive-dataset/sourcedata/raw/s1_r1/psychopy/sub-3000014/sub-3000014_arrow-alert-v1-2_psychopy_s1_r1_e1_1.psydat  does not match naming convention <sub-#>_<variable/task-name>_<session>.<ext>[0m
[31mError: subject number 3000005 not an allowed subject value [300000,300999],[308000,308999],[309000,309999] in file: /home/data/NDClab/datasets/thrive-dataset/sourcedata/raw/s1_r1/psychopy/sub-3000005/sub-3000005_arrow-alert-v1-1_psychopy_s1_r1_e1.log[0m
[31mError: subject number 3000005 not an allowed subject value [300000,300999],[308000,308999],[309000,309999] in file: /home/data/NDClab/datasets/thrive-dataset/sourcedata/raw/s1_r1/psychopy/sub-3000005/sub-3000005_arrow-alert-v1-1_psychopy_s1_r1_e1.csv[0m
[31mError: subject number 3000005 not an allowed subject value [300000,300999],[308000,308999],[309000,309999] in file: /home/data/NDClab/datasets/thrive-dataset/sourcedata/raw/s1_r1/psychopy/sub-3000005/sub-3000005_arrow-alert-v1-1_psychopy_s1_r1_e1.psydat[0m
[31mError: subject number 3000019 not an allowed subject value [300000,300999],[308000,308999],[309000,309999] in file: /home/data/NDClab/datasets/thrive-dataset/sourcedata/raw/s1_r1/psychopy/sub-3000019/sub-3000019_arrow-alert-v1-2_psychopy_s1_r1_e1.psydat[0m
[31mError: subject number 3000019 not an allowed subject value [300000,300999],[308000,308999],[309000,309999] in file: /home/data/NDClab/datasets/thrive-dataset/sourcedata/raw/s1_r1/psychopy/sub-3000019/sub-3000019_arrow-alert-v1-2_psychopy_s1_r1_e1.csv[0m
[31mError: subject number 3000019 not an allowed subject value [300000,300999],[308000,308999],[309000,309999] in file: /home/data/NDClab/datasets/thrive-dataset/sourcedata/raw/s1_r1/psychopy/sub-3000019/sub-3000019_arrow-alert-v1-2_psychopy_s1_r1_e1.log[0m
[31mError: subject number 3000004 not an allowed subject value [300000,300999],[308000,308999],[309000,309999] in file: /home/data/NDClab/datasets/thrive-dataset/sourcedata/raw/s1_r1/psychopy/sub-3000004/sub-3000004_arrow-alert-v1-1_psychopy_s1_r1_e1.log[0m
[31mError: subject number 3000004 not an allowed subject value [300000,300999],[308000,308999],[309000,309999] in file: /home/data/NDClab/datasets/thrive-dataset/sourcedata/raw/s1_r1/psychopy/sub-3000004/sub-3000004_arrow-alert-v1-1_psychopy_s1_r1_e1.csv[0m
[31mError: subject number 3000004 not an allowed subject value [300000,300999],[308000,308999],[309000,309999] in file: /home/data/NDClab/datasets/thrive-dataset/sourcedata/raw/s1_r1/psychopy/sub-3000004/sub-3000004_arrow-alert-v1-1_psychopy_s1_r1_e1.psydat[0m
[31mError: subject number 3000002 not an allowed subject value [300000,300999],[308000,308999],[309000,309999] in file: /home/data/NDClab/datasets/thrive-dataset/sourcedata/raw/s1_r1/psychopy/sub-3000002/sub-3000002_arrow-alert-v1-1_psychopy_s1_r1_e1.csv[0m
[31mError: subject number 3000002 not an allowed subject value [300000,300999],[308000,308999],[309000,309999] in file: /home/data/NDClab/datasets/thrive-dataset/sourcedata/raw/s1_r1/psychopy/sub-3000002/sub-3000002_arrow-alert-v1-1_psychopy_s1_r1_e1.psydat[0m
[31mError: subject number 3000002 not an allowed subject value [300000,300999],[308000,308999],[309000,309999] in file: /home/data/NDClab/datasets/thrive-dataset/sourcedata/raw/s1_r1/psychopy/sub-3000002/sub-3000002_arrow-alert-v1-1_psychopy_s1_r1_e1.log[0m
[31mError: subject number 3000003 not an allowed subject value [300000,300999],[308000,308999],[309000,309999] in file: /home/data/NDClab/datasets/thrive-dataset/sourcedata/raw/s1_r1/psychopy/sub-3000003/sub-3000003_arrow-alert-v1-1_psychopy_s1_r1_e1.csv[0m
[31mError: subject number 3000003 not an allowed subject value [300000,300999],[308000,308999],[309000,309999] in file: /home/data/NDClab/datasets/thrive-dataset/sourcedata/raw/s1_r1/psychopy/sub-3000003/sub-3000003_arrow-alert-v1-1_psychopy_s1_r1_e1.log[0m
[31mError: subject number 3000003 not an allowed subject value [300000,300999],[308000,308999],[309000,309999] in file: /home/data/NDClab/datasets/thrive-dataset/sourcedata/raw/s1_r1/psychopy/sub-3000003/sub-3000003_arrow-alert-v1-1_psychopy_s1_r1_e1.psydat[0m
[31mError: subject number 3000021 not an allowed subject value [300000,300999],[308000,308999],[309000,309999] in file: /home/data/NDClab/datasets/thrive-dataset/sourcedata/raw/s1_r1/psychopy/sub-3000021/sub-3000021_arrow-alert-v1-1_psychopy_s1_r1_e1.log[0m
[31mError: subject number 3000021 not an allowed subject value [300000,300999],[308000,308999],[309000,309999] in file: /home/data/NDClab/datasets/thrive-dataset/sourcedata/raw/s1_r1/psychopy/sub-3000021/sub-3000021_arrow-alert-v1-1_psychopy_s1_r1_e1.psydat[0m
[31mError: subject number 3000021 not an allowed subject value [300000,300999],[308000,308999],[309000,309999] in file: /home/data/NDClab/datasets/thrive-dataset/sourcedata/raw/s1_r1/psychopy/sub-3000021/sub-3000021_arrow-alert-v1-1_psychopy_s1_r1_e1.csv[0m
[31mError: subject number 3000013 not an allowed subject value [300000,300999],[308000,308999],[309000,309999] in file: /home/data/NDClab/datasets/thrive-dataset/sourcedata/raw/s1_r1/psychopy/sub-3000013/sub-3000013_arrow-alert-v1-2_psychopy_s1_r1_e1.psydat[0m
[31mError: subject number 3000013 not an allowed subject value [300000,300999],[308000,308999],[309000,309999] in file: /home/data/NDClab/datasets/thrive-dataset/sourcedata/raw/s1_r1/psychopy/sub-3000013/sub-3000013_arrow-alert-v1-2_psychopy_s1_r1_e1.csv[0m
[31mError: subject number 3000013 not an allowed subject value [300000,300999],[308000,308999],[309000,309999] in file: /home/data/NDClab/datasets/thrive-dataset/sourcedata/raw/s1_r1/psychopy/sub-3000013/sub-3000013_arrow-alert-v1-2_psychopy_s1_r1_e1.log[0m
[31mError: subject number 3000023 not an allowed subject value [300000,300999],[308000,308999],[309000,309999] in file: /home/data/NDClab/datasets/thrive-dataset/sourcedata/raw/s1_r1/psychopy/sub-3000023/sub-3000023_arrow-alert-v1-2_psychopy_s1_r1_e1.csv[0m
[31mError: subject number 3000023 not an allowed subject value [300000,300999],[308000,308999],[309000,309999] in file: /home/data/NDClab/datasets/thrive-dataset/sourcedata/raw/s1_r1/psychopy/sub-3000023/sub-3000023_arrow-alert-v1-2_psychopy_s1_r1_e1.log[0m
[31mError: subject number 3000023 not an allowed subject value [300000,300999],[308000,308999],[309000,309999] in file: /home/data/NDClab/datasets/thrive-dataset/sourcedata/raw/s1_r1/psychopy/sub-3000023/sub-3000023_arrow-alert-v1-2_psychopy_s1_r1_e1.psydat[0m
[31mError: subject number 3000006 not an allowed subject value [300000,300999],[308000,308999],[309000,309999] in file: /home/data/NDClab/datasets/thrive-dataset/sourcedata/raw/s1_r1/psychopy/sub-3000006/sub-3000006_arrow-alert-v1-1_psychopy_s1_r1_e1.log[0m
[31mError: subject number 3000006 not an allowed subject value [300000,300999],[308000,308999],[309000,309999] in file: /home/data/NDClab/datasets/thrive-dataset/sourcedata/raw/s1_r1/psychopy/sub-3000006/sub-3000006_arrow-alert-v1-1_psychopy_s1_r1_e1.psydat[0m
[31mError: subject number 3000006 not an allowed subject value [300000,300999],[308000,308999],[309000,309999] in file: /home/data/NDClab/datasets/thrive-dataset/sourcedata/raw/s1_r1/psychopy/sub-3000006/sub-3000006_arrow-alert-v1-1_psychopy_s1_r1_e1.csv[0m
[31mError: subject number 3000001 not an allowed subject value [300000,300999],[308000,308999],[309000,309999] in file: /home/data/NDClab/datasets/thrive-dataset/sourcedata/raw/s1_r1/psychopy/sub-3000001/sub-3000001_arrow-alert-v1-1_psychopy_s1_r1_e1.psydat[0m
[31mError: subject number 3000001 not an allowed subject value [300000,300999],[308000,308999],[309000,309999] in file: /home/data/NDClab/datasets/thrive-dataset/sourcedata/raw/s1_r1/psychopy/sub-3000001/sub-3000001_arrow-alert-v1-1_psychopy_s1_r1_e1.log[0m
[31mError: subject number 3000001 not an allowed subject value [300000,300999],[308000,308999],[309000,309999] in file: /home/data/NDClab/datasets/thrive-dataset/sourcedata/raw/s1_r1/psychopy/sub-3000001/sub-3000001_arrow-alert-v1-1_psychopy_s1_r1_e1.csv[0m
[31mError: subject number 3000026 not an allowed subject value [300000,300999],[308000,308999],[309000,309999] in file: /home/data/NDClab/datasets/thrive-dataset/sourcedata/raw/s1_r1/psychopy/sub-3000026/sub-3000026_timestamp-v1-1_s1_r1_e1.csv[0m
[31mError: variable name timestamp-v1-1 does not match any datadict variables, in file: /home/data/NDClab/datasets/thrive-dataset/sourcedata/raw/s1_r1/psychopy/sub-3000026/sub-3000026_timestamp-v1-1_s1_r1_e1.csv[0m
[31mError: subject number 3000026 not an allowed subject value [300000,300999],[308000,308999],[309000,309999] in file: /home/data/NDClab/datasets/thrive-dataset/sourcedata/raw/s1_r1/psychopy/sub-3000026/sub-3000026_timestamp-v1-1_s1_r1_e1.log[0m
[31mError: variable name timestamp-v1-1 does not match any datadict variables, in file: /home/data/NDClab/datasets/thrive-dataset/sourcedata/raw/s1_r1/psychopy/sub-3000026/sub-3000026_timestamp-v1-1_s1_r1_e1.log[0m
[31mError: subject number 3000026 not an allowed subject value [300000,300999],[308000,308999],[309000,309999] in file: /home/data/NDClab/datasets/thrive-dataset/sourcedata/raw/s1_r1/psychopy/sub-3000026/sub-3000026_timestamp-v1-1_s1_r1_e1.psydat[0m
[31mError: variable name timestamp-v1-1 does not match any datadict variables, in file: /home/data/NDClab/datasets/thrive-dataset/sourcedata/raw/s1_r1/psychopy/sub-3000026/sub-3000026_timestamp-v1-1_s1_r1_e1.psydat[0m
[31mError: subject number 3000022 not an allowed subject value [300000,300999],[308000,308999],[309000,309999] in file: /home/data/NDClab/datasets/thrive-dataset/sourcedata/raw/s1_r1/psychopy/sub-3000022/sub-3000022_arrow-alert-v1-2_psychopy_s1_r1_e1.csv[0m
[31mError: subject number 3000022 not an allowed subject value [300000,300999],[308000,308999],[309000,309999] in file: /home/data/NDClab/datasets/thrive-dataset/sourcedata/raw/s1_r1/psychopy/sub-3000022/sub-3000022_arrow-alert-v1-2_psychopy_s1_r1_e1.log[0m
[31mError: subject number 3000022 not an allowed subject value [300000,300999],[308000,308999],[309000,309999] in file: /home/data/NDClab/datasets/thrive-dataset/sourcedata/raw/s1_r1/psychopy/sub-3000022/sub-3000022_arrow-alert-v1-2_psychopy_s1_r1_e1.psydat[0m
[31mError: subject number 3000033 not an allowed subject value [300000,300999],[308000,308999],[309000,309999] in file: /home/data/NDClab/datasets/thrive-dataset/sourcedata/raw/s1_r1/psychopy/sub-3000033/sub-3000033_arrow-alert-v1-2_psychopy_s1_r1_e1.psydat[0m
[31mError: subject number 3000033 not an allowed subject value [300000,300999],[308000,308999],[309000,309999] in file: /home/data/NDClab/datasets/thrive-dataset/sourcedata/raw/s1_r1/psychopy/sub-3000033/sub-3000033_arrow-alert-v1-2_psychopy_s1_r1_e1.csv[0m
[31mError: subject number 3000033 not an allowed subject value [300000,300999],[308000,308999],[309000,309999] in file: /home/data/NDClab/datasets/thrive-dataset/sourcedata/raw/s1_r1/psychopy/sub-3000033/sub-3000033_arrow-alert-v1-2_psychopy_s1_r1_e1.log[0m
[31mError: file  /home/data/NDClab/datasets/thrive-dataset/sourcedata/raw/s1_r1/psychopy/sub-3000020/sub-3000020 _timestamp-v1-1_s1_r1_e1.log  does not match naming convention <sub-#>_<variable/task-name>_<session>.<ext>[0m
[31mError: file  /home/data/NDClab/datasets/thrive-dataset/sourcedata/raw/s1_r1/psychopy/sub-3000020/sub-3000020 _timestamp-v1-1_s1_r1_e1.psydat  does not match naming convention <sub-#>_<variable/task-name>_<session>.<ext>[0m
[31mError: file  /home/data/NDClab/datasets/thrive-dataset/sourcedata/raw/s1_r1/psychopy/sub-3000020/sub-3000020 _timestamp-v1-1_s1_r1_e1.csv  does not match naming convention <sub-#>_<variable/task-name>_<session>.<ext>[0m
[31mError: number of psychopy data files in subject folder sub-3000008 5 greater than the expected number 3[0m
[31mError: subject number 3000008 not an allowed subject value [300000,300999],[308000,308999],[309000,309999] in file: /home/data/NDClab/datasets/thrive-dataset/sourcedata/raw/s1_r1/psychopy/sub-3000008/sub-3000008_arrow-alert-v1-1_psychopy_s1_r1_e1.psydat[0m
[31mError: file  /home/data/NDClab/datasets/thrive-dataset/sourcedata/raw/s1_r1/psychopy/sub-3000008/extra-psychopy-present  does not match naming convention <sub-#>_<variable/task-name>_<session>.<ext>[0m
[31mError: file  /home/data/NDClab/datasets/thrive-dataset/sourcedata/raw/s1_r1/psychopy/sub-3000008/sub-3000008_arrow-alert-v1-1_psychopy_s1_r1_e1_2.csv  does not match naming convention <sub-#>_<variable/task-name>_<session>.<ext>[0m
[31mError: file  /home/data/NDClab/datasets/thrive-dataset/sourcedata/raw/s1_r1/psychopy/sub-3000008/sub-3000008_arrow-alert-v1-1_psychopy_s1_r1_e1_practice-only.csv  does not match naming convention <sub-#>_<variable/task-name>_<session>.<ext>[0m
[31mError: subject number 3000008 not an allowed subject value [300000,300999],[308000,308999],[309000,309999] in file: /home/data/NDClab/datasets/thrive-dataset/sourcedata/raw/s1_r1/psychopy/sub-3000008/sub-3000008_arrow-alert-v1-1_psychopy_s1_r1_e1.log[0m
[31mError: subject number 3000011 not an allowed subject value [300000,300999],[308000,308999],[309000,309999] in file: /home/data/NDClab/datasets/thrive-dataset/sourcedata/raw/s1_r1/psychopy/sub-3000011/sub-3000011_arrow-alert-v1-1_psychopy_s1_r1_e1.log[0m
[31mError: subject number 3000011 not an allowed subject value [300000,300999],[308000,308999],[309000,309999] in file: /home/data/NDClab/datasets/thrive-dataset/sourcedata/raw/s1_r1/psychopy/sub-3000011/sub-3000011_arrow-alert-v1-1_psychopy_s1_r1_e1.psydat[0m
[31mError: subject number 3000011 not an allowed subject value [300000,300999],[308000,308999],[309000,309999] in file: /home/data/NDClab/datasets/thrive-dataset/sourcedata/raw/s1_r1/psychopy/sub-3000011/sub-3000011_arrow-alert-v1-1_psychopy_s1_r1_e1.csv[0m
[31mError: subject number 3000010 not an allowed subject value [300000,300999],[308000,308999],[309000,309999] in file: /home/data/NDClab/datasets/thrive-dataset/sourcedata/raw/s1_r1/psychopy/sub-3000010/sub-3000010_arrow-alert-v1-1_s1_r1_e1.log[0m
[31mError: variable name arrow-alert-v1-1 does not match any datadict variables, in file: /home/data/NDClab/datasets/thrive-dataset/sourcedata/raw/s1_r1/psychopy/sub-3000010/sub-3000010_arrow-alert-v1-1_s1_r1_e1.log[0m
[31mError: subject number 3000010 not an allowed subject value [300000,300999],[308000,308999],[309000,309999] in file: /home/data/NDClab/datasets/thrive-dataset/sourcedata/raw/s1_r1/psychopy/sub-3000010/sub-3000010_arrow-alert-v1-1_s1_r1_e1.psydat[0m
[31mError: variable name arrow-alert-v1-1 does not match any datadict variables, in file: /home/data/NDClab/datasets/thrive-dataset/sourcedata/raw/s1_r1/psychopy/sub-3000010/sub-3000010_arrow-alert-v1-1_s1_r1_e1.psydat[0m
[31mError: subject number 3000010 not an allowed subject value [300000,300999],[308000,308999],[309000,309999] in file: /home/data/NDClab/datasets/thrive-dataset/sourcedata/raw/s1_r1/psychopy/sub-3000010/sub-3000010_arrow-alert-v1-1_s1_r1_e1.csv[0m
[31mError: variable name arrow-alert-v1-1 does not match any datadict variables, in file: /home/data/NDClab/datasets/thrive-dataset/sourcedata/raw/s1_r1/psychopy/sub-3000010/sub-3000010_arrow-alert-v1-1_s1_r1_e1.csv[0m
[31mError: subject number 3000028 not an allowed subject value [300000,300999],[308000,308999],[309000,309999] in file: /home/data/NDClab/datasets/thrive-dataset/sourcedata/raw/s1_r1/psychopy/sub-3000028/sub-3000028_arrow-alert-v1-2_psychopy_s1_r1_e1.psydat[0m
[31mError: subject number 3000028 not an allowed subject value [300000,300999],[308000,308999],[309000,309999] in file: /home/data/NDClab/datasets/thrive-dataset/sourcedata/raw/s1_r1/psychopy/sub-3000028/sub-3000028_arrow-alert-v1-2_psychopy_s1_r1_e1.log[0m
[31mError: subject number 3000028 not an allowed subject value [300000,300999],[308000,308999],[309000,309999] in file: /home/data/NDClab/datasets/thrive-dataset/sourcedata/raw/s1_r1/psychopy/sub-3000028/sub-3000028_arrow-alert-v1-2_psychopy_s1_r1_e1.csv[0m
[31mError: subject number 3000012 not an allowed subject value [300000,300999],[308000,308999],[309000,309999] in file: /home/data/NDClab/datasets/thrive-dataset/sourcedata/raw/s1_r1/psychopy/sub-3000012/sub-3000012_arrow-alert-v1-1_psychopy_s1_r1_e1.csv[0m
[31mError: subject number 3000012 not an allowed subject value [300000,300999],[308000,308999],[309000,309999] in file: /home/data/NDClab/datasets/thrive-dataset/sourcedata/raw/s1_r1/psychopy/sub-3000012/sub-3000012_arrow-alert-v1-1_psychopy_s1_r1_e1.psydat[0m
[31mError: subject number 3000012 not an allowed subject value [300000,300999],[308000,308999],[309000,309999] in file: /home/data/NDClab/datasets/thrive-dataset/sourcedata/raw/s1_r1/psychopy/sub-3000012/sub-3000012_arrow-alert-v1-1_psychopy_s1_r1_e1.log[0m
[31mError: subject number 3000015 not an allowed subject value [300000,300999],[308000,308999],[309000,309999] in file: /home/data/NDClab/datasets/thrive-dataset/sourcedata/raw/s1_r1/psychopy/sub-3000015/sub-3000015_arrow-alert-v1-1_psychopy_s1_r1_e1.psydat[0m
[31mError: subject number 3000015 not an allowed subject value [300000,300999],[308000,308999],[309000,309999] in file: /home/data/NDClab/datasets/thrive-dataset/sourcedata/raw/s1_r1/psychopy/sub-3000015/sub-3000015_arrow-alert-v1-1_psychopy_s1_r1_e1.csv[0m
[31mError: subject number 3000015 not an allowed subject value [300000,300999],[308000,308999],[309000,309999] in file: /home/data/NDClab/datasets/thrive-dataset/sourcedata/raw/s1_r1/psychopy/sub-3000015/sub-3000015_arrow-alert-v1-1_psychopy_s1_r1_e1.log[0m
[31mError: file  /home/data/NDClab/datasets/thrive-dataset/sourcedata/raw/s1_r1/psychopy/sub-3000014/sub-3000014_arrow-alert-v1-2_psychopy_s1_r1_e1_1.csv  does not match naming convention <sub-#>_<variable/task-name>_<session>.<ext>[0m
[31mError: subject number 3000014 not an allowed subject value [300000,300999],[308000,308999],[309000,309999] in file: /home/data/NDClab/datasets/thrive-dataset/sourcedata/raw/s1_r1/psychopy/sub-3000014/sub-3000014_arrow-alert-v1-2_psychopy_s1_r1_e1.log[0m
[31mError: file  /home/data/NDClab/datasets/thrive-dataset/sourcedata/raw/s1_r1/psychopy/sub-3000014/sub-3000014_arrow-alert-v1-2_psychopy_s1_r1_e1_1.psydat  does not match naming convention <sub-#>_<variable/task-name>_<session>.<ext>[0m
[31mError: subject number 3000005 not an allowed subject value [300000,300999],[308000,308999],[309000,309999] in file: /home/data/NDClab/datasets/thrive-dataset/sourcedata/raw/s1_r1/psychopy/sub-3000005/sub-3000005_arrow-alert-v1-1_psychopy_s1_r1_e1.log[0m
[31mError: subject number 3000005 not an allowed subject value [300000,300999],[308000,308999],[309000,309999] in file: /home/data/NDClab/datasets/thrive-dataset/sourcedata/raw/s1_r1/psychopy/sub-3000005/sub-3000005_arrow-alert-v1-1_psychopy_s1_r1_e1.csv[0m
[31mError: subject number 3000005 not an allowed subject value [300000,300999],[308000,308999],[309000,309999] in file: /home/data/NDClab/datasets/thrive-dataset/sourcedata/raw/s1_r1/psychopy/sub-3000005/sub-3000005_arrow-alert-v1-1_psychopy_s1_r1_e1.psydat[0m
[31mError: subject number 3000019 not an allowed subject value [300000,300999],[308000,308999],[309000,309999] in file: /home/data/NDClab/datasets/thrive-dataset/sourcedata/raw/s1_r1/psychopy/sub-3000019/sub-3000019_arrow-alert-v1-2_psychopy_s1_r1_e1.psydat[0m
[31mError: subject number 3000019 not an allowed subject value [300000,300999],[308000,308999],[309000,309999] in file: /home/data/NDClab/datasets/thrive-dataset/sourcedata/raw/s1_r1/psychopy/sub-3000019/sub-3000019_arrow-alert-v1-2_psychopy_s1_r1_e1.csv[0m
[31mError: subject number 3000019 not an allowed subject value [300000,300999],[308000,308999],[309000,309999] in file: /home/data/NDClab/datasets/thrive-dataset/sourcedata/raw/s1_r1/psychopy/sub-3000019/sub-3000019_arrow-alert-v1-2_psychopy_s1_r1_e1.log[0m
[31mError: subject number 3000004 not an allowed subject value [300000,300999],[308000,308999],[309000,309999] in file: /home/data/NDClab/datasets/thrive-dataset/sourcedata/raw/s1_r1/psychopy/sub-3000004/sub-3000004_arrow-alert-v1-1_psychopy_s1_r1_e1.log[0m
[31mError: subject number 3000004 not an allowed subject value [300000,300999],[308000,308999],[309000,309999] in file: /home/data/NDClab/datasets/thrive-dataset/sourcedata/raw/s1_r1/psychopy/sub-3000004/sub-3000004_arrow-alert-v1-1_psychopy_s1_r1_e1.csv[0m
[31mError: subject number 3000004 not an allowed subject value [300000,300999],[308000,308999],[309000,309999] in file: /home/data/NDClab/datasets/thrive-dataset/sourcedata/raw/s1_r1/psychopy/sub-3000004/sub-3000004_arrow-alert-v1-1_psychopy_s1_r1_e1.psydat[0m
[31mError: subject number 3000002 not an allowed subject value [300000,300999],[308000,308999],[309000,309999] in file: /home/data/NDClab/datasets/thrive-dataset/sourcedata/raw/s1_r1/psychopy/sub-3000002/sub-3000002_arrow-alert-v1-1_psychopy_s1_r1_e1.csv[0m
[31mError: subject number 3000002 not an allowed subject value [300000,300999],[308000,308999],[309000,309999] in file: /home/data/NDClab/datasets/thrive-dataset/sourcedata/raw/s1_r1/psychopy/sub-3000002/sub-3000002_arrow-alert-v1-1_psychopy_s1_r1_e1.psydat[0m
[31mError: subject number 3000002 not an allowed subject value [300000,300999],[308000,308999],[309000,309999] in file: /home/data/NDClab/datasets/thrive-dataset/sourcedata/raw/s1_r1/psychopy/sub-3000002/sub-3000002_arrow-alert-v1-1_psychopy_s1_r1_e1.log[0m
[31mError: subject number 3000003 not an allowed subject value [300000,300999],[308000,308999],[309000,309999] in file: /home/data/NDClab/datasets/thrive-dataset/sourcedata/raw/s1_r1/psychopy/sub-3000003/sub-3000003_arrow-alert-v1-1_psychopy_s1_r1_e1.csv[0m
[31mError: subject number 3000003 not an allowed subject value [300000,300999],[308000,308999],[309000,309999] in file: /home/data/NDClab/datasets/thrive-dataset/sourcedata/raw/s1_r1/psychopy/sub-3000003/sub-3000003_arrow-alert-v1-1_psychopy_s1_r1_e1.log[0m
[31mError: subject number 3000003 not an allowed subject value [300000,300999],[308000,308999],[309000,309999] in file: /home/data/NDClab/datasets/thrive-dataset/sourcedata/raw/s1_r1/psychopy/sub-3000003/sub-3000003_arrow-alert-v1-1_psychopy_s1_r1_e1.psydat[0m
[31mError: subject number 3000021 not an allowed subject value [300000,300999],[308000,308999],[309000,309999] in file: /home/data/NDClab/datasets/thrive-dataset/sourcedata/raw/s1_r1/psychopy/sub-3000021/sub-3000021_arrow-alert-v1-1_psychopy_s1_r1_e1.log[0m
[31mError: subject number 3000021 not an allowed subject value [300000,300999],[308000,308999],[309000,309999] in file: /home/data/NDClab/datasets/thrive-dataset/sourcedata/raw/s1_r1/psychopy/sub-3000021/sub-3000021_arrow-alert-v1-1_psychopy_s1_r1_e1.psydat[0m
[31mError: subject number 3000021 not an allowed subject value [300000,300999],[308000,308999],[309000,309999] in file: /home/data/NDClab/datasets/thrive-dataset/sourcedata/raw/s1_r1/psychopy/sub-3000021/sub-3000021_arrow-alert-v1-1_psychopy_s1_r1_e1.csv[0m
[31mError: subject number 3000013 not an allowed subject value [300000,300999],[308000,308999],[309000,309999] in file: /home/data/NDClab/datasets/thrive-dataset/sourcedata/raw/s1_r1/psychopy/sub-3000013/sub-3000013_arrow-alert-v1-2_psychopy_s1_r1_e1.psydat[0m
[31mError: subject number 3000013 not an allowed subject value [300000,300999],[308000,308999],[309000,309999] in file: /home/data/NDClab/datasets/thrive-dataset/sourcedata/raw/s1_r1/psychopy/sub-3000013/sub-3000013_arrow-alert-v1-2_psychopy_s1_r1_e1.csv[0m
[31mError: subject number 3000013 not an allowed subject value [300000,300999],[308000,308999],[309000,309999] in file: /home/data/NDClab/datasets/thrive-dataset/sourcedata/raw/s1_r1/psychopy/sub-3000013/sub-3000013_arrow-alert-v1-2_psychopy_s1_r1_e1.log[0m
[31mError: subject number 3000023 not an allowed subject value [300000,300999],[308000,308999],[309000,309999] in file: /home/data/NDClab/datasets/thrive-dataset/sourcedata/raw/s1_r1/psychopy/sub-3000023/sub-3000023_arrow-alert-v1-2_psychopy_s1_r1_e1.csv[0m
[31mError: subject number 3000023 not an allowed subject value [300000,300999],[308000,308999],[309000,309999] in file: /home/data/NDClab/datasets/thrive-dataset/sourcedata/raw/s1_r1/psychopy/sub-3000023/sub-3000023_arrow-alert-v1-2_psychopy_s1_r1_e1.log[0m
[31mError: subject number 3000023 not an allowed subject value [300000,300999],[308000,308999],[309000,309999] in file: /home/data/NDClab/datasets/thrive-dataset/sourcedata/raw/s1_r1/psychopy/sub-3000023/sub-3000023_arrow-alert-v1-2_psychopy_s1_r1_e1.psydat[0m
[31mError: subject number 3000006 not an allowed subject value [300000,300999],[308000,308999],[309000,309999] in file: /home/data/NDClab/datasets/thrive-dataset/sourcedata/raw/s1_r1/psychopy/sub-3000006/sub-3000006_arrow-alert-v1-1_psychopy_s1_r1_e1.log[0m
[31mError: subject number 3000006 not an allowed subject value [300000,300999],[308000,308999],[309000,309999] in file: /home/data/NDClab/datasets/thrive-dataset/sourcedata/raw/s1_r1/psychopy/sub-3000006/sub-3000006_arrow-alert-v1-1_psychopy_s1_r1_e1.psydat[0m
[31mError: subject number 3000006 not an allowed subject value [300000,300999],[308000,308999],[309000,309999] in file: /home/data/NDClab/datasets/thrive-dataset/sourcedata/raw/s1_r1/psychopy/sub-3000006/sub-3000006_arrow-alert-v1-1_psychopy_s1_r1_e1.csv[0m
[31mError: subject number 3000001 not an allowed subject value [300000,300999],[308000,308999],[309000,309999] in file: /home/data/NDClab/datasets/thrive-dataset/sourcedata/raw/s1_r1/psychopy/sub-3000001/sub-3000001_arrow-alert-v1-1_psychopy_s1_r1_e1.psydat[0m
[31mError: subject number 3000001 not an allowed subject value [300000,300999],[308000,308999],[309000,309999] in file: /home/data/NDClab/datasets/thrive-dataset/sourcedata/raw/s1_r1/psychopy/sub-3000001/sub-3000001_arrow-alert-v1-1_psychopy_s1_r1_e1.log[0m
[31mError: subject number 3000001 not an allowed subject value [300000,300999],[308000,308999],[309000,309999] in file: /home/data/NDClab/datasets/thrive-dataset/sourcedata/raw/s1_r1/psychopy/sub-3000001/sub-3000001_arrow-alert-v1-1_psychopy_s1_r1_e1.csv[0m
[31mError: subject number 3000026 not an allowed subject value [300000,300999],[308000,308999],[309000,309999] in file: /home/data/NDClab/datasets/thrive-dataset/sourcedata/raw/s1_r1/psychopy/sub-3000026/sub-3000026_timestamp-v1-1_s1_r1_e1.csv[0m
[31mError: variable name timestamp-v1-1 does not match any datadict variables, in file: /home/data/NDClab/datasets/thrive-dataset/sourcedata/raw/s1_r1/psychopy/sub-3000026/sub-3000026_timestamp-v1-1_s1_r1_e1.csv[0m
[31mError: subject number 3000026 not an allowed subject value [300000,300999],[308000,308999],[309000,309999] in file: /home/data/NDClab/datasets/thrive-dataset/sourcedata/raw/s1_r1/psychopy/sub-3000026/sub-3000026_timestamp-v1-1_s1_r1_e1.log[0m
[31mError: variable name timestamp-v1-1 does not match any datadict variables, in file: /home/data/NDClab/datasets/thrive-dataset/sourcedata/raw/s1_r1/psychopy/sub-3000026/sub-3000026_timestamp-v1-1_s1_r1_e1.log[0m
[31mError: subject number 3000026 not an allowed subject value [300000,300999],[308000,308999],[309000,309999] in file: /home/data/NDClab/datasets/thrive-dataset/sourcedata/raw/s1_r1/psychopy/sub-3000026/sub-3000026_timestamp-v1-1_s1_r1_e1.psydat[0m
[31mError: variable name timestamp-v1-1 does not match any datadict variables, in file: /home/data/NDClab/datasets/thrive-dataset/sourcedata/raw/s1_r1/psychopy/sub-3000026/sub-3000026_timestamp-v1-1_s1_r1_e1.psydat[0m
[31mError: subject number 3000022 not an allowed subject value [300000,300999],[308000,308999],[309000,309999] in file: /home/data/NDClab/datasets/thrive-dataset/sourcedata/raw/s1_r1/psychopy/sub-3000022/sub-3000022_arrow-alert-v1-2_psychopy_s1_r1_e1.csv[0m
[31mError: subject number 3000022 not an allowed subject value [300000,300999],[308000,308999],[309000,309999] in file: /home/data/NDClab/datasets/thrive-dataset/sourcedata/raw/s1_r1/psychopy/sub-3000022/sub-3000022_arrow-alert-v1-2_psychopy_s1_r1_e1.log[0m
[31mError: subject number 3000022 not an allowed subject value [300000,300999],[308000,308999],[309000,309999] in file: /home/data/NDClab/datasets/thrive-dataset/sourcedata/raw/s1_r1/psychopy/sub-3000022/sub-3000022_arrow-alert-v1-2_psychopy_s1_r1_e1.psydat[0m
[31mError: subject number 3000033 not an allowed subject value [300000,300999],[308000,308999],[309000,309999] in file: /home/data/NDClab/datasets/thrive-dataset/sourcedata/raw/s1_r1/psychopy/sub-3000033/sub-3000033_arrow-alert-v1-2_psychopy_s1_r1_e1.psydat[0m
[31mError: subject number 3000033 not an allowed subject value [300000,300999],[308000,308999],[309000,309999] in file: /home/data/NDClab/datasets/thrive-dataset/sourcedata/raw/s1_r1/psychopy/sub-3000033/sub-3000033_arrow-alert-v1-2_psychopy_s1_r1_e1.csv[0m
[31mError: subject number 3000033 not an allowed subject value [300000,300999],[308000,308999],[309000,309999] in file: /home/data/NDClab/datasets/thrive-dataset/sourcedata/raw/s1_r1/psychopy/sub-3000033/sub-3000033_arrow-alert-v1-2_psychopy_s1_r1_e1.log[0m
[31mError: file  /home/data/NDClab/datasets/thrive-dataset/sourcedata/raw/s1_r1/psychopy/sub-3000020/sub-3000020 _timestamp-v1-1_s1_r1_e1.log  does not match naming convention <sub-#>_<variable/task-name>_<session>.<ext>[0m
[31mError: file  /home/data/NDClab/datasets/thrive-dataset/sourcedata/raw/s1_r1/psychopy/sub-3000020/sub-3000020 _timestamp-v1-1_s1_r1_e1.psydat  does not match naming convention <sub-#>_<variable/task-name>_<session>.<ext>[0m
[31mError: file  /home/data/NDClab/datasets/thrive-dataset/sourcedata/raw/s1_r1/psychopy/sub-3000020/sub-3000020 _timestamp-v1-1_s1_r1_e1.csv  does not match naming convention <sub-#>_<variable/task-name>_<session>.<ext>[0m
[31mError: number of psychopy data files in subject folder sub-3000008 5 greater than the expected number 3[0m
[31mError: subject number 3000008 not an allowed subject value [300000,300999],[308000,308999],[309000,309999] in file: /home/data/NDClab/datasets/thrive-dataset/sourcedata/raw/s1_r1/psychopy/sub-3000008/sub-3000008_arrow-alert-v1-1_psychopy_s1_r1_e1.psydat[0m
[31mError: file  /home/data/NDClab/datasets/thrive-dataset/sourcedata/raw/s1_r1/psychopy/sub-3000008/extra-psychopy-present  does not match naming convention <sub-#>_<variable/task-name>_<session>.<ext>[0m
[31mError: file  /home/data/NDClab/datasets/thrive-dataset/sourcedata/raw/s1_r1/psychopy/sub-3000008/sub-3000008_arrow-alert-v1-1_psychopy_s1_r1_e1_2.csv  does not match naming convention <sub-#>_<variable/task-name>_<session>.<ext>[0m
[31mError: file  /home/data/NDClab/datasets/thrive-dataset/sourcedata/raw/s1_r1/psychopy/sub-3000008/sub-3000008_arrow-alert-v1-1_psychopy_s1_r1_e1_practice-only.csv  does not match naming convention <sub-#>_<variable/task-name>_<session>.<ext>[0m
[31mError: subject number 3000008 not an allowed subject value [300000,300999],[308000,308999],[309000,309999] in file: /home/data/NDClab/datasets/thrive-dataset/sourcedata/raw/s1_r1/psychopy/sub-3000008/sub-3000008_arrow-alert-v1-1_psychopy_s1_r1_e1.log[0m
[31mError: subject number 3000011 not an allowed subject value [300000,300999],[308000,308999],[309000,309999] in file: /home/data/NDClab/datasets/thrive-dataset/sourcedata/raw/s1_r1/psychopy/sub-3000011/sub-3000011_arrow-alert-v1-1_psychopy_s1_r1_e1.log[0m
[31mError: subject number 3000011 not an allowed subject value [300000,300999],[308000,308999],[309000,309999] in file: /home/data/NDClab/datasets/thrive-dataset/sourcedata/raw/s1_r1/psychopy/sub-3000011/sub-3000011_arrow-alert-v1-1_psychopy_s1_r1_e1.psydat[0m
[31mError: subject number 3000011 not an allowed subject value [300000,300999],[308000,308999],[309000,309999] in file: /home/data/NDClab/datasets/thrive-dataset/sourcedata/raw/s1_r1/psychopy/sub-3000011/sub-3000011_arrow-alert-v1-1_psychopy_s1_r1_e1.csv[0m
[31mError: subject number 3000010 not an allowed subject value [300000,300999],[308000,308999],[309000,309999] in file: /home/data/NDClab/datasets/thrive-dataset/sourcedata/raw/s1_r1/audacity/sub-3000010/sub-3000010_all_audacity_s1_r1_e1.zip.gpg[0m
[31mError: subject number 3000028 not an allowed subject value [300000,300999],[308000,308999],[309000,309999] in file: /home/data/NDClab/datasets/thrive-dataset/sourcedata/raw/s1_r1/audacity/sub-3000028/sub-3000028_all_audacity_s1_r1_e1.zip.gpg[0m
[31mError: subject number 3000012 not an allowed subject value [300000,300999],[308000,308999],[309000,309999] in file: /home/data/NDClab/datasets/thrive-dataset/sourcedata/raw/s1_r1/audacity/sub-3000012/sub-3000012_all_audacity_s1_r1_e1.zip.gpg[0m
[31mError: subject number 3000015 not an allowed subject value [300000,300999],[308000,308999],[309000,309999] in file: /home/data/NDClab/datasets/thrive-dataset/sourcedata/raw/s1_r1/audacity/sub-3000015/sub-3000015_all_audacity_s1_r1_e1.zip.gpg[0m
[31mError: subject number 3000014 not an allowed subject value [300000,300999],[308000,308999],[309000,309999] in file: /home/data/NDClab/datasets/thrive-dataset/sourcedata/raw/s1_r1/audacity/sub-3000014/sub-3000014_all_audacity_s1_r1_e1.zip.gpg[0m
[31mError: subject number 3000005 not an allowed subject value [300000,300999],[308000,308999],[309000,309999] in file: /home/data/NDClab/datasets/thrive-dataset/sourcedata/raw/s1_r1/audacity/sub-3000005/sub-3000005_all_audacity_s1_r1_e1.zip.gpg[0m
[31mError: subject number 3000019 not an allowed subject value [300000,300999],[308000,308999],[309000,309999] in file: /home/data/NDClab/datasets/thrive-dataset/sourcedata/raw/s1_r1/audacity/sub-3000019/sub-3000019_all_audacity_s1_r1_e1.zip.gpg[0m
[31mError: subject number 3000004 not an allowed subject value [300000,300999],[308000,308999],[309000,309999] in file: /home/data/NDClab/datasets/thrive-dataset/sourcedata/raw/s1_r1/audacity/sub-3000004/sub-3000004_all_audacity_s1_r1_e1.zip.gpg[0m
[31mError: subject number 3000002 not an allowed subject value [300000,300999],[308000,308999],[309000,309999] in file: /home/data/NDClab/datasets/thrive-dataset/sourcedata/raw/s1_r1/audacity/sub-3000002/sub-3000002_all_audacity_s1_r1_e1.zip.gpg[0m
[31mError: subject number 3000003 not an allowed subject value [300000,300999],[308000,308999],[309000,309999] in file: /home/data/NDClab/datasets/thrive-dataset/sourcedata/raw/s1_r1/audacity/sub-3000003/sub-3000003_all_audacity_s1_r1_e1.zip.gpg[0m
[31mError: subject number 3000021 not an allowed subject value [300000,300999],[308000,308999],[309000,309999] in file: /home/data/NDClab/datasets/thrive-dataset/sourcedata/raw/s1_r1/audacity/sub-3000021/sub-3000021_all_audacity_s1_r1_e1.zip.gpg[0m
[31mError: file  /home/data/NDClab/datasets/thrive-dataset/sourcedata/raw/s1_r1/audacity/sub-3000013/sub-3000013_all_audacity_s1_r1.zip.gpg  does not match naming convention <sub-#>_<variable/task-name>_<session>.<ext>[0m
[31mError: file  /home/data/NDClab/datasets/thrive-dataset/sourcedata/raw/s1_r1/audacity/sub-3000023/sub-3000023_all_audacity_s1_r1.zip.gpg  does not match naming convention <sub-#>_<variable/task-name>_<session>.<ext>[0m
[31mError: subject number 3000006 not an allowed subject value [300000,300999],[308000,308999],[309000,309999] in file: /home/data/NDClab/datasets/thrive-dataset/sourcedata/raw/s1_r1/audacity/sub-3000006/sub-3000006_all_audacity_s1_r1_e1.zip.gpg[0m
[31mError: subject number 3000001 not an allowed subject value [300000,300999],[308000,308999],[309000,309999] in file: /home/data/NDClab/datasets/thrive-dataset/sourcedata/raw/s1_r1/audacity/sub-3000001/sub-3000001_all_audacity_s1_r1_e1.zip.gpg[0m
[31mError: subject number 3000026 not an allowed subject value [300000,300999],[308000,308999],[309000,309999] in file: /home/data/NDClab/datasets/thrive-dataset/sourcedata/raw/s1_r1/audacity/sub-3000026/sub-3000026_all_audacity_s1_r1_e1.zip.gpg[0m
[31mError: subject number 3000022 not an allowed subject value [300000,300999],[308000,308999],[309000,309999] in file: /home/data/NDClab/datasets/thrive-dataset/sourcedata/raw/s1_r1/audacity/sub-3000022/sub-3000022_all_audacity_s1_r1_e1.zip.gpg[0m
[31mError: subject number 3000020 not an allowed subject value [300000,300999],[308000,308999],[309000,309999] in file: /home/data/NDClab/datasets/thrive-dataset/sourcedata/raw/s1_r1/audacity/sub-3000020/sub-3000020_all_audacity_s1_r1_e1.zip.gpg[0m
[31mError: subject number 3000008 not an allowed subject value [300000,300999],[308000,308999],[309000,309999] in file: /home/data/NDClab/datasets/thrive-dataset/sourcedata/raw/s1_r1/audacity/sub-3000008/sub-3000008_all_audacity_s1_r1_e1.zip.gpg[0m
[31mError: subject number 3000011 not an allowed subject value [300000,300999],[308000,308999],[309000,309999] in file: /home/data/NDClab/datasets/thrive-dataset/sourcedata/raw/s1_r1/audacity/sub-3000011/sub-3000011_all_audacity_s1_r1_e1.zip.gpg[0m
[31mError: subject number 3000010 not an allowed subject value [300000,300999],[308000,308999],[309000,309999] in file: /home/data/NDClab/datasets/thrive-dataset/sourcedata/raw/s1_r1/zoom/sub-3000010/sub-3000010_all_zoom_s1_r1_e1.zip.gpg[0m
[31mError: subject number 3000028 not an allowed subject value [300000,300999],[308000,308999],[309000,309999] in file: /home/data/NDClab/datasets/thrive-dataset/sourcedata/raw/s1_r1/zoom/sub-3000028/sub-3000028_all_zoom_s1_r1_e1.zip.gpg[0m
[31mError: subject number 3000012 not an allowed subject value [300000,300999],[308000,308999],[309000,309999] in file: /home/data/NDClab/datasets/thrive-dataset/sourcedata/raw/s1_r1/zoom/sub-3000012/sub-3000012_all_zoom_s1_r1_e1.zip.gpg[0m
[31mError: subject number 3000015 not an allowed subject value [300000,300999],[308000,308999],[309000,309999] in file: /home/data/NDClab/datasets/thrive-dataset/sourcedata/raw/s1_r1/zoom/sub-3000015/sub-3000015_all_zoom_s1_r1_e1.zip.gpg[0m
[31mError: subject number 3000014 not an allowed subject value [300000,300999],[308000,308999],[309000,309999] in file: /home/data/NDClab/datasets/thrive-dataset/sourcedata/raw/s1_r1/zoom/sub-3000014/sub-3000014_all_zoom_s1_r1_e1.zip.gpg[0m
[31mError: subject number 3000005 not an allowed subject value [300000,300999],[308000,308999],[309000,309999] in file: /home/data/NDClab/datasets/thrive-dataset/sourcedata/raw/s1_r1/zoom/sub-3000005/sub-3000005_all_zoom_s1_r1_e1.zip.gpg[0m
[31mError: subject number 3000019 not an allowed subject value [300000,300999],[308000,308999],[309000,309999] in file: /home/data/NDClab/datasets/thrive-dataset/sourcedata/raw/s1_r1/zoom/sub-3000019/sub-3000019_all_zoom_s1_r1_e1.zip.gpg[0m
[31mError: subject number 3000004 not an allowed subject value [300000,300999],[308000,308999],[309000,309999] in file: /home/data/NDClab/datasets/thrive-dataset/sourcedata/raw/s1_r1/zoom/sub-3000004/sub-3000004_all_zoom_s1_r1_e1.zip.gpg[0m
[31mError: subject number 3000002 not an allowed subject value [300000,300999],[308000,308999],[309000,309999] in file: /home/data/NDClab/datasets/thrive-dataset/sourcedata/raw/s1_r1/zoom/sub-3000002/sub-3000002_all_zoom_s1_r1_e1.zip.gpg[0m
[31mError: subject number 3000003 not an allowed subject value [300000,300999],[308000,308999],[309000,309999] in file: /home/data/NDClab/datasets/thrive-dataset/sourcedata/raw/s1_r1/zoom/sub-3000003/sub-3000003_all_zoom_s1_r1_e1.zip.gpg[0m
[31mError: subject number 3000021 not an allowed subject value [300000,300999],[308000,308999],[309000,309999] in file: /home/data/NDClab/datasets/thrive-dataset/sourcedata/raw/s1_r1/zoom/sub-3000021/sub-3000021_all_zoom_s1_r1_e1.zip.gpg[0m
[31mError: subject number 3000013 not an allowed subject value [300000,300999],[308000,308999],[309000,309999] in file: /home/data/NDClab/datasets/thrive-dataset/sourcedata/raw/s1_r1/zoom/sub-3000013/sub-3000013_all_zoom_s1_r1_e1.zip.gpg[0m
[31mError: subject number 3000023 not an allowed subject value [300000,300999],[308000,308999],[309000,309999] in file: /home/data/NDClab/datasets/thrive-dataset/sourcedata/raw/s1_r1/zoom/sub-3000023/sub-3000023_all_zoom_s1_r1_e1.zip.gpg[0m
[31mError: subject number 3000006 not an allowed subject value [300000,300999],[308000,308999],[309000,309999] in file: /home/data/NDClab/datasets/thrive-dataset/sourcedata/raw/s1_r1/zoom/sub-3000006/sub-3000006_all_zoom_s1_r1_e1.zip.gpg[0m
[31mError: subject number 3000001 not an allowed subject value [300000,300999],[308000,308999],[309000,309999] in file: /home/data/NDClab/datasets/thrive-dataset/sourcedata/raw/s1_r1/zoom/sub-3000001/sub-3000001_all_zoom_s1_r1_e1.zip.gpg[0m
[31mError: subject number 3000026 not an allowed subject value [300000,300999],[308000,308999],[309000,309999] in file: /home/data/NDClab/datasets/thrive-dataset/sourcedata/raw/s1_r1/zoom/sub-3000026/sub-3000026_all_zoom_s1_r1_e1.zip.gpg[0m
[31mError: subject number 3000022 not an allowed subject value [300000,300999],[308000,308999],[309000,309999] in file: /home/data/NDClab/datasets/thrive-dataset/sourcedata/raw/s1_r1/zoom/sub-3000022/sub-3000022_all_zoom_s1_r1_e1.zip.gpg[0m
[31mError: subject number 3000033 not an allowed subject value [300000,300999],[308000,308999],[309000,309999] in file: /home/data/NDClab/datasets/thrive-dataset/sourcedata/raw/s1_r1/zoom/sub-3000033/sub-3000033_all_zoom_s1_r1_e1.zip.gpg[0m
[31mError: subject number 3000020 not an allowed subject value [300000,300999],[308000,308999],[309000,309999] in file: /home/data/NDClab/datasets/thrive-dataset/sourcedata/raw/s1_r1/zoom/sub-3000020/sub-3000020_all_zoom_s1_r1_e1.zip.gpg[0m
[31mError: subject number 3000008 not an allowed subject value [300000,300999],[308000,308999],[309000,309999] in file: /home/data/NDClab/datasets/thrive-dataset/sourcedata/raw/s1_r1/zoom/sub-3000008/sub-3000008_all_zoom_s1_r1_e1.zip.gpg[0m
[31mError: subject number 3000011 not an allowed subject value [300000,300999],[308000,308999],[309000,309999] in file: /home/data/NDClab/datasets/thrive-dataset/sourcedata/raw/s1_r1/zoom/sub-3000011/sub-3000011_all_zoom_s1_r1_e1.zip.gpg[0m
[31mError: subject number 3000010 not an allowed subject value [300000,300999],[308000,308999],[309000,309999] in file: /home/data/NDClab/datasets/thrive-dataset/sourcedata/raw/s1_r1/eeg/sub-3000010/sub-3000010_all_eeg_s1_r1_e1.eeg[0m
[31mError: subject number 3000010 not an allowed subject value [300000,300999],[308000,308999],[309000,309999] in file: /home/data/NDClab/datasets/thrive-dataset/sourcedata/raw/s1_r1/eeg/sub-3000010/sub-3000010_all_eeg_s1_r1_e1.vmrk[0m
[31mError: subject number 3000010 not an allowed subject value [300000,300999],[308000,308999],[309000,309999] in file: /home/data/NDClab/datasets/thrive-dataset/sourcedata/raw/s1_r1/eeg/sub-3000010/sub-3000010_all_eeg_s1_r1_e1.vhdr[0m
[31mError: subject number 3000028 not an allowed subject value [300000,300999],[308000,308999],[309000,309999] in file: /home/data/NDClab/datasets/thrive-dataset/sourcedata/raw/s1_r1/eeg/sub-3000028/sub-3000028_all_eeg_s1_r1_e1.vhdr[0m
[31mError: subject number 3000028 not an allowed subject value [300000,300999],[308000,308999],[309000,309999] in file: /home/data/NDClab/datasets/thrive-dataset/sourcedata/raw/s1_r1/eeg/sub-3000028/sub-3000028_all_eeg_s1_r1_e1.eeg[0m
[31mError: subject number 3000028 not an allowed subject value [300000,300999],[308000,308999],[309000,309999] in file: /home/data/NDClab/datasets/thrive-dataset/sourcedata/raw/s1_r1/eeg/sub-3000028/sub-3000028_all_eeg_s1_r1_e1.vmrk[0m
[31mError: subject number 3000012 not an allowed subject value [300000,300999],[308000,308999],[309000,309999] in file: /home/data/NDClab/datasets/thrive-dataset/sourcedata/raw/s1_r1/eeg/sub-3000012/sub-3000012_all_eeg_s1_r1_e1.vhdr[0m
[31mError: subject number 3000012 not an allowed subject value [300000,300999],[308000,308999],[309000,309999] in file: /home/data/NDClab/datasets/thrive-dataset/sourcedata/raw/s1_r1/eeg/sub-3000012/sub-3000012_all_eeg_s1_r1_e1.eeg[0m
[31mError: subject number 3000012 not an allowed subject value [300000,300999],[308000,308999],[309000,309999] in file: /home/data/NDClab/datasets/thrive-dataset/sourcedata/raw/s1_r1/eeg/sub-3000012/sub-3000012_all_eeg_s1_r1_e1.vmrk[0m
[31mError: subject number 3000015 not an allowed subject value [300000,300999],[308000,308999],[309000,309999] in file: /home/data/NDClab/datasets/thrive-dataset/sourcedata/raw/s1_r1/eeg/sub-3000015/sub-3000015_all_eeg_s1_r1_e1.eeg[0m
[31mError: subject number 3000015 not an allowed subject value [300000,300999],[308000,308999],[309000,309999] in file: /home/data/NDClab/datasets/thrive-dataset/sourcedata/raw/s1_r1/eeg/sub-3000015/sub-3000015_all_eeg_s1_r1_e1.vmrk[0m
[31mError: subject number 3000015 not an allowed subject value [300000,300999],[308000,308999],[309000,309999] in file: /home/data/NDClab/datasets/thrive-dataset/sourcedata/raw/s1_r1/eeg/sub-3000015/sub-3000015_all_eeg_s1_r1_e1.vhdr[0m
[31mError: subject number 3000014 not an allowed subject value [300000,300999],[308000,308999],[309000,309999] in file: /home/data/NDClab/datasets/thrive-dataset/sourcedata/raw/s1_r1/eeg/sub-3000014/sub-3000014_all_eeg_s1_r1_e1.vhdr[0m
[31mError: subject number 3000014 not an allowed subject value [300000,300999],[308000,308999],[309000,309999] in file: /home/data/NDClab/datasets/thrive-dataset/sourcedata/raw/s1_r1/eeg/sub-3000014/sub-3000014_all_eeg_s1_r1_e1.eeg[0m
[31mError: subject number 3000014 not an allowed subject value [300000,300999],[308000,308999],[309000,309999] in file: /home/data/NDClab/datasets/thrive-dataset/sourcedata/raw/s1_r1/eeg/sub-3000014/sub-3000014_all_eeg_s1_r1_e1.vmrk[0m
[31mError: subject number 3000005 not an allowed subject value [300000,300999],[308000,308999],[309000,309999] in file: /home/data/NDClab/datasets/thrive-dataset/sourcedata/raw/s1_r1/eeg/sub-3000005/sub-3000005_all_eeg_s1_r1_e1.vmrk[0m
[31mError: subject number 3000005 not an allowed subject value [300000,300999],[308000,308999],[309000,309999] in file: /home/data/NDClab/datasets/thrive-dataset/sourcedata/raw/s1_r1/eeg/sub-3000005/sub-3000005_all_eeg_s1_r1_e1.vhdr[0m
[31mError: subject number 3000005 not an allowed subject value [300000,300999],[308000,308999],[309000,309999] in file: /home/data/NDClab/datasets/thrive-dataset/sourcedata/raw/s1_r1/eeg/sub-3000005/sub-3000005_all_eeg_s1_r1_e1.eeg[0m
[31mError: subject number 3000019 not an allowed subject value [300000,300999],[308000,308999],[309000,309999] in file: /home/data/NDClab/datasets/thrive-dataset/sourcedata/raw/s1_r1/eeg/sub-3000019/sub-3000019_all_eeg_s1_r1_e1.eeg[0m
[31mError: subject number 3000019 not an allowed subject value [300000,300999],[308000,308999],[309000,309999] in file: /home/data/NDClab/datasets/thrive-dataset/sourcedata/raw/s1_r1/eeg/sub-3000019/sub-3000019_all_eeg_s1_r1_e1.vmrk[0m
[31mError: subject number 3000019 not an allowed subject value [300000,300999],[308000,308999],[309000,309999] in file: /home/data/NDClab/datasets/thrive-dataset/sourcedata/raw/s1_r1/eeg/sub-3000019/sub-3000019_all_eeg_s1_r1_e1.vhdr[0m
[31mError: subject number 3000004 not an allowed subject value [300000,300999],[308000,308999],[309000,309999] in file: /home/data/NDClab/datasets/thrive-dataset/sourcedata/raw/s1_r1/eeg/sub-3000004/sub-3000004_all_eeg_s1_r1_e1.vmrk[0m
[31mError: subject number 3000004 not an allowed subject value [300000,300999],[308000,308999],[309000,309999] in file: /home/data/NDClab/datasets/thrive-dataset/sourcedata/raw/s1_r1/eeg/sub-3000004/sub-3000004_all_eeg_s1_r1_e1.eeg[0m
[31mError: subject number 3000004 not an allowed subject value [300000,300999],[308000,308999],[309000,309999] in file: /home/data/NDClab/datasets/thrive-dataset/sourcedata/raw/s1_r1/eeg/sub-3000004/sub-3000004_all_eeg_s1_r1_e1.vhdr[0m
[31mError: subject number 3000002 not an allowed subject value [300000,300999],[308000,308999],[309000,309999] in file: /home/data/NDClab/datasets/thrive-dataset/sourcedata/raw/s1_r1/eeg/sub-3000002/sub-3000002_all_eeg_s1_r1_e1.eeg[0m
[31mError: subject number 3000002 not an allowed subject value [300000,300999],[308000,308999],[309000,309999] in file: /home/data/NDClab/datasets/thrive-dataset/sourcedata/raw/s1_r1/eeg/sub-3000002/sub-3000002_all_eeg_s1_r1_e1.vhdr[0m
[31mError: subject number 3000002 not an allowed subject value [300000,300999],[308000,308999],[309000,309999] in file: /home/data/NDClab/datasets/thrive-dataset/sourcedata/raw/s1_r1/eeg/sub-3000002/sub-3000002_all_eeg_s1_r1_e1.vmrk[0m
[31mError: subject number 3000003 not an allowed subject value [300000,300999],[308000,308999],[309000,309999] in file: /home/data/NDClab/datasets/thrive-dataset/sourcedata/raw/s1_r1/eeg/sub-3000003/sub-3000003_all_eeg_s1_r1_e1.eeg[0m
[31mError: subject number 3000003 not an allowed subject value [300000,300999],[308000,308999],[309000,309999] in file: /home/data/NDClab/datasets/thrive-dataset/sourcedata/raw/s1_r1/eeg/sub-3000003/sub-3000003_all_eeg_s1_r1_e1.vmrk[0m
[31mError: subject number 3000003 not an allowed subject value [300000,300999],[308000,308999],[309000,309999] in file: /home/data/NDClab/datasets/thrive-dataset/sourcedata/raw/s1_r1/eeg/sub-3000003/sub-3000003_all_eeg_s1_r1_e1.vhdr[0m
[31mError: subject number 3000021 not an allowed subject value [300000,300999],[308000,308999],[309000,309999] in file: /home/data/NDClab/datasets/thrive-dataset/sourcedata/raw/s1_r1/eeg/sub-3000021/sub-3000021_all_eeg_s1_r1_e1.eeg[0m
[31mError: subject number 3000021 not an allowed subject value [300000,300999],[308000,308999],[309000,309999] in file: /home/data/NDClab/datasets/thrive-dataset/sourcedata/raw/s1_r1/eeg/sub-3000021/sub-3000021_all_eeg_s1_r1_e1.vmrk[0m
[31mError: subject number 3000021 not an allowed subject value [300000,300999],[308000,308999],[309000,309999] in file: /home/data/NDClab/datasets/thrive-dataset/sourcedata/raw/s1_r1/eeg/sub-3000021/sub-3000021_all_eeg_s1_r1_e1.vhdr[0m
[31mError: number of eeg data files in subject folder sub-3000013 6 greater than the expected number 3[0m
[31mError: subject number 3000013 not an allowed subject value [300000,300999],[308000,308999],[309000,309999] in file: /home/data/NDClab/datasets/thrive-dataset/sourcedata/raw/s1_r1/eeg/sub-3000013/sub-3000013_speech_eeg_s1_r1_e1.vmrk[0m
[31mError: variable name speech_eeg does not match any datadict variables, in file: /home/data/NDClab/datasets/thrive-dataset/sourcedata/raw/s1_r1/eeg/sub-3000013/sub-3000013_speech_eeg_s1_r1_e1.vmrk[0m
[31mError: subject number 3000013 not an allowed subject value [300000,300999],[308000,308999],[309000,309999] in file: /home/data/NDClab/datasets/thrive-dataset/sourcedata/raw/s1_r1/eeg/sub-3000013/sub-3000013_all_eeg_s1_r1_e1.vhdr[0m
[31mError: subject number 3000013 not an allowed subject value [300000,300999],[308000,308999],[309000,309999] in file: /home/data/NDClab/datasets/thrive-dataset/sourcedata/raw/s1_r1/eeg/sub-3000013/sub-3000013_speech_eeg_s1_r1_e1.vhdr[0m
[31mError: variable name speech_eeg does not match any datadict variables, in file: /home/data/NDClab/datasets/thrive-dataset/sourcedata/raw/s1_r1/eeg/sub-3000013/sub-3000013_speech_eeg_s1_r1_e1.vhdr[0m
[31mError: subject number 3000013 not an allowed subject value [300000,300999],[308000,308999],[309000,309999] in file: /home/data/NDClab/datasets/thrive-dataset/sourcedata/raw/s1_r1/eeg/sub-3000013/sub-3000013_speech_eeg_s1_r1_e1.eeg[0m
[31mError: variable name speech_eeg does not match any datadict variables, in file: /home/data/NDClab/datasets/thrive-dataset/sourcedata/raw/s1_r1/eeg/sub-3000013/sub-3000013_speech_eeg_s1_r1_e1.eeg[0m
[31mError: subject number 3000013 not an allowed subject value [300000,300999],[308000,308999],[309000,309999] in file: /home/data/NDClab/datasets/thrive-dataset/sourcedata/raw/s1_r1/eeg/sub-3000013/sub-3000013_all_eeg_s1_r1_e1.vmrk[0m
[31mError: subject number 3000013 not an allowed subject value [300000,300999],[308000,308999],[309000,309999] in file: /home/data/NDClab/datasets/thrive-dataset/sourcedata/raw/s1_r1/eeg/sub-3000013/sub-3000013_all_eeg_s1_r1_e1.eeg[0m
[31mError: subject number 3000023 not an allowed subject value [300000,300999],[308000,308999],[309000,309999] in file: /home/data/NDClab/datasets/thrive-dataset/sourcedata/raw/s1_r1/eeg/sub-3000023/sub-3000023_all_eeg_s1_r1_e1.eeg[0m
[31mError: subject number 3000023 not an allowed subject value [300000,300999],[308000,308999],[309000,309999] in file: /home/data/NDClab/datasets/thrive-dataset/sourcedata/raw/s1_r1/eeg/sub-3000023/sub-3000023_all_eeg_s1_r1_e1.vmrk[0m
[31mError: subject number 3000023 not an allowed subject value [300000,300999],[308000,308999],[309000,309999] in file: /home/data/NDClab/datasets/thrive-dataset/sourcedata/raw/s1_r1/eeg/sub-3000023/sub-3000023_all_eeg_s1_r1_e1.vhdr[0m
[31mError: subject number 3000006 not an allowed subject value [300000,300999],[308000,308999],[309000,309999] in file: /home/data/NDClab/datasets/thrive-dataset/sourcedata/raw/s1_r1/eeg/sub-3000006/sub-3000006_all_eeg_s1_r1_e1.vhdr[0m
[31mError: subject number 3000006 not an allowed subject value [300000,300999],[308000,308999],[309000,309999] in file: /home/data/NDClab/datasets/thrive-dataset/sourcedata/raw/s1_r1/eeg/sub-3000006/sub-3000006_all_eeg_s1_r1_e1.vmrk[0m
[31mError: subject number 3000006 not an allowed subject value [300000,300999],[308000,308999],[309000,309999] in file: /home/data/NDClab/datasets/thrive-dataset/sourcedata/raw/s1_r1/eeg/sub-3000006/sub-3000006_all_eeg_s1_r1_e1.eeg[0m
[31mError: subject number 3000001 not an allowed subject value [300000,300999],[308000,308999],[309000,309999] in file: /home/data/NDClab/datasets/thrive-dataset/sourcedata/raw/s1_r1/eeg/sub-3000001/sub-3000001_all_eeg_s1_r1_e1.vmrk[0m
[31mError: subject number 3000001 not an allowed subject value [300000,300999],[308000,308999],[309000,309999] in file: /home/data/NDClab/datasets/thrive-dataset/sourcedata/raw/s1_r1/eeg/sub-3000001/sub-3000001_all_eeg_s1_r1_e1.eeg[0m
[31mError: subject number 3000001 not an allowed subject value [300000,300999],[308000,308999],[309000,309999] in file: /home/data/NDClab/datasets/thrive-dataset/sourcedata/raw/s1_r1/eeg/sub-3000001/sub-3000001_all_eeg_s1_r1_e1.vhdr[0m
[31mError: subject number 3000026 not an allowed subject value [300000,300999],[308000,308999],[309000,309999] in file: /home/data/NDClab/datasets/thrive-dataset/sourcedata/raw/s1_r1/eeg/sub-3000026/sub-3000026_all_eeg_s1_r1_e1.vmrk[0m
[31mError: subject number 3000026 not an allowed subject value [300000,300999],[308000,308999],[309000,309999] in file: /home/data/NDClab/datasets/thrive-dataset/sourcedata/raw/s1_r1/eeg/sub-3000026/sub-3000026_all_eeg_s1_r1_e1.vhdr[0m
[31mError: subject number 3000026 not an allowed subject value [300000,300999],[308000,308999],[309000,309999] in file: /home/data/NDClab/datasets/thrive-dataset/sourcedata/raw/s1_r1/eeg/sub-3000026/sub-3000026_all_eeg_s1_r1_e1.eeg[0m
[31mError: subject number 3000022 not an allowed subject value [300000,300999],[308000,308999],[309000,309999] in file: /home/data/NDClab/datasets/thrive-dataset/sourcedata/raw/s1_r1/eeg/sub-3000022/sub-3000022_all_eeg_s1_r1_e1.vhdr[0m
[31mError: subject number 3000022 not an allowed subject value [300000,300999],[308000,308999],[309000,309999] in file: /home/data/NDClab/datasets/thrive-dataset/sourcedata/raw/s1_r1/eeg/sub-3000022/sub-3000022_all_eeg_s1_r1_e1.vmrk[0m
[31mError: subject number 3000022 not an allowed subject value [300000,300999],[308000,308999],[309000,309999] in file: /home/data/NDClab/datasets/thrive-dataset/sourcedata/raw/s1_r1/eeg/sub-3000022/sub-3000022_all_eeg_s1_r1_e1.eeg[0m
[31mError: subject number 3000033 not an allowed subject value [300000,300999],[308000,308999],[309000,309999] in file: /home/data/NDClab/datasets/thrive-dataset/sourcedata/raw/s1_r1/eeg/sub-3000033/sub-3000033_all_eeg_s1_r1_e1.vmrk[0m
[31mError: subject number 3000033 not an allowed subject value [300000,300999],[308000,308999],[309000,309999] in file: /home/data/NDClab/datasets/thrive-dataset/sourcedata/raw/s1_r1/eeg/sub-3000033/sub-3000033_all_eeg_s1_r1_e1.vhdr[0m
[31mError: subject number 3000033 not an allowed subject value [300000,300999],[308000,308999],[309000,309999] in file: /home/data/NDClab/datasets/thrive-dataset/sourcedata/raw/s1_r1/eeg/sub-3000033/sub-3000033_all_eeg_s1_r1_e1.eeg[0m
[31mError: subject number 3000020 not an allowed subject value [300000,300999],[308000,308999],[309000,309999] in file: /home/data/NDClab/datasets/thrive-dataset/sourcedata/raw/s1_r1/eeg/sub-3000020/sub-3000020_all_eeg_s1_r1_e1.eeg[0m
[31mError: subject number 3000020 not an allowed subject value [300000,300999],[308000,308999],[309000,309999] in file: /home/data/NDClab/datasets/thrive-dataset/sourcedata/raw/s1_r1/eeg/sub-3000020/sub-3000020_all_eeg_s1_r1_e1.vmrk[0m
[31mError: subject number 3000020 not an allowed subject value [300000,300999],[308000,308999],[309000,309999] in file: /home/data/NDClab/datasets/thrive-dataset/sourcedata/raw/s1_r1/eeg/sub-3000020/sub-3000020_all_eeg_s1_r1_e1.vhdr[0m
[31mError: subject number 3000008 not an allowed subject value [300000,300999],[308000,308999],[309000,309999] in file: /home/data/NDClab/datasets/thrive-dataset/sourcedata/raw/s1_r1/eeg/sub-3000008/sub-3000008_all_eeg_s1_r1_e1.eeg[0m
[31mError: subject number 3000008 not an allowed subject value [300000,300999],[308000,308999],[309000,309999] in file: /home/data/NDClab/datasets/thrive-dataset/sourcedata/raw/s1_r1/eeg/sub-3000008/sub-3000008_all_eeg_s1_r1_e1.vmrk[0m
[31mError: subject number 3000008 not an allowed subject value [300000,300999],[308000,308999],[309000,309999] in file: /home/data/NDClab/datasets/thrive-dataset/sourcedata/raw/s1_r1/eeg/sub-3000008/sub-3000008_all_eeg_s1_r1_e1.vhdr[0m
[31mError: subject number 3000011 not an allowed subject value [300000,300999],[308000,308999],[309000,309999] in file: /home/data/NDClab/datasets/thrive-dataset/sourcedata/raw/s1_r1/eeg/sub-3000011/sub-3000011_all_eeg_s1_r1_e1.vhdr[0m
[31mError: subject number 3000011 not an allowed subject value [300000,300999],[308000,308999],[309000,309999] in file: /home/data/NDClab/datasets/thrive-dataset/sourcedata/raw/s1_r1/eeg/sub-3000011/sub-3000011_all_eeg_s1_r1_e1.eeg[0m
[31mError: subject number 3000011 not an allowed subject value [300000,300999],[308000,308999],[309000,309999] in file: /home/data/NDClab/datasets/thrive-dataset/sourcedata/raw/s1_r1/eeg/sub-3000011/sub-3000011_all_eeg_s1_r1_e1.vmrk[0m
[31mError: subject number 3000010 not an allowed subject value [300000,300999],[308000,308999],[309000,309999] in file: /home/data/NDClab/datasets/thrive-dataset/sourcedata/raw/s1_r1/digi/sub-3000010/sub-3000010_digi_s1_r1_e1.zip.gpg[0m
[31mError: variable name digi does not match any datadict variables, in file: /home/data/NDClab/datasets/thrive-dataset/sourcedata/raw/s1_r1/digi/sub-3000010/sub-3000010_digi_s1_r1_e1.zip.gpg[0m
[31mError: subject number 3000028 not an allowed subject value [300000,300999],[308000,308999],[309000,309999] in file: /home/data/NDClab/datasets/thrive-dataset/sourcedata/raw/s1_r1/digi/sub-3000028/sub-3000028_all_digi_s1_r1_e1.zip.gpg[0m
[31mError: subject number 3000012 not an allowed subject value [300000,300999],[308000,308999],[309000,309999] in file: /home/data/NDClab/datasets/thrive-dataset/sourcedata/raw/s1_r1/digi/sub-3000012/sub-3000012_all_digi_s1_r1_e1.zip.gpg[0m
[31mError: subject number 3000015 not an allowed subject value [300000,300999],[308000,308999],[309000,309999] in file: /home/data/NDClab/datasets/thrive-dataset/sourcedata/raw/s1_r1/digi/sub-3000015/sub-3000015_all_digi_s1_r1_e1.zip.gpg[0m
[31mError: subject number 3000014 not an allowed subject value [300000,300999],[308000,308999],[309000,309999] in file: /home/data/NDClab/datasets/thrive-dataset/sourcedata/raw/s1_r1/digi/sub-3000014/sub-3000014_all_digi_s1_r1_e1.zip.gpg[0m
[31mError: subject number 3000005 not an allowed subject value [300000,300999],[308000,308999],[309000,309999] in file: /home/data/NDClab/datasets/thrive-dataset/sourcedata/raw/s1_r1/digi/sub-3000005/sub-3000005_all_digi_s1_r1_e1.zip.gpg[0m
[31mError: subject number 3000019 not an allowed subject value [300000,300999],[308000,308999],[309000,309999] in file: /home/data/NDClab/datasets/thrive-dataset/sourcedata/raw/s1_r1/digi/sub-3000019/sub-3000019_all_digi_s1_r1_e1.zip.gpg[0m
[31mError: subject number 3000004 not an allowed subject value [300000,300999],[308000,308999],[309000,309999] in file: /home/data/NDClab/datasets/thrive-dataset/sourcedata/raw/s1_r1/digi/sub-3000004/sub-3000004_all_digi_s1_r1_e1.zip.gpg[0m
[31mError: subject number 3000002 not an allowed subject value [300000,300999],[308000,308999],[309000,309999] in file: /home/data/NDClab/datasets/thrive-dataset/sourcedata/raw/s1_r1/digi/sub-3000002/sub-3000002_all_digi_s1_r1_e1.zip.gpg[0m
[31mError: file  /home/data/NDClab/datasets/thrive-dataset/sourcedata/raw/s1_r1/digi/sub-3000003/no-digi  does not match naming convention <sub-#>_<variable/task-name>_<session>.<ext>[0m
[31mError: subject number 3000021 not an allowed subject value [300000,300999],[308000,308999],[309000,309999] in file: /home/data/NDClab/datasets/thrive-dataset/sourcedata/raw/s1_r1/digi/sub-3000021/sub-3000021_all_digi_s1_r1_e1.zip.gpg[0m
[31mError: subject number 3000013 not an allowed subject value [300000,300999],[308000,308999],[309000,309999] in file: /home/data/NDClab/datasets/thrive-dataset/sourcedata/raw/s1_r1/digi/sub-3000013/sub-3000013_all_digi_s1_r1_e1.zip.gpg[0m
[31mError: subject number 3000023 not an allowed subject value [300000,300999],[308000,308999],[309000,309999] in file: /home/data/NDClab/datasets/thrive-dataset/sourcedata/raw/s1_r1/digi/sub-3000023/sub-3000023_all_digi_s1_r1_e1.zip.gpg[0m
[31mError: file  /home/data/NDClab/datasets/thrive-dataset/sourcedata/raw/s1_r1/digi/sub-3000006/no-digi  does not match naming convention <sub-#>_<variable/task-name>_<session>.<ext>[0m
[31mError: subject number 3000001 not an allowed subject value [300000,300999],[308000,308999],[309000,309999] in file: /home/data/NDClab/datasets/thrive-dataset/sourcedata/raw/s1_r1/digi/sub-3000001/sub-3000001_all_digi_s1_r1_e1.zip.gpg[0m
[31mError: subject number 3000026 not an allowed subject value [300000,300999],[308000,308999],[309000,309999] in file: /home/data/NDClab/datasets/thrive-dataset/sourcedata/raw/s1_r1/digi/sub-3000026/sub-3000026_all_digi_s1_r1_e1.zip.gpg[0m
[31mError: subject number 3000022 not an allowed subject value [300000,300999],[308000,308999],[309000,309999] in file: /home/data/NDClab/datasets/thrive-dataset/sourcedata/raw/s1_r1/digi/sub-3000022/sub-3000022_all_digi_s1_r1_e1.zip.gpg[0m
[31mError: subject number 3000020 not an allowed subject value [300000,300999],[308000,308999],[309000,309999] in file: /home/data/NDClab/datasets/thrive-dataset/sourcedata/raw/s1_r1/digi/sub-3000020/sub-3000020_all_digi_s1_r1_e1.zip.gpg[0m
[31mError: file  /home/data/NDClab/datasets/thrive-dataset/sourcedata/raw/s1_r1/digi/sub-3000008/no-digi  does not match naming convention <sub-#>_<variable/task-name>_<session>.<ext>[0m
[31mError: file  /home/data/NDClab/datasets/thrive-dataset/sourcedata/raw/s1_r1/digi/sub-3000011/no-digi  does not match naming convention <sub-#>_<variable/task-name>_<session>.<ext>[0m
Error: Duplicate columns were found across Redcaps: masi_b_s1_r1_e1_complete in /home/data/NDClab/datasets/thrive-dataset/sourcedata/raw/s1_r1/redcap/Thrivebbschilds1r1_DATA_2023-09-14_1237.csv, /home/data/NDClab/datasets/thrive-dataset/sourcedata/raw/s1_r1/redcap/Thrivebbsparents1r1_DATA_2023-09-14_1238.csv; via_s1_r1_e1_complete in /home/data/NDClab/datasets/thrive-dataset/sourcedata/raw/s1_r1/redcap/Thrivebbschilds1r1_DATA_2023-09-14_1237.csv, /home/data/NDClab/datasets/thrive-dataset/sourcedata/raw/s1_r1/redcap/Thrivebbsparents1r1_DATA_2023-09-14_1238.csv; bfne_b_s1_r1_e1_complete in /home/data/NDClab/datasets/thrive-dataset/sourcedata/raw/s1_r1/redcap/Thrivebbsparents1r1_DATA_2023-09-14_1238.csv, /home/data/NDClab/datasets/thrive-dataset/sourcedata/raw/s1_r1/redcap/Thriveiqschilds1r1_DATA_2023-09-14_1239.csv; fpe_s1_r1_e1_complete in /home/data/NDClab/datasets/thrive-dataset/sourcedata/raw/s1_r1/redcap/Thrivebbsparents1r1_DATA_2023-09-14_1238.csv, /home/data/NDClab/datasets/thrive-dataset/sourcedata/raw/s1_r1/redcap/Thriveiqschilds1r1_DATA_2023-09-14_1239.csv; pints_s1_r1_e1_complete in /home/data/NDClab/datasets/thrive-dataset/sourcedata/raw/s1_r1/redcap/Thrivebbsparents1r1_DATA_2023-09-14_1238.csv, /home/data/NDClab/datasets/thrive-dataset/sourcedata/raw/s1_r1/redcap/Thriveiqschilds1r1_DATA_2023-09-14_1239.csv; Exiting.
