[31mError: variable name arrow-alert-v1-1 does not match any datadict variables, in file: /home/data/NDClab/datasets/thrive-dataset/sourcedata/raw/s1_r1/psychopy/sub-3000010/sub-3000010_arrow-alert-v1-1_s1_r1_e1.log[0m
[31mError: variable name arrow-alert-v1-1 does not match any datadict variables, in file: /home/data/NDClab/datasets/thrive-dataset/sourcedata/raw/s1_r1/psychopy/sub-3000010/sub-3000010_arrow-alert-v1-1_s1_r1_e1.psydat[0m
[31mError: variable name arrow-alert-v1-1 does not match any datadict variables, in file: /home/data/NDClab/datasets/thrive-dataset/sourcedata/raw/s1_r1/psychopy/sub-3000010/sub-3000010_arrow-alert-v1-1_s1_r1_e1.csv[0m
[31mError: file  /home/data/NDClab/datasets/thrive-dataset/sourcedata/raw/s1_r1/psychopy/sub-3000014/sub-3000014_arrow-alert-v1-2_psychopy_s1_r1_e1_1.csv  does not match naming convention <sub-#>_<variable/task-name>_<session>.<ext>[0m
[31mError: file  /home/data/NDClab/datasets/thrive-dataset/sourcedata/raw/s1_r1/psychopy/sub-3000014/sub-3000014_arrow-alert-v1-2_psychopy_s1_r1_e1_1.psydat  does not match naming convention <sub-#>_<variable/task-name>_<session>.<ext>[0m
[31mError: variable name arrow-alert-v1-2 does not match any datadict variables, in file: /home/data/NDClab/datasets/thrive-dataset/sourcedata/raw/s1_r1/psychopy/sub-3000026/sub-3000026_arrow-alert-v1-2_s1_r1_e1.psydat[0m
[31mError: variable name arrow-alert-v1-2 does not match any datadict variables, in file: /home/data/NDClab/datasets/thrive-dataset/sourcedata/raw/s1_r1/psychopy/sub-3000026/sub-3000026_arrow-alert-v1-2_s1_r1_e1.log[0m
[31mError: variable name arrow-alert-v1-2 does not match any datadict variables, in file: /home/data/NDClab/datasets/thrive-dataset/sourcedata/raw/s1_r1/psychopy/sub-3000026/sub-3000026_arrow-alert-v1-2_s1_r1_e1.csv[0m
[31mError: variable name arrow-alert-v1-1 does not match any datadict variables, in file: /home/data/NDClab/datasets/thrive-dataset/sourcedata/raw/s1_r1/psychopy/sub-3000020/sub-3000020_arrow-alert-v1-1_s1_r1_e1.log[0m
[31mError: variable name arrow-alert-v1-1 does not match any datadict variables, in file: /home/data/NDClab/datasets/thrive-dataset/sourcedata/raw/s1_r1/psychopy/sub-3000020/sub-3000020_arrow-alert-v1-1_s1_r1_e1.csv[0m
[31mError: variable name arrow-alert-v1-1 does not match any datadict variables, in file: /home/data/NDClab/datasets/thrive-dataset/sourcedata/raw/s1_r1/psychopy/sub-3000020/sub-3000020_arrow-alert-v1-1_s1_r1_e1.psydat[0m
[31mError: number of psychopy data files in subject folder sub-3000008 5 greater than the expected number 3[0m
[31mError: file  /home/data/NDClab/datasets/thrive-dataset/sourcedata/raw/s1_r1/psychopy/sub-3000008/extra-psychopy-present  does not match naming convention <sub-#>_<variable/task-name>_<session>.<ext>[0m
[31mError: file  /home/data/NDClab/datasets/thrive-dataset/sourcedata/raw/s1_r1/psychopy/sub-3000008/sub-3000008_arrow-alert-v1-1_psychopy_s1_r1_e1_2.csv  does not match naming convention <sub-#>_<variable/task-name>_<session>.<ext>[0m
[31mError: file  /home/data/NDClab/datasets/thrive-dataset/sourcedata/raw/s1_r1/psychopy/sub-3000008/sub-3000008_arrow-alert-v1-1_psychopy_s1_r1_e1_practice-only.csv  does not match naming convention <sub-#>_<variable/task-name>_<session>.<ext>[0m
[31mError: variable name arrow-alert-v1-1 does not match any datadict variables, in file: /home/data/NDClab/datasets/thrive-dataset/sourcedata/raw/s1_r1/psychopy/sub-3000010/sub-3000010_arrow-alert-v1-1_s1_r1_e1.log[0m
[31mError: variable name arrow-alert-v1-1 does not match any datadict variables, in file: /home/data/NDClab/datasets/thrive-dataset/sourcedata/raw/s1_r1/psychopy/sub-3000010/sub-3000010_arrow-alert-v1-1_s1_r1_e1.psydat[0m
[31mError: variable name arrow-alert-v1-1 does not match any datadict variables, in file: /home/data/NDClab/datasets/thrive-dataset/sourcedata/raw/s1_r1/psychopy/sub-3000010/sub-3000010_arrow-alert-v1-1_s1_r1_e1.csv[0m
[31mError: file  /home/data/NDClab/datasets/thrive-dataset/sourcedata/raw/s1_r1/psychopy/sub-3000014/sub-3000014_arrow-alert-v1-2_psychopy_s1_r1_e1_1.csv  does not match naming convention <sub-#>_<variable/task-name>_<session>.<ext>[0m
[31mError: file  /home/data/NDClab/datasets/thrive-dataset/sourcedata/raw/s1_r1/psychopy/sub-3000014/sub-3000014_arrow-alert-v1-2_psychopy_s1_r1_e1_1.psydat  does not match naming convention <sub-#>_<variable/task-name>_<session>.<ext>[0m
[31mError: variable name arrow-alert-v1-2 does not match any datadict variables, in file: /home/data/NDClab/datasets/thrive-dataset/sourcedata/raw/s1_r1/psychopy/sub-3000026/sub-3000026_arrow-alert-v1-2_s1_r1_e1.psydat[0m
[31mError: variable name arrow-alert-v1-2 does not match any datadict variables, in file: /home/data/NDClab/datasets/thrive-dataset/sourcedata/raw/s1_r1/psychopy/sub-3000026/sub-3000026_arrow-alert-v1-2_s1_r1_e1.log[0m
[31mError: variable name arrow-alert-v1-2 does not match any datadict variables, in file: /home/data/NDClab/datasets/thrive-dataset/sourcedata/raw/s1_r1/psychopy/sub-3000026/sub-3000026_arrow-alert-v1-2_s1_r1_e1.csv[0m
[31mError: variable name arrow-alert-v1-1 does not match any datadict variables, in file: /home/data/NDClab/datasets/thrive-dataset/sourcedata/raw/s1_r1/psychopy/sub-3000020/sub-3000020_arrow-alert-v1-1_s1_r1_e1.log[0m
[31mError: variable name arrow-alert-v1-1 does not match any datadict variables, in file: /home/data/NDClab/datasets/thrive-dataset/sourcedata/raw/s1_r1/psychopy/sub-3000020/sub-3000020_arrow-alert-v1-1_s1_r1_e1.csv[0m
[31mError: variable name arrow-alert-v1-1 does not match any datadict variables, in file: /home/data/NDClab/datasets/thrive-dataset/sourcedata/raw/s1_r1/psychopy/sub-3000020/sub-3000020_arrow-alert-v1-1_s1_r1_e1.psydat[0m
[31mError: number of psychopy data files in subject folder sub-3000008 5 greater than the expected number 3[0m
[31mError: file  /home/data/NDClab/datasets/thrive-dataset/sourcedata/raw/s1_r1/psychopy/sub-3000008/extra-psychopy-present  does not match naming convention <sub-#>_<variable/task-name>_<session>.<ext>[0m
[31mError: file  /home/data/NDClab/datasets/thrive-dataset/sourcedata/raw/s1_r1/psychopy/sub-3000008/sub-3000008_arrow-alert-v1-1_psychopy_s1_r1_e1_2.csv  does not match naming convention <sub-#>_<variable/task-name>_<session>.<ext>[0m
[31mError: file  /home/data/NDClab/datasets/thrive-dataset/sourcedata/raw/s1_r1/psychopy/sub-3000008/sub-3000008_arrow-alert-v1-1_psychopy_s1_r1_e1_practice-only.csv  does not match naming convention <sub-#>_<variable/task-name>_<session>.<ext>[0m
[31mError: file  /home/data/NDClab/datasets/thrive-dataset/sourcedata/raw/s1_r1/audacity/sub-3000013/sub-3000013_all_audacity_s1_r1.zip.gpg  does not match naming convention <sub-#>_<variable/task-name>_<session>.<ext>[0m
[31mError: file  /home/data/NDClab/datasets/thrive-dataset/sourcedata/raw/s1_r1/audacity/sub-3000023/sub-3000023_all_audacity_s1_r1.zip.gpg  does not match naming convention <sub-#>_<variable/task-name>_<session>.<ext>[0m
[31mError: number of eeg data files in subject folder sub-3000013 6 greater than the expected number 3[0m
[31mError: variable name speech_eeg does not match any datadict variables, in file: /home/data/NDClab/datasets/thrive-dataset/sourcedata/raw/s1_r1/eeg/sub-3000013/sub-3000013_speech_eeg_s1_r1_e1.vmrk[0m
[31mError: variable name speech_eeg does not match any datadict variables, in file: /home/data/NDClab/datasets/thrive-dataset/sourcedata/raw/s1_r1/eeg/sub-3000013/sub-3000013_speech_eeg_s1_r1_e1.vhdr[0m
[31mError: variable name speech_eeg does not match any datadict variables, in file: /home/data/NDClab/datasets/thrive-dataset/sourcedata/raw/s1_r1/eeg/sub-3000013/sub-3000013_speech_eeg_s1_r1_e1.eeg[0m
[31mError: variable name digi does not match any datadict variables, in file: /home/data/NDClab/datasets/thrive-dataset/sourcedata/raw/s1_r1/digi/sub-3000010/sub-3000010_digi_s1_r1_e1.zip.gpg[0m
[31mError: file  /home/data/NDClab/datasets/thrive-dataset/sourcedata/raw/s1_r1/digi/sub-3000003/no-digi  does not match naming convention <sub-#>_<variable/task-name>_<session>.<ext>[0m
[31mError: file  /home/data/NDClab/datasets/thrive-dataset/sourcedata/raw/s1_r1/digi/sub-3000006/no-digi  does not match naming convention <sub-#>_<variable/task-name>_<session>.<ext>[0m
[31mError: file  /home/data/NDClab/datasets/thrive-dataset/sourcedata/raw/s1_r1/digi/sub-3000008/no-digi  does not match naming convention <sub-#>_<variable/task-name>_<session>.<ext>[0m
[31mError: file  /home/data/NDClab/datasets/thrive-dataset/sourcedata/raw/s1_r1/digi/sub-3000011/no-digi  does not match naming convention <sub-#>_<variable/task-name>_<session>.<ext>[0m
KeyError: 'id'
KeyError: 'id'
