calling verify-copy.py
Verifying files for: arrow-alert-v1-1_psychopy
[31mError: variable name arrow-alert-v1-1 does not match any datadict variables, in file: /home/data/NDClab/datasets/thrive-dataset/sourcedata/raw/s1_r1/psychopy/sub-3000010/sub-3000010_arrow-alert-v1-1_s1_r1_e1.log[0m
[31mError: variable name arrow-alert-v1-1 does not match any datadict variables, in file: /home/data/NDClab/datasets/thrive-dataset/sourcedata/raw/s1_r1/psychopy/sub-3000010/sub-3000010_arrow-alert-v1-1_s1_r1_e1.psydat[0m
[31mError: variable name arrow-alert-v1-1 does not match any datadict variables, in file: /home/data/NDClab/datasets/thrive-dataset/sourcedata/raw/s1_r1/psychopy/sub-3000010/sub-3000010_arrow-alert-v1-1_s1_r1_e1.csv[0m
[31mError: file  /home/data/NDClab/datasets/thrive-dataset/sourcedata/raw/s1_r1/psychopy/sub-3000014/sub-3000014_arrow-alert-v1-2_psychopy_s1_r1_e1_1.csv  does not match naming convention <sub-#>_<variable/task-name>_<session>.<ext>[0m
[31mError: file  /home/data/NDClab/datasets/thrive-dataset/sourcedata/raw/s1_r1/psychopy/sub-3000014/sub-3000014_arrow-alert-v1-2_psychopy_s1_r1_e1_1.psydat  does not match naming convention <sub-#>_<variable/task-name>_<session>.<ext>[0m
[31mError: variable name timestamp-v1-1 does not match any datadict variables, in file: /home/data/NDClab/datasets/thrive-dataset/sourcedata/raw/s1_r1/psychopy/sub-3000026/sub-3000026_timestamp-v1-1_s1_r1_e1.csv[0m
[31mError: variable name timestamp-v1-1 does not match any datadict variables, in file: /home/data/NDClab/datasets/thrive-dataset/sourcedata/raw/s1_r1/psychopy/sub-3000026/sub-3000026_timestamp-v1-1_s1_r1_e1.log[0m
[31mError: variable name timestamp-v1-1 does not match any datadict variables, in file: /home/data/NDClab/datasets/thrive-dataset/sourcedata/raw/s1_r1/psychopy/sub-3000026/sub-3000026_timestamp-v1-1_s1_r1_e1.psydat[0m
[31mError: file  /home/data/NDClab/datasets/thrive-dataset/sourcedata/raw/s1_r1/psychopy/sub-3000020/sub-3000020 _timestamp-v1-1_s1_r1_e1.log  does not match naming convention <sub-#>_<variable/task-name>_<session>.<ext>[0m
[31mError: file  /home/data/NDClab/datasets/thrive-dataset/sourcedata/raw/s1_r1/psychopy/sub-3000020/sub-3000020 _timestamp-v1-1_s1_r1_e1.psydat  does not match naming convention <sub-#>_<variable/task-name>_<session>.<ext>[0m
[31mError: file  /home/data/NDClab/datasets/thrive-dataset/sourcedata/raw/s1_r1/psychopy/sub-3000020/sub-3000020 _timestamp-v1-1_s1_r1_e1.csv  does not match naming convention <sub-#>_<variable/task-name>_<session>.<ext>[0m
[31mError: number of psychopy data files in subject folder sub-3000008 5 greater than the expected number 3[0m
[31mError: file  /home/data/NDClab/datasets/thrive-dataset/sourcedata/raw/s1_r1/psychopy/sub-3000008/extra-psychopy-present  does not match naming convention <sub-#>_<variable/task-name>_<session>.<ext>[0m
[31mError: file  /home/data/NDClab/datasets/thrive-dataset/sourcedata/raw/s1_r1/psychopy/sub-3000008/sub-3000008_arrow-alert-v1-1_psychopy_s1_r1_e1_2.csv  does not match naming convention <sub-#>_<variable/task-name>_<session>.<ext>[0m
[31mError: file  /home/data/NDClab/datasets/thrive-dataset/sourcedata/raw/s1_r1/psychopy/sub-3000008/sub-3000008_arrow-alert-v1-1_psychopy_s1_r1_e1_practice-only.csv  does not match naming convention <sub-#>_<variable/task-name>_<session>.<ext>[0m
Verifying files for: arrow-alert-v1-2_psychopy
[31mError: variable name arrow-alert-v1-1 does not match any datadict variables, in file: /home/data/NDClab/datasets/thrive-dataset/sourcedata/raw/s1_r1/psychopy/sub-3000010/sub-3000010_arrow-alert-v1-1_s1_r1_e1.log[0m
[31mError: variable name arrow-alert-v1-1 does not match any datadict variables, in file: /home/data/NDClab/datasets/thrive-dataset/sourcedata/raw/s1_r1/psychopy/sub-3000010/sub-3000010_arrow-alert-v1-1_s1_r1_e1.psydat[0m
[31mError: variable name arrow-alert-v1-1 does not match any datadict variables, in file: /home/data/NDClab/datasets/thrive-dataset/sourcedata/raw/s1_r1/psychopy/sub-3000010/sub-3000010_arrow-alert-v1-1_s1_r1_e1.csv[0m
[31mError: file  /home/data/NDClab/datasets/thrive-dataset/sourcedata/raw/s1_r1/psychopy/sub-3000014/sub-3000014_arrow-alert-v1-2_psychopy_s1_r1_e1_1.csv  does not match naming convention <sub-#>_<variable/task-name>_<session>.<ext>[0m
[31mError: file  /home/data/NDClab/datasets/thrive-dataset/sourcedata/raw/s1_r1/psychopy/sub-3000014/sub-3000014_arrow-alert-v1-2_psychopy_s1_r1_e1_1.psydat  does not match naming convention <sub-#>_<variable/task-name>_<session>.<ext>[0m
[31mError: variable name timestamp-v1-1 does not match any datadict variables, in file: /home/data/NDClab/datasets/thrive-dataset/sourcedata/raw/s1_r1/psychopy/sub-3000026/sub-3000026_timestamp-v1-1_s1_r1_e1.csv[0m
[31mError: variable name timestamp-v1-1 does not match any datadict variables, in file: /home/data/NDClab/datasets/thrive-dataset/sourcedata/raw/s1_r1/psychopy/sub-3000026/sub-3000026_timestamp-v1-1_s1_r1_e1.log[0m
[31mError: variable name timestamp-v1-1 does not match any datadict variables, in file: /home/data/NDClab/datasets/thrive-dataset/sourcedata/raw/s1_r1/psychopy/sub-3000026/sub-3000026_timestamp-v1-1_s1_r1_e1.psydat[0m
[31mError: file  /home/data/NDClab/datasets/thrive-dataset/sourcedata/raw/s1_r1/psychopy/sub-3000020/sub-3000020 _timestamp-v1-1_s1_r1_e1.log  does not match naming convention <sub-#>_<variable/task-name>_<session>.<ext>[0m
[31mError: file  /home/data/NDClab/datasets/thrive-dataset/sourcedata/raw/s1_r1/psychopy/sub-3000020/sub-3000020 _timestamp-v1-1_s1_r1_e1.psydat  does not match naming convention <sub-#>_<variable/task-name>_<session>.<ext>[0m
[31mError: file  /home/data/NDClab/datasets/thrive-dataset/sourcedata/raw/s1_r1/psychopy/sub-3000020/sub-3000020 _timestamp-v1-1_s1_r1_e1.csv  does not match naming convention <sub-#>_<variable/task-name>_<session>.<ext>[0m
[31mError: number of psychopy data files in subject folder sub-3000008 5 greater than the expected number 3[0m
[31mError: file  /home/data/NDClab/datasets/thrive-dataset/sourcedata/raw/s1_r1/psychopy/sub-3000008/extra-psychopy-present  does not match naming convention <sub-#>_<variable/task-name>_<session>.<ext>[0m
[31mError: file  /home/data/NDClab/datasets/thrive-dataset/sourcedata/raw/s1_r1/psychopy/sub-3000008/sub-3000008_arrow-alert-v1-1_psychopy_s1_r1_e1_2.csv  does not match naming convention <sub-#>_<variable/task-name>_<session>.<ext>[0m
[31mError: file  /home/data/NDClab/datasets/thrive-dataset/sourcedata/raw/s1_r1/psychopy/sub-3000008/sub-3000008_arrow-alert-v1-1_psychopy_s1_r1_e1_practice-only.csv  does not match naming convention <sub-#>_<variable/task-name>_<session>.<ext>[0m
Verifying files for: all_audacity
[31mError: file  /home/data/NDClab/datasets/thrive-dataset/sourcedata/raw/s1_r1/audacity/sub-3000013/sub-3000013_all_audacity_s1_r1.zip.gpg  does not match naming convention <sub-#>_<variable/task-name>_<session>.<ext>[0m
[31mError: file  /home/data/NDClab/datasets/thrive-dataset/sourcedata/raw/s1_r1/audacity/sub-3000023/sub-3000023_all_audacity_s1_r1.zip.gpg  does not match naming convention <sub-#>_<variable/task-name>_<session>.<ext>[0m
Verifying files for: all_zoom
Verifying files for: all_eeg
[31mError: number of eeg data files in subject folder sub-3000013 6 greater than the expected number 3[0m
[31mError: variable name speech_eeg does not match any datadict variables, in file: /home/data/NDClab/datasets/thrive-dataset/sourcedata/raw/s1_r1/eeg/sub-3000013/sub-3000013_speech_eeg_s1_r1_e1.vmrk[0m
[31mError: variable name speech_eeg does not match any datadict variables, in file: /home/data/NDClab/datasets/thrive-dataset/sourcedata/raw/s1_r1/eeg/sub-3000013/sub-3000013_speech_eeg_s1_r1_e1.vhdr[0m
[31mError: variable name speech_eeg does not match any datadict variables, in file: /home/data/NDClab/datasets/thrive-dataset/sourcedata/raw/s1_r1/eeg/sub-3000013/sub-3000013_speech_eeg_s1_r1_e1.eeg[0m
Verifying files for: all_digi
[31mError: variable name digi does not match any datadict variables, in file: /home/data/NDClab/datasets/thrive-dataset/sourcedata/raw/s1_r1/digi/sub-3000010/sub-3000010_digi_s1_r1_e1.zip.gpg[0m
[31mError: file  /home/data/NDClab/datasets/thrive-dataset/sourcedata/raw/s1_r1/digi/sub-3000003/no-digi  does not match naming convention <sub-#>_<variable/task-name>_<session>.<ext>[0m
[31mError: file  /home/data/NDClab/datasets/thrive-dataset/sourcedata/raw/s1_r1/digi/sub-3000006/no-digi  does not match naming convention <sub-#>_<variable/task-name>_<session>.<ext>[0m
[31mError: file  /home/data/NDClab/datasets/thrive-dataset/sourcedata/raw/s1_r1/digi/sub-3000008/no-digi  does not match naming convention <sub-#>_<variable/task-name>_<session>.<ext>[0m
[31mError: file  /home/data/NDClab/datasets/thrive-dataset/sourcedata/raw/s1_r1/digi/sub-3000011/no-digi  does not match naming convention <sub-#>_<variable/task-name>_<session>.<ext>[0m
Accessing /home/data/NDClab/datasets/thrive-dataset/sourcedata/raw/s1_r1/redcap
	 Newest Redcap found: Thrivebbschilds1r1_DATA_2023-09-14_1237.csv
	 redcap/Thrivebbschilds1r1_DATA_2023-09-14_1237.csv already exists in checked, skipping copy 

	 Newest Redcap found: Thrivebbsparents1r1_DATA_2023-09-14_1238.csv
	 redcap/Thrivebbsparents1r1_DATA_2023-09-14_1238.csv already exists in checked, skipping copy 

	 Newest Redcap found: ThrivebbsRAs1r1_DATA_2023-09-14_1238.csv
	 redcap/ThrivebbsRAs1r1_DATA_2023-09-14_1238.csv already exists in checked, skipping copy 

	 Newest Redcap found: Thriveconsent_DATA_2023-09-14_1238.csv
	 redcap/Thriveconsent_DATA_2023-09-14_1238.csv already exists in checked, skipping copy 

	 Newest Redcap found: Thriveiqschilds1r1_DATA_2023-09-14_1239.csv
	 redcap/Thriveiqschilds1r1_DATA_2023-09-14_1239.csv already exists in checked, skipping copy 

	 Newest Redcap found: Thriveiqsclinicians1_DATA_2023-09-14_1237.csv
	 redcap/Thriveiqsclinicians1_DATA_2023-09-14_1237.csv already exists in checked, skipping copy 

	 Newest Redcap found: Thriveiqsparents1r1_DATA_2023-09-14_1239.csv
	 redcap/Thriveiqsparents1r1_DATA_2023-09-14_1239.csv already exists in checked, skipping copy 

updating tracker, ses: s1_r1/, redcaps: Thrivebbschilds1r1_DATA_2023-09-14_1237.csv Thrivebbsparents1r1_DATA_2023-09-14_1238.csv ThrivebbsRAs1r1_DATA_2023-09-14_1238.csv Thriveconsent_DATA_2023-09-14_1238.csv Thriveiqschilds1r1_DATA_2023-09-14_1239.csv Thriveiqsclinicians1_DATA_2023-09-14_1237.csv Thriveiqsparents1r1_DATA_2023-09-14_1239.csv
Error: Duplicate columns were found across Redcaps: masi_b_s1_r1_e1_complete in /home/data/NDClab/datasets/thrive-dataset/sourcedata/raw/s1_r1/redcap/Thrivebbschilds1r1_DATA_2023-09-14_1237.csv, /home/data/NDClab/datasets/thrive-dataset/sourcedata/raw/s1_r1/redcap/Thrivebbsparents1r1_DATA_2023-09-14_1238.csv; via_s1_r1_e1_complete in /home/data/NDClab/datasets/thrive-dataset/sourcedata/raw/s1_r1/redcap/Thrivebbschilds1r1_DATA_2023-09-14_1237.csv, /home/data/NDClab/datasets/thrive-dataset/sourcedata/raw/s1_r1/redcap/Thrivebbsparents1r1_DATA_2023-09-14_1238.csv; bfne_b_s1_r1_e1_complete in /home/data/NDClab/datasets/thrive-dataset/sourcedata/raw/s1_r1/redcap/Thrivebbsparents1r1_DATA_2023-09-14_1238.csv, /home/data/NDClab/datasets/thrive-dataset/sourcedata/raw/s1_r1/redcap/Thriveiqschilds1r1_DATA_2023-09-14_1239.csv; fpe_s1_r1_e1_complete in /home/data/NDClab/datasets/thrive-dataset/sourcedata/raw/s1_r1/redcap/Thrivebbsparents1r1_DATA_2023-09-14_1238.csv, /home/data/NDClab/datasets/thrive-dataset/sourcedata/raw/s1_r1/redcap/Thriveiqschilds1r1_DATA_2023-09-14_1239.csv; pints_s1_r1_e1_complete in /home/data/NDClab/datasets/thrive-dataset/sourcedata/raw/s1_r1/redcap/Thrivebbsparents1r1_DATA_2023-09-14_1238.csv, /home/data/NDClab/datasets/thrive-dataset/sourcedata/raw/s1_r1/redcap/Thriveiqschilds1r1_DATA_2023-09-14_1239.csv; Exiting.
args: /home/data/NDClab/datasets/thrive-dataset/data-monitoring/update-tracker.py /home/data/NDClab/datasets/thrive-dataset/sourcedata/checked /home/data/NDClab/datasets/thrive-dataset /home/data/NDClab/datasets/thrive-dataset/sourcedata/raw/s1_r1/redcap/Thrivebbschilds1r1_DATA_2023-09-14_1237.csv,/home/data/NDClab/datasets/thrive-dataset/sourcedata/raw/s1_r1/redcap/Thrivebbsparents1r1_DATA_2023-09-14_1238.csv,/home/data/NDClab/datasets/thrive-dataset/sourcedata/raw/s1_r1/redcap/ThrivebbsRAs1r1_DATA_2023-09-14_1238.csv,/home/data/NDClab/datasets/thrive-dataset/sourcedata/raw/s1_r1/redcap/Thriveconsent_DATA_2023-09-14_1238.csv,/home/data/NDClab/datasets/thrive-dataset/sourcedata/raw/s1_r1/redcap/Thriveiqschilds1r1_DATA_2023-09-14_1239.csv,/home/data/NDClab/datasets/thrive-dataset/sourcedata/raw/s1_r1/redcap/Thriveiqsclinicians1_DATA_2023-09-14_1237.csv,/home/data/NDClab/datasets/thrive-dataset/sourcedata/raw/s1_r1/redcap/Thriveiqsparents1r1_DATA_2023-09-14_1239.csv s1_r1 false
3080001 missing in tracker file, skipping
3080002 missing in tracker file, skipping
3080003 missing in tracker file, skipping
3080004 missing in tracker file, skipping
3080005 missing in tracker file, skipping
3080006 missing in tracker file, skipping
3080008 missing in tracker file, skipping
3080010 missing in tracker file, skipping
3080011 missing in tracker file, skipping
3080012 missing in tracker file, skipping
3080013 missing in tracker file, skipping
3080014 missing in tracker file, skipping
3080015 missing in tracker file, skipping
3080019 missing in tracker file, skipping
3080020 missing in tracker file, skipping
3080021 missing in tracker file, skipping
3080022 missing in tracker file, skipping
3080023 missing in tracker file, skipping
3080024 missing in tracker file, skipping
3080026 missing in tracker file, skipping
3080028 missing in tracker file, skipping
3080031 missing in tracker file, skipping
3080033 missing in tracker file, skipping
3080039 missing in tracker file, skipping
skipping nan value in  /home/data/NDClab/datasets/thrive-dataset/sourcedata/raw/s1_r1/redcap/ThrivebbsRAs1r1_DATA_2023-09-14_1238.csv :  nan
skipping nan value in  /home/data/NDClab/datasets/thrive-dataset/sourcedata/raw/s1_r1/redcap/ThrivebbsRAs1r1_DATA_2023-09-14_1238.csv :  nan
skipping nan value in  /home/data/NDClab/datasets/thrive-dataset/sourcedata/raw/s1_r1/redcap/ThrivebbsRAs1r1_DATA_2023-09-14_1238.csv :  nan
skipping nan value in  /home/data/NDClab/datasets/thrive-dataset/sourcedata/raw/s1_r1/redcap/ThrivebbsRAs1r1_DATA_2023-09-14_1238.csv :  nan
skipping nan value in  /home/data/NDClab/datasets/thrive-dataset/sourcedata/raw/s1_r1/redcap/ThrivebbsRAs1r1_DATA_2023-09-14_1238.csv :  nan
3080001 missing in tracker file, skipping
3080002 missing in tracker file, skipping
3080003 missing in tracker file, skipping
3080004 missing in tracker file, skipping
3080005 missing in tracker file, skipping
3080006 missing in tracker file, skipping
3080007 missing in tracker file, skipping
3080008 missing in tracker file, skipping
3080009 missing in tracker file, skipping
3080010 missing in tracker file, skipping
3080011 missing in tracker file, skipping
3080012 missing in tracker file, skipping
3080013 missing in tracker file, skipping
3080014 missing in tracker file, skipping
3080015 missing in tracker file, skipping
3080016 missing in tracker file, skipping
3080017 missing in tracker file, skipping
3080018 missing in tracker file, skipping
3080019 missing in tracker file, skipping
3080020 missing in tracker file, skipping
3080021 missing in tracker file, skipping
3080022 missing in tracker file, skipping
3080023 missing in tracker file, skipping
3080024 missing in tracker file, skipping
3080025 missing in tracker file, skipping
3080026 missing in tracker file, skipping
3080027 missing in tracker file, skipping
3080028 missing in tracker file, skipping
3080029 missing in tracker file, skipping
3080030 missing in tracker file, skipping
3080031 missing in tracker file, skipping
3080032 missing in tracker file, skipping
3080033 missing in tracker file, skipping
3080034 missing in tracker file, skipping
3080035 missing in tracker file, skipping
3080036 missing in tracker file, skipping
3080037 missing in tracker file, skipping
3080038 missing in tracker file, skipping
3080039 missing in tracker file, skipping
3080040 missing in tracker file, skipping
3080041 missing in tracker file, skipping
3080042 missing in tracker file, skipping
3080043 missing in tracker file, skipping
3080044 missing in tracker file, skipping
3080045 missing in tracker file, skipping
3080046 missing in tracker file, skipping
No redcap folder found in /home/data/NDClab/datasets/thrive-dataset/sourcedata/raw/s2_r1/ directory
No redcap folder found in /home/data/NDClab/datasets/thrive-dataset/sourcedata/raw/s3_r1/ directory
