calling verify-copy.py
Verifying files for: arrow-alert-v1-1_psychopy
[31mError: subject number 3000010 not an allowed subject value [300000,300999],[308000,308999],[309000,309999] in file: /home/data/NDClab/datasets/thrive-dataset/sourcedata/raw/s1_r1/psychopy/sub-3000010/sub-3000010_arrow-alert-v1-1_s1_r1_e1.log[0m
[31mError: variable name arrow-alert-v1-1 does not match any datadict variables, in file: /home/data/NDClab/datasets/thrive-dataset/sourcedata/raw/s1_r1/psychopy/sub-3000010/sub-3000010_arrow-alert-v1-1_s1_r1_e1.log[0m
[31mError: subject number 3000010 not an allowed subject value [300000,300999],[308000,308999],[309000,309999] in file: /home/data/NDClab/datasets/thrive-dataset/sourcedata/raw/s1_r1/psychopy/sub-3000010/sub-3000010_arrow-alert-v1-1_s1_r1_e1.psydat[0m
[31mError: variable name arrow-alert-v1-1 does not match any datadict variables, in file: /home/data/NDClab/datasets/thrive-dataset/sourcedata/raw/s1_r1/psychopy/sub-3000010/sub-3000010_arrow-alert-v1-1_s1_r1_e1.psydat[0m
[31mError: subject number 3000010 not an allowed subject value [300000,300999],[308000,308999],[309000,309999] in file: /home/data/NDClab/datasets/thrive-dataset/sourcedata/raw/s1_r1/psychopy/sub-3000010/sub-3000010_arrow-alert-v1-1_s1_r1_e1.csv[0m
[31mError: variable name arrow-alert-v1-1 does not match any datadict variables, in file: /home/data/NDClab/datasets/thrive-dataset/sourcedata/raw/s1_r1/psychopy/sub-3000010/sub-3000010_arrow-alert-v1-1_s1_r1_e1.csv[0m
[31mError: subject number 3000028 not an allowed subject value [300000,300999],[308000,308999],[309000,309999] in file: /home/data/NDClab/datasets/thrive-dataset/sourcedata/raw/s1_r1/psychopy/sub-3000028/sub-3000028_arrow-alert-v1-2_psychopy_s1_r1_e1.psydat[0m
[31mError: subject number 3000028 not an allowed subject value [300000,300999],[308000,308999],[309000,309999] in file: /home/data/NDClab/datasets/thrive-dataset/sourcedata/raw/s1_r1/psychopy/sub-3000028/sub-3000028_arrow-alert-v1-2_psychopy_s1_r1_e1.log[0m
[31mError: subject number 3000028 not an allowed subject value [300000,300999],[308000,308999],[309000,309999] in file: /home/data/NDClab/datasets/thrive-dataset/sourcedata/raw/s1_r1/psychopy/sub-3000028/sub-3000028_arrow-alert-v1-2_psychopy_s1_r1_e1.csv[0m
[31mError: subject number 3000012 not an allowed subject value [300000,300999],[308000,308999],[309000,309999] in file: /home/data/NDClab/datasets/thrive-dataset/sourcedata/raw/s1_r1/psychopy/sub-3000012/sub-3000012_arrow-alert-v1-1_psychopy_s1_r1_e1.csv[0m
[31mError: subject number 3000012 not an allowed subject value [300000,300999],[308000,308999],[309000,309999] in file: /home/data/NDClab/datasets/thrive-dataset/sourcedata/raw/s1_r1/psychopy/sub-3000012/sub-3000012_arrow-alert-v1-1_psychopy_s1_r1_e1.psydat[0m
[31mError: subject number 3000012 not an allowed subject value [300000,300999],[308000,308999],[309000,309999] in file: /home/data/NDClab/datasets/thrive-dataset/sourcedata/raw/s1_r1/psychopy/sub-3000012/sub-3000012_arrow-alert-v1-1_psychopy_s1_r1_e1.log[0m
[32mCreating  sub-3000012/s1_r1/psychopy  directory in checked[0m
[32mCopying  sub-3000012_arrow-alert-v1-1_psychopy_s1_r1_e1.psydat  to checked[0m
[32mCopying  sub-3000012_arrow-alert-v1-1_psychopy_s1_r1_e1.csv  to checked[0m
[32mCopying  sub-3000012_arrow-alert-v1-1_psychopy_s1_r1_e1.log  to checked[0m
[31mError: subject number 3000015 not an allowed subject value [300000,300999],[308000,308999],[309000,309999] in file: /home/data/NDClab/datasets/thrive-dataset/sourcedata/raw/s1_r1/psychopy/sub-3000015/sub-3000015_arrow-alert-v1-1_psychopy_s1_r1_e1.psydat[0m
[31mError: subject number 3000015 not an allowed subject value [300000,300999],[308000,308999],[309000,309999] in file: /home/data/NDClab/datasets/thrive-dataset/sourcedata/raw/s1_r1/psychopy/sub-3000015/sub-3000015_arrow-alert-v1-1_psychopy_s1_r1_e1.csv[0m
[31mError: subject number 3000015 not an allowed subject value [300000,300999],[308000,308999],[309000,309999] in file: /home/data/NDClab/datasets/thrive-dataset/sourcedata/raw/s1_r1/psychopy/sub-3000015/sub-3000015_arrow-alert-v1-1_psychopy_s1_r1_e1.log[0m
[32mCreating  sub-3000015/s1_r1/psychopy  directory in checked[0m
[32mCopying  sub-3000015_arrow-alert-v1-1_psychopy_s1_r1_e1.psydat  to checked[0m
[32mCopying  sub-3000015_arrow-alert-v1-1_psychopy_s1_r1_e1.csv  to checked[0m
[32mCopying  sub-3000015_arrow-alert-v1-1_psychopy_s1_r1_e1.log  to checked[0m
[31mError: file  /home/data/NDClab/datasets/thrive-dataset/sourcedata/raw/s1_r1/psychopy/sub-3000014/sub-3000014_arrow-alert-v1-2_psychopy_s1_r1_e1_1.csv  does not match naming convention <sub-#>_<variable/task-name>_<session>.<ext>[0m
[31mError: subject number 3000014 not an allowed subject value [300000,300999],[308000,308999],[309000,309999] in file: /home/data/NDClab/datasets/thrive-dataset/sourcedata/raw/s1_r1/psychopy/sub-3000014/sub-3000014_arrow-alert-v1-2_psychopy_s1_r1_e1.log[0m
[31mError: file  /home/data/NDClab/datasets/thrive-dataset/sourcedata/raw/s1_r1/psychopy/sub-3000014/sub-3000014_arrow-alert-v1-2_psychopy_s1_r1_e1_1.psydat  does not match naming convention <sub-#>_<variable/task-name>_<session>.<ext>[0m
[31mError: subject number 3000005 not an allowed subject value [300000,300999],[308000,308999],[309000,309999] in file: /home/data/NDClab/datasets/thrive-dataset/sourcedata/raw/s1_r1/psychopy/sub-3000005/sub-3000005_arrow-alert-v1-1_psychopy_s1_r1_e1.log[0m
[31mError: subject number 3000005 not an allowed subject value [300000,300999],[308000,308999],[309000,309999] in file: /home/data/NDClab/datasets/thrive-dataset/sourcedata/raw/s1_r1/psychopy/sub-3000005/sub-3000005_arrow-alert-v1-1_psychopy_s1_r1_e1.csv[0m
[31mError: subject number 3000005 not an allowed subject value [300000,300999],[308000,308999],[309000,309999] in file: /home/data/NDClab/datasets/thrive-dataset/sourcedata/raw/s1_r1/psychopy/sub-3000005/sub-3000005_arrow-alert-v1-1_psychopy_s1_r1_e1.psydat[0m
[32mCreating  sub-3000005/s1_r1/psychopy  directory in checked[0m
[32mCopying  sub-3000005_arrow-alert-v1-1_psychopy_s1_r1_e1.psydat  to checked[0m
[32mCopying  sub-3000005_arrow-alert-v1-1_psychopy_s1_r1_e1.csv  to checked[0m
[32mCopying  sub-3000005_arrow-alert-v1-1_psychopy_s1_r1_e1.log  to checked[0m
[31mError: subject number 3000019 not an allowed subject value [300000,300999],[308000,308999],[309000,309999] in file: /home/data/NDClab/datasets/thrive-dataset/sourcedata/raw/s1_r1/psychopy/sub-3000019/sub-3000019_arrow-alert-v1-2_psychopy_s1_r1_e1.psydat[0m
[31mError: subject number 3000019 not an allowed subject value [300000,300999],[308000,308999],[309000,309999] in file: /home/data/NDClab/datasets/thrive-dataset/sourcedata/raw/s1_r1/psychopy/sub-3000019/sub-3000019_arrow-alert-v1-2_psychopy_s1_r1_e1.csv[0m
[31mError: subject number 3000019 not an allowed subject value [300000,300999],[308000,308999],[309000,309999] in file: /home/data/NDClab/datasets/thrive-dataset/sourcedata/raw/s1_r1/psychopy/sub-3000019/sub-3000019_arrow-alert-v1-2_psychopy_s1_r1_e1.log[0m
[31mError: subject number 3000004 not an allowed subject value [300000,300999],[308000,308999],[309000,309999] in file: /home/data/NDClab/datasets/thrive-dataset/sourcedata/raw/s1_r1/psychopy/sub-3000004/sub-3000004_arrow-alert-v1-1_psychopy_s1_r1_e1.log[0m
[31mError: subject number 3000004 not an allowed subject value [300000,300999],[308000,308999],[309000,309999] in file: /home/data/NDClab/datasets/thrive-dataset/sourcedata/raw/s1_r1/psychopy/sub-3000004/sub-3000004_arrow-alert-v1-1_psychopy_s1_r1_e1.csv[0m
[31mError: subject number 3000004 not an allowed subject value [300000,300999],[308000,308999],[309000,309999] in file: /home/data/NDClab/datasets/thrive-dataset/sourcedata/raw/s1_r1/psychopy/sub-3000004/sub-3000004_arrow-alert-v1-1_psychopy_s1_r1_e1.psydat[0m
[32mCreating  sub-3000004/s1_r1/psychopy  directory in checked[0m
[32mCopying  sub-3000004_arrow-alert-v1-1_psychopy_s1_r1_e1.psydat  to checked[0m
[32mCopying  sub-3000004_arrow-alert-v1-1_psychopy_s1_r1_e1.csv  to checked[0m
[32mCopying  sub-3000004_arrow-alert-v1-1_psychopy_s1_r1_e1.log  to checked[0m
[31mError: subject number 3000002 not an allowed subject value [300000,300999],[308000,308999],[309000,309999] in file: /home/data/NDClab/datasets/thrive-dataset/sourcedata/raw/s1_r1/psychopy/sub-3000002/sub-3000002_arrow-alert-v1-1_psychopy_s1_r1_e1.csv[0m
[31mError: subject number 3000002 not an allowed subject value [300000,300999],[308000,308999],[309000,309999] in file: /home/data/NDClab/datasets/thrive-dataset/sourcedata/raw/s1_r1/psychopy/sub-3000002/sub-3000002_arrow-alert-v1-1_psychopy_s1_r1_e1.psydat[0m
[31mError: subject number 3000002 not an allowed subject value [300000,300999],[308000,308999],[309000,309999] in file: /home/data/NDClab/datasets/thrive-dataset/sourcedata/raw/s1_r1/psychopy/sub-3000002/sub-3000002_arrow-alert-v1-1_psychopy_s1_r1_e1.log[0m
[32mCreating  sub-3000002/s1_r1/psychopy  directory in checked[0m
[32mCopying  sub-3000002_arrow-alert-v1-1_psychopy_s1_r1_e1.psydat  to checked[0m
[32mCopying  sub-3000002_arrow-alert-v1-1_psychopy_s1_r1_e1.csv  to checked[0m
[32mCopying  sub-3000002_arrow-alert-v1-1_psychopy_s1_r1_e1.log  to checked[0m
[31mError: subject number 3000003 not an allowed subject value [300000,300999],[308000,308999],[309000,309999] in file: /home/data/NDClab/datasets/thrive-dataset/sourcedata/raw/s1_r1/psychopy/sub-3000003/sub-3000003_arrow-alert-v1-1_psychopy_s1_r1_e1.csv[0m
[31mError: subject number 3000003 not an allowed subject value [300000,300999],[308000,308999],[309000,309999] in file: /home/data/NDClab/datasets/thrive-dataset/sourcedata/raw/s1_r1/psychopy/sub-3000003/sub-3000003_arrow-alert-v1-1_psychopy_s1_r1_e1.log[0m
[31mError: subject number 3000003 not an allowed subject value [300000,300999],[308000,308999],[309000,309999] in file: /home/data/NDClab/datasets/thrive-dataset/sourcedata/raw/s1_r1/psychopy/sub-3000003/sub-3000003_arrow-alert-v1-1_psychopy_s1_r1_e1.psydat[0m
[32mCreating  sub-3000003/s1_r1/psychopy  directory in checked[0m
[32mCopying  sub-3000003_arrow-alert-v1-1_psychopy_s1_r1_e1.psydat  to checked[0m
[32mCopying  sub-3000003_arrow-alert-v1-1_psychopy_s1_r1_e1.csv  to checked[0m
[32mCopying  sub-3000003_arrow-alert-v1-1_psychopy_s1_r1_e1.log  to checked[0m
[31mError: subject number 3000021 not an allowed subject value [300000,300999],[308000,308999],[309000,309999] in file: /home/data/NDClab/datasets/thrive-dataset/sourcedata/raw/s1_r1/psychopy/sub-3000021/sub-3000021_arrow-alert-v1-1_psychopy_s1_r1_e1.log[0m
[31mError: subject number 3000021 not an allowed subject value [300000,300999],[308000,308999],[309000,309999] in file: /home/data/NDClab/datasets/thrive-dataset/sourcedata/raw/s1_r1/psychopy/sub-3000021/sub-3000021_arrow-alert-v1-1_psychopy_s1_r1_e1.psydat[0m
[31mError: subject number 3000021 not an allowed subject value [300000,300999],[308000,308999],[309000,309999] in file: /home/data/NDClab/datasets/thrive-dataset/sourcedata/raw/s1_r1/psychopy/sub-3000021/sub-3000021_arrow-alert-v1-1_psychopy_s1_r1_e1.csv[0m
[32mCreating  sub-3000021/s1_r1/psychopy  directory in checked[0m
[32mCopying  sub-3000021_arrow-alert-v1-1_psychopy_s1_r1_e1.psydat  to checked[0m
[32mCopying  sub-3000021_arrow-alert-v1-1_psychopy_s1_r1_e1.csv  to checked[0m
[32mCopying  sub-3000021_arrow-alert-v1-1_psychopy_s1_r1_e1.log  to checked[0m
[31mError: subject number 3000013 not an allowed subject value [300000,300999],[308000,308999],[309000,309999] in file: /home/data/NDClab/datasets/thrive-dataset/sourcedata/raw/s1_r1/psychopy/sub-3000013/sub-3000013_arrow-alert-v1-2_psychopy_s1_r1_e1.psydat[0m
[31mError: subject number 3000013 not an allowed subject value [300000,300999],[308000,308999],[309000,309999] in file: /home/data/NDClab/datasets/thrive-dataset/sourcedata/raw/s1_r1/psychopy/sub-3000013/sub-3000013_arrow-alert-v1-2_psychopy_s1_r1_e1.csv[0m
[31mError: subject number 3000013 not an allowed subject value [300000,300999],[308000,308999],[309000,309999] in file: /home/data/NDClab/datasets/thrive-dataset/sourcedata/raw/s1_r1/psychopy/sub-3000013/sub-3000013_arrow-alert-v1-2_psychopy_s1_r1_e1.log[0m
[31mError: subject number 3000023 not an allowed subject value [300000,300999],[308000,308999],[309000,309999] in file: /home/data/NDClab/datasets/thrive-dataset/sourcedata/raw/s1_r1/psychopy/sub-3000023/sub-3000023_arrow-alert-v1-2_psychopy_s1_r1_e1.csv[0m
[31mError: subject number 3000023 not an allowed subject value [300000,300999],[308000,308999],[309000,309999] in file: /home/data/NDClab/datasets/thrive-dataset/sourcedata/raw/s1_r1/psychopy/sub-3000023/sub-3000023_arrow-alert-v1-2_psychopy_s1_r1_e1.log[0m
[31mError: subject number 3000023 not an allowed subject value [300000,300999],[308000,308999],[309000,309999] in file: /home/data/NDClab/datasets/thrive-dataset/sourcedata/raw/s1_r1/psychopy/sub-3000023/sub-3000023_arrow-alert-v1-2_psychopy_s1_r1_e1.psydat[0m
[31mError: subject number 3000006 not an allowed subject value [300000,300999],[308000,308999],[309000,309999] in file: /home/data/NDClab/datasets/thrive-dataset/sourcedata/raw/s1_r1/psychopy/sub-3000006/sub-3000006_arrow-alert-v1-1_psychopy_s1_r1_e1.log[0m
[31mError: subject number 3000006 not an allowed subject value [300000,300999],[308000,308999],[309000,309999] in file: /home/data/NDClab/datasets/thrive-dataset/sourcedata/raw/s1_r1/psychopy/sub-3000006/sub-3000006_arrow-alert-v1-1_psychopy_s1_r1_e1.psydat[0m
[31mError: subject number 3000006 not an allowed subject value [300000,300999],[308000,308999],[309000,309999] in file: /home/data/NDClab/datasets/thrive-dataset/sourcedata/raw/s1_r1/psychopy/sub-3000006/sub-3000006_arrow-alert-v1-1_psychopy_s1_r1_e1.csv[0m
[32mCreating  sub-3000006/s1_r1/psychopy  directory in checked[0m
[32mCopying  sub-3000006_arrow-alert-v1-1_psychopy_s1_r1_e1.psydat  to checked[0m
[32mCopying  sub-3000006_arrow-alert-v1-1_psychopy_s1_r1_e1.csv  to checked[0m
[32mCopying  sub-3000006_arrow-alert-v1-1_psychopy_s1_r1_e1.log  to checked[0m
[31mError: subject number 3000001 not an allowed subject value [300000,300999],[308000,308999],[309000,309999] in file: /home/data/NDClab/datasets/thrive-dataset/sourcedata/raw/s1_r1/psychopy/sub-3000001/sub-3000001_arrow-alert-v1-1_psychopy_s1_r1_e1.psydat[0m
[31mError: subject number 3000001 not an allowed subject value [300000,300999],[308000,308999],[309000,309999] in file: /home/data/NDClab/datasets/thrive-dataset/sourcedata/raw/s1_r1/psychopy/sub-3000001/sub-3000001_arrow-alert-v1-1_psychopy_s1_r1_e1.log[0m
[31mError: subject number 3000001 not an allowed subject value [300000,300999],[308000,308999],[309000,309999] in file: /home/data/NDClab/datasets/thrive-dataset/sourcedata/raw/s1_r1/psychopy/sub-3000001/sub-3000001_arrow-alert-v1-1_psychopy_s1_r1_e1.csv[0m
[32mCreating  sub-3000001/s1_r1/psychopy  directory in checked[0m
[32mCopying  sub-3000001_arrow-alert-v1-1_psychopy_s1_r1_e1.psydat  to checked[0m
[32mCopying  sub-3000001_arrow-alert-v1-1_psychopy_s1_r1_e1.csv  to checked[0m
[32mCopying  sub-3000001_arrow-alert-v1-1_psychopy_s1_r1_e1.log  to checked[0m
[31mError: subject number 3000026 not an allowed subject value [300000,300999],[308000,308999],[309000,309999] in file: /home/data/NDClab/datasets/thrive-dataset/sourcedata/raw/s1_r1/psychopy/sub-3000026/sub-3000026_timestamp-v1-1_s1_r1_e1.csv[0m
[31mError: variable name timestamp-v1-1 does not match any datadict variables, in file: /home/data/NDClab/datasets/thrive-dataset/sourcedata/raw/s1_r1/psychopy/sub-3000026/sub-3000026_timestamp-v1-1_s1_r1_e1.csv[0m
[31mError: subject number 3000026 not an allowed subject value [300000,300999],[308000,308999],[309000,309999] in file: /home/data/NDClab/datasets/thrive-dataset/sourcedata/raw/s1_r1/psychopy/sub-3000026/sub-3000026_timestamp-v1-1_s1_r1_e1.log[0m
[31mError: variable name timestamp-v1-1 does not match any datadict variables, in file: /home/data/NDClab/datasets/thrive-dataset/sourcedata/raw/s1_r1/psychopy/sub-3000026/sub-3000026_timestamp-v1-1_s1_r1_e1.log[0m
[31mError: subject number 3000026 not an allowed subject value [300000,300999],[308000,308999],[309000,309999] in file: /home/data/NDClab/datasets/thrive-dataset/sourcedata/raw/s1_r1/psychopy/sub-3000026/sub-3000026_timestamp-v1-1_s1_r1_e1.psydat[0m
[31mError: variable name timestamp-v1-1 does not match any datadict variables, in file: /home/data/NDClab/datasets/thrive-dataset/sourcedata/raw/s1_r1/psychopy/sub-3000026/sub-3000026_timestamp-v1-1_s1_r1_e1.psydat[0m
[31mError: subject number 3000022 not an allowed subject value [300000,300999],[308000,308999],[309000,309999] in file: /home/data/NDClab/datasets/thrive-dataset/sourcedata/raw/s1_r1/psychopy/sub-3000022/sub-3000022_arrow-alert-v1-2_psychopy_s1_r1_e1.csv[0m
[31mError: subject number 3000022 not an allowed subject value [300000,300999],[308000,308999],[309000,309999] in file: /home/data/NDClab/datasets/thrive-dataset/sourcedata/raw/s1_r1/psychopy/sub-3000022/sub-3000022_arrow-alert-v1-2_psychopy_s1_r1_e1.log[0m
[31mError: subject number 3000022 not an allowed subject value [300000,300999],[308000,308999],[309000,309999] in file: /home/data/NDClab/datasets/thrive-dataset/sourcedata/raw/s1_r1/psychopy/sub-3000022/sub-3000022_arrow-alert-v1-2_psychopy_s1_r1_e1.psydat[0m
[31mError: subject number 3000033 not an allowed subject value [300000,300999],[308000,308999],[309000,309999] in file: /home/data/NDClab/datasets/thrive-dataset/sourcedata/raw/s1_r1/psychopy/sub-3000033/sub-3000033_arrow-alert-v1-2_psychopy_s1_r1_e1.psydat[0m
[31mError: subject number 3000033 not an allowed subject value [300000,300999],[308000,308999],[309000,309999] in file: /home/data/NDClab/datasets/thrive-dataset/sourcedata/raw/s1_r1/psychopy/sub-3000033/sub-3000033_arrow-alert-v1-2_psychopy_s1_r1_e1.csv[0m
[31mError: subject number 3000033 not an allowed subject value [300000,300999],[308000,308999],[309000,309999] in file: /home/data/NDClab/datasets/thrive-dataset/sourcedata/raw/s1_r1/psychopy/sub-3000033/sub-3000033_arrow-alert-v1-2_psychopy_s1_r1_e1.log[0m
[31mError: file  /home/data/NDClab/datasets/thrive-dataset/sourcedata/raw/s1_r1/psychopy/sub-3000020/sub-3000020 _timestamp-v1-1_s1_r1_e1.log  does not match naming convention <sub-#>_<variable/task-name>_<session>.<ext>[0m
[31mError: file  /home/data/NDClab/datasets/thrive-dataset/sourcedata/raw/s1_r1/psychopy/sub-3000020/sub-3000020 _timestamp-v1-1_s1_r1_e1.psydat  does not match naming convention <sub-#>_<variable/task-name>_<session>.<ext>[0m
[31mError: file  /home/data/NDClab/datasets/thrive-dataset/sourcedata/raw/s1_r1/psychopy/sub-3000020/sub-3000020 _timestamp-v1-1_s1_r1_e1.csv  does not match naming convention <sub-#>_<variable/task-name>_<session>.<ext>[0m
[31mError: number of psychopy data files in subject folder sub-3000008 5 greater than the expected number 3[0m
[31mError: subject number 3000008 not an allowed subject value [300000,300999],[308000,308999],[309000,309999] in file: /home/data/NDClab/datasets/thrive-dataset/sourcedata/raw/s1_r1/psychopy/sub-3000008/sub-3000008_arrow-alert-v1-1_psychopy_s1_r1_e1.psydat[0m
[31mError: file  /home/data/NDClab/datasets/thrive-dataset/sourcedata/raw/s1_r1/psychopy/sub-3000008/extra-psychopy-present  does not match naming convention <sub-#>_<variable/task-name>_<session>.<ext>[0m
[31mError: file  /home/data/NDClab/datasets/thrive-dataset/sourcedata/raw/s1_r1/psychopy/sub-3000008/sub-3000008_arrow-alert-v1-1_psychopy_s1_r1_e1_2.csv  does not match naming convention <sub-#>_<variable/task-name>_<session>.<ext>[0m
[31mError: file  /home/data/NDClab/datasets/thrive-dataset/sourcedata/raw/s1_r1/psychopy/sub-3000008/sub-3000008_arrow-alert-v1-1_psychopy_s1_r1_e1_practice-only.csv  does not match naming convention <sub-#>_<variable/task-name>_<session>.<ext>[0m
[31mError: subject number 3000008 not an allowed subject value [300000,300999],[308000,308999],[309000,309999] in file: /home/data/NDClab/datasets/thrive-dataset/sourcedata/raw/s1_r1/psychopy/sub-3000008/sub-3000008_arrow-alert-v1-1_psychopy_s1_r1_e1.log[0m
[32mCreating  sub-3000008/s1_r1/psychopy  directory in checked[0m
[32mCopying  sub-3000008_arrow-alert-v1-1_psychopy_s1_r1_e1.psydat  to checked[0m
[32mCopying  sub-3000008_arrow-alert-v1-1_psychopy_s1_r1_e1.log  to checked[0m
[31mError: subject number 3000011 not an allowed subject value [300000,300999],[308000,308999],[309000,309999] in file: /home/data/NDClab/datasets/thrive-dataset/sourcedata/raw/s1_r1/psychopy/sub-3000011/sub-3000011_arrow-alert-v1-1_psychopy_s1_r1_e1.log[0m
[31mError: subject number 3000011 not an allowed subject value [300000,300999],[308000,308999],[309000,309999] in file: /home/data/NDClab/datasets/thrive-dataset/sourcedata/raw/s1_r1/psychopy/sub-3000011/sub-3000011_arrow-alert-v1-1_psychopy_s1_r1_e1.psydat[0m
[31mError: subject number 3000011 not an allowed subject value [300000,300999],[308000,308999],[309000,309999] in file: /home/data/NDClab/datasets/thrive-dataset/sourcedata/raw/s1_r1/psychopy/sub-3000011/sub-3000011_arrow-alert-v1-1_psychopy_s1_r1_e1.csv[0m
[32mCreating  sub-3000011/s1_r1/psychopy  directory in checked[0m
[32mCopying  sub-3000011_arrow-alert-v1-1_psychopy_s1_r1_e1.psydat  to checked[0m
[32mCopying  sub-3000011_arrow-alert-v1-1_psychopy_s1_r1_e1.csv  to checked[0m
[32mCopying  sub-3000011_arrow-alert-v1-1_psychopy_s1_r1_e1.log  to checked[0m
Verifying files for: arrow-alert-v1-2_psychopy
[31mError: subject number 3000010 not an allowed subject value [300000,300999],[308000,308999],[309000,309999] in file: /home/data/NDClab/datasets/thrive-dataset/sourcedata/raw/s1_r1/psychopy/sub-3000010/sub-3000010_arrow-alert-v1-1_s1_r1_e1.log[0m
[31mError: variable name arrow-alert-v1-1 does not match any datadict variables, in file: /home/data/NDClab/datasets/thrive-dataset/sourcedata/raw/s1_r1/psychopy/sub-3000010/sub-3000010_arrow-alert-v1-1_s1_r1_e1.log[0m
[31mError: subject number 3000010 not an allowed subject value [300000,300999],[308000,308999],[309000,309999] in file: /home/data/NDClab/datasets/thrive-dataset/sourcedata/raw/s1_r1/psychopy/sub-3000010/sub-3000010_arrow-alert-v1-1_s1_r1_e1.psydat[0m
[31mError: variable name arrow-alert-v1-1 does not match any datadict variables, in file: /home/data/NDClab/datasets/thrive-dataset/sourcedata/raw/s1_r1/psychopy/sub-3000010/sub-3000010_arrow-alert-v1-1_s1_r1_e1.psydat[0m
[31mError: subject number 3000010 not an allowed subject value [300000,300999],[308000,308999],[309000,309999] in file: /home/data/NDClab/datasets/thrive-dataset/sourcedata/raw/s1_r1/psychopy/sub-3000010/sub-3000010_arrow-alert-v1-1_s1_r1_e1.csv[0m
[31mError: variable name arrow-alert-v1-1 does not match any datadict variables, in file: /home/data/NDClab/datasets/thrive-dataset/sourcedata/raw/s1_r1/psychopy/sub-3000010/sub-3000010_arrow-alert-v1-1_s1_r1_e1.csv[0m
[31mError: subject number 3000028 not an allowed subject value [300000,300999],[308000,308999],[309000,309999] in file: /home/data/NDClab/datasets/thrive-dataset/sourcedata/raw/s1_r1/psychopy/sub-3000028/sub-3000028_arrow-alert-v1-2_psychopy_s1_r1_e1.psydat[0m
[31mError: subject number 3000028 not an allowed subject value [300000,300999],[308000,308999],[309000,309999] in file: /home/data/NDClab/datasets/thrive-dataset/sourcedata/raw/s1_r1/psychopy/sub-3000028/sub-3000028_arrow-alert-v1-2_psychopy_s1_r1_e1.log[0m
[31mError: subject number 3000028 not an allowed subject value [300000,300999],[308000,308999],[309000,309999] in file: /home/data/NDClab/datasets/thrive-dataset/sourcedata/raw/s1_r1/psychopy/sub-3000028/sub-3000028_arrow-alert-v1-2_psychopy_s1_r1_e1.csv[0m
[32mCreating  sub-3000028/s1_r1/psychopy  directory in checked[0m
[32mCopying  sub-3000028_arrow-alert-v1-2_psychopy_s1_r1_e1.psydat  to checked[0m
[32mCopying  sub-3000028_arrow-alert-v1-2_psychopy_s1_r1_e1.csv  to checked[0m
[32mCopying  sub-3000028_arrow-alert-v1-2_psychopy_s1_r1_e1.log  to checked[0m
[31mError: subject number 3000012 not an allowed subject value [300000,300999],[308000,308999],[309000,309999] in file: /home/data/NDClab/datasets/thrive-dataset/sourcedata/raw/s1_r1/psychopy/sub-3000012/sub-3000012_arrow-alert-v1-1_psychopy_s1_r1_e1.csv[0m
[31mError: subject number 3000012 not an allowed subject value [300000,300999],[308000,308999],[309000,309999] in file: /home/data/NDClab/datasets/thrive-dataset/sourcedata/raw/s1_r1/psychopy/sub-3000012/sub-3000012_arrow-alert-v1-1_psychopy_s1_r1_e1.psydat[0m
[31mError: subject number 3000012 not an allowed subject value [300000,300999],[308000,308999],[309000,309999] in file: /home/data/NDClab/datasets/thrive-dataset/sourcedata/raw/s1_r1/psychopy/sub-3000012/sub-3000012_arrow-alert-v1-1_psychopy_s1_r1_e1.log[0m
[31mError: subject number 3000015 not an allowed subject value [300000,300999],[308000,308999],[309000,309999] in file: /home/data/NDClab/datasets/thrive-dataset/sourcedata/raw/s1_r1/psychopy/sub-3000015/sub-3000015_arrow-alert-v1-1_psychopy_s1_r1_e1.psydat[0m
[31mError: subject number 3000015 not an allowed subject value [300000,300999],[308000,308999],[309000,309999] in file: /home/data/NDClab/datasets/thrive-dataset/sourcedata/raw/s1_r1/psychopy/sub-3000015/sub-3000015_arrow-alert-v1-1_psychopy_s1_r1_e1.csv[0m
[31mError: subject number 3000015 not an allowed subject value [300000,300999],[308000,308999],[309000,309999] in file: /home/data/NDClab/datasets/thrive-dataset/sourcedata/raw/s1_r1/psychopy/sub-3000015/sub-3000015_arrow-alert-v1-1_psychopy_s1_r1_e1.log[0m
[31mError: file  /home/data/NDClab/datasets/thrive-dataset/sourcedata/raw/s1_r1/psychopy/sub-3000014/sub-3000014_arrow-alert-v1-2_psychopy_s1_r1_e1_1.csv  does not match naming convention <sub-#>_<variable/task-name>_<session>.<ext>[0m
[31mError: subject number 3000014 not an allowed subject value [300000,300999],[308000,308999],[309000,309999] in file: /home/data/NDClab/datasets/thrive-dataset/sourcedata/raw/s1_r1/psychopy/sub-3000014/sub-3000014_arrow-alert-v1-2_psychopy_s1_r1_e1.log[0m
[31mError: file  /home/data/NDClab/datasets/thrive-dataset/sourcedata/raw/s1_r1/psychopy/sub-3000014/sub-3000014_arrow-alert-v1-2_psychopy_s1_r1_e1_1.psydat  does not match naming convention <sub-#>_<variable/task-name>_<session>.<ext>[0m
[32mCreating  sub-3000014/s1_r1/psychopy  directory in checked[0m
[32mCopying  sub-3000014_arrow-alert-v1-2_psychopy_s1_r1_e1.log  to checked[0m
[31mError: subject number 3000005 not an allowed subject value [300000,300999],[308000,308999],[309000,309999] in file: /home/data/NDClab/datasets/thrive-dataset/sourcedata/raw/s1_r1/psychopy/sub-3000005/sub-3000005_arrow-alert-v1-1_psychopy_s1_r1_e1.log[0m
[31mError: subject number 3000005 not an allowed subject value [300000,300999],[308000,308999],[309000,309999] in file: /home/data/NDClab/datasets/thrive-dataset/sourcedata/raw/s1_r1/psychopy/sub-3000005/sub-3000005_arrow-alert-v1-1_psychopy_s1_r1_e1.csv[0m
[31mError: subject number 3000005 not an allowed subject value [300000,300999],[308000,308999],[309000,309999] in file: /home/data/NDClab/datasets/thrive-dataset/sourcedata/raw/s1_r1/psychopy/sub-3000005/sub-3000005_arrow-alert-v1-1_psychopy_s1_r1_e1.psydat[0m
[31mError: subject number 3000019 not an allowed subject value [300000,300999],[308000,308999],[309000,309999] in file: /home/data/NDClab/datasets/thrive-dataset/sourcedata/raw/s1_r1/psychopy/sub-3000019/sub-3000019_arrow-alert-v1-2_psychopy_s1_r1_e1.psydat[0m
[31mError: subject number 3000019 not an allowed subject value [300000,300999],[308000,308999],[309000,309999] in file: /home/data/NDClab/datasets/thrive-dataset/sourcedata/raw/s1_r1/psychopy/sub-3000019/sub-3000019_arrow-alert-v1-2_psychopy_s1_r1_e1.csv[0m
[31mError: subject number 3000019 not an allowed subject value [300000,300999],[308000,308999],[309000,309999] in file: /home/data/NDClab/datasets/thrive-dataset/sourcedata/raw/s1_r1/psychopy/sub-3000019/sub-3000019_arrow-alert-v1-2_psychopy_s1_r1_e1.log[0m
[32mCreating  sub-3000019/s1_r1/psychopy  directory in checked[0m
[32mCopying  sub-3000019_arrow-alert-v1-2_psychopy_s1_r1_e1.psydat  to checked[0m
[32mCopying  sub-3000019_arrow-alert-v1-2_psychopy_s1_r1_e1.csv  to checked[0m
[32mCopying  sub-3000019_arrow-alert-v1-2_psychopy_s1_r1_e1.log  to checked[0m
[31mError: subject number 3000004 not an allowed subject value [300000,300999],[308000,308999],[309000,309999] in file: /home/data/NDClab/datasets/thrive-dataset/sourcedata/raw/s1_r1/psychopy/sub-3000004/sub-3000004_arrow-alert-v1-1_psychopy_s1_r1_e1.log[0m
[31mError: subject number 3000004 not an allowed subject value [300000,300999],[308000,308999],[309000,309999] in file: /home/data/NDClab/datasets/thrive-dataset/sourcedata/raw/s1_r1/psychopy/sub-3000004/sub-3000004_arrow-alert-v1-1_psychopy_s1_r1_e1.csv[0m
[31mError: subject number 3000004 not an allowed subject value [300000,300999],[308000,308999],[309000,309999] in file: /home/data/NDClab/datasets/thrive-dataset/sourcedata/raw/s1_r1/psychopy/sub-3000004/sub-3000004_arrow-alert-v1-1_psychopy_s1_r1_e1.psydat[0m
[31mError: subject number 3000002 not an allowed subject value [300000,300999],[308000,308999],[309000,309999] in file: /home/data/NDClab/datasets/thrive-dataset/sourcedata/raw/s1_r1/psychopy/sub-3000002/sub-3000002_arrow-alert-v1-1_psychopy_s1_r1_e1.csv[0m
[31mError: subject number 3000002 not an allowed subject value [300000,300999],[308000,308999],[309000,309999] in file: /home/data/NDClab/datasets/thrive-dataset/sourcedata/raw/s1_r1/psychopy/sub-3000002/sub-3000002_arrow-alert-v1-1_psychopy_s1_r1_e1.psydat[0m
[31mError: subject number 3000002 not an allowed subject value [300000,300999],[308000,308999],[309000,309999] in file: /home/data/NDClab/datasets/thrive-dataset/sourcedata/raw/s1_r1/psychopy/sub-3000002/sub-3000002_arrow-alert-v1-1_psychopy_s1_r1_e1.log[0m
[31mError: subject number 3000003 not an allowed subject value [300000,300999],[308000,308999],[309000,309999] in file: /home/data/NDClab/datasets/thrive-dataset/sourcedata/raw/s1_r1/psychopy/sub-3000003/sub-3000003_arrow-alert-v1-1_psychopy_s1_r1_e1.csv[0m
[31mError: subject number 3000003 not an allowed subject value [300000,300999],[308000,308999],[309000,309999] in file: /home/data/NDClab/datasets/thrive-dataset/sourcedata/raw/s1_r1/psychopy/sub-3000003/sub-3000003_arrow-alert-v1-1_psychopy_s1_r1_e1.log[0m
[31mError: subject number 3000003 not an allowed subject value [300000,300999],[308000,308999],[309000,309999] in file: /home/data/NDClab/datasets/thrive-dataset/sourcedata/raw/s1_r1/psychopy/sub-3000003/sub-3000003_arrow-alert-v1-1_psychopy_s1_r1_e1.psydat[0m
[31mError: subject number 3000021 not an allowed subject value [300000,300999],[308000,308999],[309000,309999] in file: /home/data/NDClab/datasets/thrive-dataset/sourcedata/raw/s1_r1/psychopy/sub-3000021/sub-3000021_arrow-alert-v1-1_psychopy_s1_r1_e1.log[0m
[31mError: subject number 3000021 not an allowed subject value [300000,300999],[308000,308999],[309000,309999] in file: /home/data/NDClab/datasets/thrive-dataset/sourcedata/raw/s1_r1/psychopy/sub-3000021/sub-3000021_arrow-alert-v1-1_psychopy_s1_r1_e1.psydat[0m
[31mError: subject number 3000021 not an allowed subject value [300000,300999],[308000,308999],[309000,309999] in file: /home/data/NDClab/datasets/thrive-dataset/sourcedata/raw/s1_r1/psychopy/sub-3000021/sub-3000021_arrow-alert-v1-1_psychopy_s1_r1_e1.csv[0m
[31mError: subject number 3000013 not an allowed subject value [300000,300999],[308000,308999],[309000,309999] in file: /home/data/NDClab/datasets/thrive-dataset/sourcedata/raw/s1_r1/psychopy/sub-3000013/sub-3000013_arrow-alert-v1-2_psychopy_s1_r1_e1.psydat[0m
[31mError: subject number 3000013 not an allowed subject value [300000,300999],[308000,308999],[309000,309999] in file: /home/data/NDClab/datasets/thrive-dataset/sourcedata/raw/s1_r1/psychopy/sub-3000013/sub-3000013_arrow-alert-v1-2_psychopy_s1_r1_e1.csv[0m
[31mError: subject number 3000013 not an allowed subject value [300000,300999],[308000,308999],[309000,309999] in file: /home/data/NDClab/datasets/thrive-dataset/sourcedata/raw/s1_r1/psychopy/sub-3000013/sub-3000013_arrow-alert-v1-2_psychopy_s1_r1_e1.log[0m
[32mCreating  sub-3000013/s1_r1/psychopy  directory in checked[0m
[32mCopying  sub-3000013_arrow-alert-v1-2_psychopy_s1_r1_e1.psydat  to checked[0m
[32mCopying  sub-3000013_arrow-alert-v1-2_psychopy_s1_r1_e1.csv  to checked[0m
[32mCopying  sub-3000013_arrow-alert-v1-2_psychopy_s1_r1_e1.log  to checked[0m
[31mError: subject number 3000023 not an allowed subject value [300000,300999],[308000,308999],[309000,309999] in file: /home/data/NDClab/datasets/thrive-dataset/sourcedata/raw/s1_r1/psychopy/sub-3000023/sub-3000023_arrow-alert-v1-2_psychopy_s1_r1_e1.csv[0m
[31mError: subject number 3000023 not an allowed subject value [300000,300999],[308000,308999],[309000,309999] in file: /home/data/NDClab/datasets/thrive-dataset/sourcedata/raw/s1_r1/psychopy/sub-3000023/sub-3000023_arrow-alert-v1-2_psychopy_s1_r1_e1.log[0m
[31mError: subject number 3000023 not an allowed subject value [300000,300999],[308000,308999],[309000,309999] in file: /home/data/NDClab/datasets/thrive-dataset/sourcedata/raw/s1_r1/psychopy/sub-3000023/sub-3000023_arrow-alert-v1-2_psychopy_s1_r1_e1.psydat[0m
[32mCreating  sub-3000023/s1_r1/psychopy  directory in checked[0m
[32mCopying  sub-3000023_arrow-alert-v1-2_psychopy_s1_r1_e1.psydat  to checked[0m
[32mCopying  sub-3000023_arrow-alert-v1-2_psychopy_s1_r1_e1.csv  to checked[0m
[32mCopying  sub-3000023_arrow-alert-v1-2_psychopy_s1_r1_e1.log  to checked[0m
[31mError: subject number 3000006 not an allowed subject value [300000,300999],[308000,308999],[309000,309999] in file: /home/data/NDClab/datasets/thrive-dataset/sourcedata/raw/s1_r1/psychopy/sub-3000006/sub-3000006_arrow-alert-v1-1_psychopy_s1_r1_e1.log[0m
[31mError: subject number 3000006 not an allowed subject value [300000,300999],[308000,308999],[309000,309999] in file: /home/data/NDClab/datasets/thrive-dataset/sourcedata/raw/s1_r1/psychopy/sub-3000006/sub-3000006_arrow-alert-v1-1_psychopy_s1_r1_e1.psydat[0m
[31mError: subject number 3000006 not an allowed subject value [300000,300999],[308000,308999],[309000,309999] in file: /home/data/NDClab/datasets/thrive-dataset/sourcedata/raw/s1_r1/psychopy/sub-3000006/sub-3000006_arrow-alert-v1-1_psychopy_s1_r1_e1.csv[0m
[31mError: subject number 3000001 not an allowed subject value [300000,300999],[308000,308999],[309000,309999] in file: /home/data/NDClab/datasets/thrive-dataset/sourcedata/raw/s1_r1/psychopy/sub-3000001/sub-3000001_arrow-alert-v1-1_psychopy_s1_r1_e1.psydat[0m
[31mError: subject number 3000001 not an allowed subject value [300000,300999],[308000,308999],[309000,309999] in file: /home/data/NDClab/datasets/thrive-dataset/sourcedata/raw/s1_r1/psychopy/sub-3000001/sub-3000001_arrow-alert-v1-1_psychopy_s1_r1_e1.log[0m
[31mError: subject number 3000001 not an allowed subject value [300000,300999],[308000,308999],[309000,309999] in file: /home/data/NDClab/datasets/thrive-dataset/sourcedata/raw/s1_r1/psychopy/sub-3000001/sub-3000001_arrow-alert-v1-1_psychopy_s1_r1_e1.csv[0m
[31mError: subject number 3000026 not an allowed subject value [300000,300999],[308000,308999],[309000,309999] in file: /home/data/NDClab/datasets/thrive-dataset/sourcedata/raw/s1_r1/psychopy/sub-3000026/sub-3000026_timestamp-v1-1_s1_r1_e1.csv[0m
[31mError: variable name timestamp-v1-1 does not match any datadict variables, in file: /home/data/NDClab/datasets/thrive-dataset/sourcedata/raw/s1_r1/psychopy/sub-3000026/sub-3000026_timestamp-v1-1_s1_r1_e1.csv[0m
[31mError: subject number 3000026 not an allowed subject value [300000,300999],[308000,308999],[309000,309999] in file: /home/data/NDClab/datasets/thrive-dataset/sourcedata/raw/s1_r1/psychopy/sub-3000026/sub-3000026_timestamp-v1-1_s1_r1_e1.log[0m
[31mError: variable name timestamp-v1-1 does not match any datadict variables, in file: /home/data/NDClab/datasets/thrive-dataset/sourcedata/raw/s1_r1/psychopy/sub-3000026/sub-3000026_timestamp-v1-1_s1_r1_e1.log[0m
[31mError: subject number 3000026 not an allowed subject value [300000,300999],[308000,308999],[309000,309999] in file: /home/data/NDClab/datasets/thrive-dataset/sourcedata/raw/s1_r1/psychopy/sub-3000026/sub-3000026_timestamp-v1-1_s1_r1_e1.psydat[0m
[31mError: variable name timestamp-v1-1 does not match any datadict variables, in file: /home/data/NDClab/datasets/thrive-dataset/sourcedata/raw/s1_r1/psychopy/sub-3000026/sub-3000026_timestamp-v1-1_s1_r1_e1.psydat[0m
[31mError: subject number 3000022 not an allowed subject value [300000,300999],[308000,308999],[309000,309999] in file: /home/data/NDClab/datasets/thrive-dataset/sourcedata/raw/s1_r1/psychopy/sub-3000022/sub-3000022_arrow-alert-v1-2_psychopy_s1_r1_e1.csv[0m
[31mError: subject number 3000022 not an allowed subject value [300000,300999],[308000,308999],[309000,309999] in file: /home/data/NDClab/datasets/thrive-dataset/sourcedata/raw/s1_r1/psychopy/sub-3000022/sub-3000022_arrow-alert-v1-2_psychopy_s1_r1_e1.log[0m
[31mError: subject number 3000022 not an allowed subject value [300000,300999],[308000,308999],[309000,309999] in file: /home/data/NDClab/datasets/thrive-dataset/sourcedata/raw/s1_r1/psychopy/sub-3000022/sub-3000022_arrow-alert-v1-2_psychopy_s1_r1_e1.psydat[0m
[32mCreating  sub-3000022/s1_r1/psychopy  directory in checked[0m
[32mCopying  sub-3000022_arrow-alert-v1-2_psychopy_s1_r1_e1.psydat  to checked[0m
[32mCopying  sub-3000022_arrow-alert-v1-2_psychopy_s1_r1_e1.csv  to checked[0m
[32mCopying  sub-3000022_arrow-alert-v1-2_psychopy_s1_r1_e1.log  to checked[0m
[31mError: subject number 3000033 not an allowed subject value [300000,300999],[308000,308999],[309000,309999] in file: /home/data/NDClab/datasets/thrive-dataset/sourcedata/raw/s1_r1/psychopy/sub-3000033/sub-3000033_arrow-alert-v1-2_psychopy_s1_r1_e1.psydat[0m
[31mError: subject number 3000033 not an allowed subject value [300000,300999],[308000,308999],[309000,309999] in file: /home/data/NDClab/datasets/thrive-dataset/sourcedata/raw/s1_r1/psychopy/sub-3000033/sub-3000033_arrow-alert-v1-2_psychopy_s1_r1_e1.csv[0m
[31mError: subject number 3000033 not an allowed subject value [300000,300999],[308000,308999],[309000,309999] in file: /home/data/NDClab/datasets/thrive-dataset/sourcedata/raw/s1_r1/psychopy/sub-3000033/sub-3000033_arrow-alert-v1-2_psychopy_s1_r1_e1.log[0m
[32mCreating  sub-3000033/s1_r1/psychopy  directory in checked[0m
[32mCopying  sub-3000033_arrow-alert-v1-2_psychopy_s1_r1_e1.psydat  to checked[0m
[32mCopying  sub-3000033_arrow-alert-v1-2_psychopy_s1_r1_e1.csv  to checked[0m
[32mCopying  sub-3000033_arrow-alert-v1-2_psychopy_s1_r1_e1.log  to checked[0m
[31mError: file  /home/data/NDClab/datasets/thrive-dataset/sourcedata/raw/s1_r1/psychopy/sub-3000020/sub-3000020 _timestamp-v1-1_s1_r1_e1.log  does not match naming convention <sub-#>_<variable/task-name>_<session>.<ext>[0m
[31mError: file  /home/data/NDClab/datasets/thrive-dataset/sourcedata/raw/s1_r1/psychopy/sub-3000020/sub-3000020 _timestamp-v1-1_s1_r1_e1.psydat  does not match naming convention <sub-#>_<variable/task-name>_<session>.<ext>[0m
[31mError: file  /home/data/NDClab/datasets/thrive-dataset/sourcedata/raw/s1_r1/psychopy/sub-3000020/sub-3000020 _timestamp-v1-1_s1_r1_e1.csv  does not match naming convention <sub-#>_<variable/task-name>_<session>.<ext>[0m
[31mError: number of psychopy data files in subject folder sub-3000008 5 greater than the expected number 3[0m
[31mError: subject number 3000008 not an allowed subject value [300000,300999],[308000,308999],[309000,309999] in file: /home/data/NDClab/datasets/thrive-dataset/sourcedata/raw/s1_r1/psychopy/sub-3000008/sub-3000008_arrow-alert-v1-1_psychopy_s1_r1_e1.psydat[0m
[31mError: file  /home/data/NDClab/datasets/thrive-dataset/sourcedata/raw/s1_r1/psychopy/sub-3000008/extra-psychopy-present  does not match naming convention <sub-#>_<variable/task-name>_<session>.<ext>[0m
[31mError: file  /home/data/NDClab/datasets/thrive-dataset/sourcedata/raw/s1_r1/psychopy/sub-3000008/sub-3000008_arrow-alert-v1-1_psychopy_s1_r1_e1_2.csv  does not match naming convention <sub-#>_<variable/task-name>_<session>.<ext>[0m
[31mError: file  /home/data/NDClab/datasets/thrive-dataset/sourcedata/raw/s1_r1/psychopy/sub-3000008/sub-3000008_arrow-alert-v1-1_psychopy_s1_r1_e1_practice-only.csv  does not match naming convention <sub-#>_<variable/task-name>_<session>.<ext>[0m
[31mError: subject number 3000008 not an allowed subject value [300000,300999],[308000,308999],[309000,309999] in file: /home/data/NDClab/datasets/thrive-dataset/sourcedata/raw/s1_r1/psychopy/sub-3000008/sub-3000008_arrow-alert-v1-1_psychopy_s1_r1_e1.log[0m
[31mError: subject number 3000011 not an allowed subject value [300000,300999],[308000,308999],[309000,309999] in file: /home/data/NDClab/datasets/thrive-dataset/sourcedata/raw/s1_r1/psychopy/sub-3000011/sub-3000011_arrow-alert-v1-1_psychopy_s1_r1_e1.log[0m
[31mError: subject number 3000011 not an allowed subject value [300000,300999],[308000,308999],[309000,309999] in file: /home/data/NDClab/datasets/thrive-dataset/sourcedata/raw/s1_r1/psychopy/sub-3000011/sub-3000011_arrow-alert-v1-1_psychopy_s1_r1_e1.psydat[0m
[31mError: subject number 3000011 not an allowed subject value [300000,300999],[308000,308999],[309000,309999] in file: /home/data/NDClab/datasets/thrive-dataset/sourcedata/raw/s1_r1/psychopy/sub-3000011/sub-3000011_arrow-alert-v1-1_psychopy_s1_r1_e1.csv[0m
Verifying files for: all_audacity
[31mError: subject number 3000010 not an allowed subject value [300000,300999],[308000,308999],[309000,309999] in file: /home/data/NDClab/datasets/thrive-dataset/sourcedata/raw/s1_r1/audacity/sub-3000010/sub-3000010_all_audacity_s1_r1_e1.zip.gpg[0m
[32mCreating  sub-3000010/s1_r1/audacity  directory in checked[0m
[32mCopying  sub-3000010_all_audacity_s1_r1_e1.zip.gpg  to checked[0m
[31mError: subject number 3000028 not an allowed subject value [300000,300999],[308000,308999],[309000,309999] in file: /home/data/NDClab/datasets/thrive-dataset/sourcedata/raw/s1_r1/audacity/sub-3000028/sub-3000028_all_audacity_s1_r1_e1.zip.gpg[0m
[32mCreating  sub-3000028/s1_r1/audacity  directory in checked[0m
[32mCopying  sub-3000028_all_audacity_s1_r1_e1.zip.gpg  to checked[0m
[31mError: subject number 3000012 not an allowed subject value [300000,300999],[308000,308999],[309000,309999] in file: /home/data/NDClab/datasets/thrive-dataset/sourcedata/raw/s1_r1/audacity/sub-3000012/sub-3000012_all_audacity_s1_r1_e1.zip.gpg[0m
[32mCreating  sub-3000012/s1_r1/audacity  directory in checked[0m
[32mCopying  sub-3000012_all_audacity_s1_r1_e1.zip.gpg  to checked[0m
[31mError: subject number 3000015 not an allowed subject value [300000,300999],[308000,308999],[309000,309999] in file: /home/data/NDClab/datasets/thrive-dataset/sourcedata/raw/s1_r1/audacity/sub-3000015/sub-3000015_all_audacity_s1_r1_e1.zip.gpg[0m
[32mCreating  sub-3000015/s1_r1/audacity  directory in checked[0m
[32mCopying  sub-3000015_all_audacity_s1_r1_e1.zip.gpg  to checked[0m
[31mError: subject number 3000014 not an allowed subject value [300000,300999],[308000,308999],[309000,309999] in file: /home/data/NDClab/datasets/thrive-dataset/sourcedata/raw/s1_r1/audacity/sub-3000014/sub-3000014_all_audacity_s1_r1_e1.zip.gpg[0m
[32mCreating  sub-3000014/s1_r1/audacity  directory in checked[0m
[32mCopying  sub-3000014_all_audacity_s1_r1_e1.zip.gpg  to checked[0m
[31mError: subject number 3000005 not an allowed subject value [300000,300999],[308000,308999],[309000,309999] in file: /home/data/NDClab/datasets/thrive-dataset/sourcedata/raw/s1_r1/audacity/sub-3000005/sub-3000005_all_audacity_s1_r1_e1.zip.gpg[0m
[32mCreating  sub-3000005/s1_r1/audacity  directory in checked[0m
[32mCopying  sub-3000005_all_audacity_s1_r1_e1.zip.gpg  to checked[0m
[31mError: subject number 3000019 not an allowed subject value [300000,300999],[308000,308999],[309000,309999] in file: /home/data/NDClab/datasets/thrive-dataset/sourcedata/raw/s1_r1/audacity/sub-3000019/sub-3000019_all_audacity_s1_r1_e1.zip.gpg[0m
[32mCreating  sub-3000019/s1_r1/audacity  directory in checked[0m
[32mCopying  sub-3000019_all_audacity_s1_r1_e1.zip.gpg  to checked[0m
[31mError: subject number 3000004 not an allowed subject value [300000,300999],[308000,308999],[309000,309999] in file: /home/data/NDClab/datasets/thrive-dataset/sourcedata/raw/s1_r1/audacity/sub-3000004/sub-3000004_all_audacity_s1_r1_e1.zip.gpg[0m
[32mCreating  sub-3000004/s1_r1/audacity  directory in checked[0m
[32mCopying  sub-3000004_all_audacity_s1_r1_e1.zip.gpg  to checked[0m
[31mError: subject number 3000002 not an allowed subject value [300000,300999],[308000,308999],[309000,309999] in file: /home/data/NDClab/datasets/thrive-dataset/sourcedata/raw/s1_r1/audacity/sub-3000002/sub-3000002_all_audacity_s1_r1_e1.zip.gpg[0m
[31mError: subject number 3000003 not an allowed subject value [300000,300999],[308000,308999],[309000,309999] in file: /home/data/NDClab/datasets/thrive-dataset/sourcedata/raw/s1_r1/audacity/sub-3000003/sub-3000003_all_audacity_s1_r1_e1.zip.gpg[0m
[32mCreating  sub-3000003/s1_r1/audacity  directory in checked[0m
[32mCopying  sub-3000003_all_audacity_s1_r1_e1.zip.gpg  to checked[0m
[31mError: subject number 3000021 not an allowed subject value [300000,300999],[308000,308999],[309000,309999] in file: /home/data/NDClab/datasets/thrive-dataset/sourcedata/raw/s1_r1/audacity/sub-3000021/sub-3000021_all_audacity_s1_r1_e1.zip.gpg[0m
[32mCreating  sub-3000021/s1_r1/audacity  directory in checked[0m
[32mCopying  sub-3000021_all_audacity_s1_r1_e1.zip.gpg  to checked[0m
[31mError: file  /home/data/NDClab/datasets/thrive-dataset/sourcedata/raw/s1_r1/audacity/sub-3000013/sub-3000013_all_audacity_s1_r1.zip.gpg  does not match naming convention <sub-#>_<variable/task-name>_<session>.<ext>[0m
[31mError: file  /home/data/NDClab/datasets/thrive-dataset/sourcedata/raw/s1_r1/audacity/sub-3000023/sub-3000023_all_audacity_s1_r1.zip.gpg  does not match naming convention <sub-#>_<variable/task-name>_<session>.<ext>[0m
[31mError: subject number 3000006 not an allowed subject value [300000,300999],[308000,308999],[309000,309999] in file: /home/data/NDClab/datasets/thrive-dataset/sourcedata/raw/s1_r1/audacity/sub-3000006/sub-3000006_all_audacity_s1_r1_e1.zip.gpg[0m
[32mCreating  sub-3000006/s1_r1/audacity  directory in checked[0m
[32mCopying  sub-3000006_all_audacity_s1_r1_e1.zip.gpg  to checked[0m
[31mError: subject number 3000001 not an allowed subject value [300000,300999],[308000,308999],[309000,309999] in file: /home/data/NDClab/datasets/thrive-dataset/sourcedata/raw/s1_r1/audacity/sub-3000001/sub-3000001_all_audacity_s1_r1_e1.zip.gpg[0m
[31mError: subject number 3000026 not an allowed subject value [300000,300999],[308000,308999],[309000,309999] in file: /home/data/NDClab/datasets/thrive-dataset/sourcedata/raw/s1_r1/audacity/sub-3000026/sub-3000026_all_audacity_s1_r1_e1.zip.gpg[0m
[32mCreating  sub-3000026/s1_r1/audacity  directory in checked[0m
[32mCopying  sub-3000026_all_audacity_s1_r1_e1.zip.gpg  to checked[0m
[31mError: subject number 3000022 not an allowed subject value [300000,300999],[308000,308999],[309000,309999] in file: /home/data/NDClab/datasets/thrive-dataset/sourcedata/raw/s1_r1/audacity/sub-3000022/sub-3000022_all_audacity_s1_r1_e1.zip.gpg[0m
[32mCreating  sub-3000022/s1_r1/audacity  directory in checked[0m
[32mCopying  sub-3000022_all_audacity_s1_r1_e1.zip.gpg  to checked[0m
[31mError: subject number 3000020 not an allowed subject value [300000,300999],[308000,308999],[309000,309999] in file: /home/data/NDClab/datasets/thrive-dataset/sourcedata/raw/s1_r1/audacity/sub-3000020/sub-3000020_all_audacity_s1_r1_e1.zip.gpg[0m
[32mCreating  sub-3000020/s1_r1/audacity  directory in checked[0m
[32mCopying  sub-3000020_all_audacity_s1_r1_e1.zip.gpg  to checked[0m
[31mError: subject number 3000008 not an allowed subject value [300000,300999],[308000,308999],[309000,309999] in file: /home/data/NDClab/datasets/thrive-dataset/sourcedata/raw/s1_r1/audacity/sub-3000008/sub-3000008_all_audacity_s1_r1_e1.zip.gpg[0m
[32mCreating  sub-3000008/s1_r1/audacity  directory in checked[0m
[32mCopying  sub-3000008_all_audacity_s1_r1_e1.zip.gpg  to checked[0m
[31mError: subject number 3000011 not an allowed subject value [300000,300999],[308000,308999],[309000,309999] in file: /home/data/NDClab/datasets/thrive-dataset/sourcedata/raw/s1_r1/audacity/sub-3000011/sub-3000011_all_audacity_s1_r1_e1.zip.gpg[0m
[32mCreating  sub-3000011/s1_r1/audacity  directory in checked[0m
[32mCopying  sub-3000011_all_audacity_s1_r1_e1.zip.gpg  to checked[0m
Verifying files for: all_zoom
[31mError: subject number 3000010 not an allowed subject value [300000,300999],[308000,308999],[309000,309999] in file: /home/data/NDClab/datasets/thrive-dataset/sourcedata/raw/s1_r1/zoom/sub-3000010/sub-3000010_all_zoom_s1_r1_e1.zip.gpg[0m
[32mCreating  sub-3000010/s1_r1/zoom  directory in checked[0m
[32mCopying  sub-3000010_all_zoom_s1_r1_e1.zip.gpg  to checked[0m
[31mError: subject number 3000028 not an allowed subject value [300000,300999],[308000,308999],[309000,309999] in file: /home/data/NDClab/datasets/thrive-dataset/sourcedata/raw/s1_r1/zoom/sub-3000028/sub-3000028_all_zoom_s1_r1_e1.zip.gpg[0m
[32mCreating  sub-3000028/s1_r1/zoom  directory in checked[0m
[32mCopying  sub-3000028_all_zoom_s1_r1_e1.zip.gpg  to checked[0m
[31mError: subject number 3000012 not an allowed subject value [300000,300999],[308000,308999],[309000,309999] in file: /home/data/NDClab/datasets/thrive-dataset/sourcedata/raw/s1_r1/zoom/sub-3000012/sub-3000012_all_zoom_s1_r1_e1.zip.gpg[0m
[32mCreating  sub-3000012/s1_r1/zoom  directory in checked[0m
[32mCopying  sub-3000012_all_zoom_s1_r1_e1.zip.gpg  to checked[0m
[31mError: subject number 3000015 not an allowed subject value [300000,300999],[308000,308999],[309000,309999] in file: /home/data/NDClab/datasets/thrive-dataset/sourcedata/raw/s1_r1/zoom/sub-3000015/sub-3000015_all_zoom_s1_r1_e1.zip.gpg[0m
[32mCreating  sub-3000015/s1_r1/zoom  directory in checked[0m
[32mCopying  sub-3000015_all_zoom_s1_r1_e1.zip.gpg  to checked[0m
[31mError: subject number 3000014 not an allowed subject value [300000,300999],[308000,308999],[309000,309999] in file: /home/data/NDClab/datasets/thrive-dataset/sourcedata/raw/s1_r1/zoom/sub-3000014/sub-3000014_all_zoom_s1_r1_e1.zip.gpg[0m
[32mCreating  sub-3000014/s1_r1/zoom  directory in checked[0m
[32mCopying  sub-3000014_all_zoom_s1_r1_e1.zip.gpg  to checked[0m
[31mError: subject number 3000005 not an allowed subject value [300000,300999],[308000,308999],[309000,309999] in file: /home/data/NDClab/datasets/thrive-dataset/sourcedata/raw/s1_r1/zoom/sub-3000005/sub-3000005_all_zoom_s1_r1_e1.zip.gpg[0m
[32mCreating  sub-3000005/s1_r1/zoom  directory in checked[0m
[32mCopying  sub-3000005_all_zoom_s1_r1_e1.zip.gpg  to checked[0m
[31mError: subject number 3000019 not an allowed subject value [300000,300999],[308000,308999],[309000,309999] in file: /home/data/NDClab/datasets/thrive-dataset/sourcedata/raw/s1_r1/zoom/sub-3000019/sub-3000019_all_zoom_s1_r1_e1.zip.gpg[0m
[32mCreating  sub-3000019/s1_r1/zoom  directory in checked[0m
[32mCopying  sub-3000019_all_zoom_s1_r1_e1.zip.gpg  to checked[0m
[31mError: subject number 3000004 not an allowed subject value [300000,300999],[308000,308999],[309000,309999] in file: /home/data/NDClab/datasets/thrive-dataset/sourcedata/raw/s1_r1/zoom/sub-3000004/sub-3000004_all_zoom_s1_r1_e1.zip.gpg[0m
[32mCreating  sub-3000004/s1_r1/zoom  directory in checked[0m
[32mCopying  sub-3000004_all_zoom_s1_r1_e1.zip.gpg  to checked[0m
[31mError: subject number 3000002 not an allowed subject value [300000,300999],[308000,308999],[309000,309999] in file: /home/data/NDClab/datasets/thrive-dataset/sourcedata/raw/s1_r1/zoom/sub-3000002/sub-3000002_all_zoom_s1_r1_e1.zip.gpg[0m
[31mError: subject number 3000003 not an allowed subject value [300000,300999],[308000,308999],[309000,309999] in file: /home/data/NDClab/datasets/thrive-dataset/sourcedata/raw/s1_r1/zoom/sub-3000003/sub-3000003_all_zoom_s1_r1_e1.zip.gpg[0m
[32mCreating  sub-3000003/s1_r1/zoom  directory in checked[0m
[32mCopying  sub-3000003_all_zoom_s1_r1_e1.zip.gpg  to checked[0m
[31mError: subject number 3000021 not an allowed subject value [300000,300999],[308000,308999],[309000,309999] in file: /home/data/NDClab/datasets/thrive-dataset/sourcedata/raw/s1_r1/zoom/sub-3000021/sub-3000021_all_zoom_s1_r1_e1.zip.gpg[0m
[32mCreating  sub-3000021/s1_r1/zoom  directory in checked[0m
[32mCopying  sub-3000021_all_zoom_s1_r1_e1.zip.gpg  to checked[0m
[31mError: subject number 3000013 not an allowed subject value [300000,300999],[308000,308999],[309000,309999] in file: /home/data/NDClab/datasets/thrive-dataset/sourcedata/raw/s1_r1/zoom/sub-3000013/sub-3000013_all_zoom_s1_r1_e1.zip.gpg[0m
[32mCreating  sub-3000013/s1_r1/zoom  directory in checked[0m
[32mCopying  sub-3000013_all_zoom_s1_r1_e1.zip.gpg  to checked[0m
[31mError: subject number 3000023 not an allowed subject value [300000,300999],[308000,308999],[309000,309999] in file: /home/data/NDClab/datasets/thrive-dataset/sourcedata/raw/s1_r1/zoom/sub-3000023/sub-3000023_all_zoom_s1_r1_e1.zip.gpg[0m
[32mCreating  sub-3000023/s1_r1/zoom  directory in checked[0m
[32mCopying  sub-3000023_all_zoom_s1_r1_e1.zip.gpg  to checked[0m
[31mError: subject number 3000006 not an allowed subject value [300000,300999],[308000,308999],[309000,309999] in file: /home/data/NDClab/datasets/thrive-dataset/sourcedata/raw/s1_r1/zoom/sub-3000006/sub-3000006_all_zoom_s1_r1_e1.zip.gpg[0m
[32mCreating  sub-3000006/s1_r1/zoom  directory in checked[0m
[32mCopying  sub-3000006_all_zoom_s1_r1_e1.zip.gpg  to checked[0m
[31mError: subject number 3000001 not an allowed subject value [300000,300999],[308000,308999],[309000,309999] in file: /home/data/NDClab/datasets/thrive-dataset/sourcedata/raw/s1_r1/zoom/sub-3000001/sub-3000001_all_zoom_s1_r1_e1.zip.gpg[0m
[32mCreating  sub-3000001/s1_r1/zoom  directory in checked[0m
[32mCopying  sub-3000001_all_zoom_s1_r1_e1.zip.gpg  to checked[0m
[31mError: subject number 3000026 not an allowed subject value [300000,300999],[308000,308999],[309000,309999] in file: /home/data/NDClab/datasets/thrive-dataset/sourcedata/raw/s1_r1/zoom/sub-3000026/sub-3000026_all_zoom_s1_r1_e1.zip.gpg[0m
[32mCreating  sub-3000026/s1_r1/zoom  directory in checked[0m
[32mCopying  sub-3000026_all_zoom_s1_r1_e1.zip.gpg  to checked[0m
[31mError: subject number 3000022 not an allowed subject value [300000,300999],[308000,308999],[309000,309999] in file: /home/data/NDClab/datasets/thrive-dataset/sourcedata/raw/s1_r1/zoom/sub-3000022/sub-3000022_all_zoom_s1_r1_e1.zip.gpg[0m
[32mCreating  sub-3000022/s1_r1/zoom  directory in checked[0m
[32mCopying  sub-3000022_all_zoom_s1_r1_e1.zip.gpg  to checked[0m
[31mError: subject number 3000033 not an allowed subject value [300000,300999],[308000,308999],[309000,309999] in file: /home/data/NDClab/datasets/thrive-dataset/sourcedata/raw/s1_r1/zoom/sub-3000033/sub-3000033_all_zoom_s1_r1_e1.zip.gpg[0m
[32mCreating  sub-3000033/s1_r1/zoom  directory in checked[0m
[32mCopying  sub-3000033_all_zoom_s1_r1_e1.zip.gpg  to checked[0m
[31mError: subject number 3000020 not an allowed subject value [300000,300999],[308000,308999],[309000,309999] in file: /home/data/NDClab/datasets/thrive-dataset/sourcedata/raw/s1_r1/zoom/sub-3000020/sub-3000020_all_zoom_s1_r1_e1.zip.gpg[0m
[32mCreating  sub-3000020/s1_r1/zoom  directory in checked[0m
[32mCopying  sub-3000020_all_zoom_s1_r1_e1.zip.gpg  to checked[0m
[31mError: subject number 3000008 not an allowed subject value [300000,300999],[308000,308999],[309000,309999] in file: /home/data/NDClab/datasets/thrive-dataset/sourcedata/raw/s1_r1/zoom/sub-3000008/sub-3000008_all_zoom_s1_r1_e1.zip.gpg[0m
[32mCreating  sub-3000008/s1_r1/zoom  directory in checked[0m
[32mCopying  sub-3000008_all_zoom_s1_r1_e1.zip.gpg  to checked[0m
[31mError: subject number 3000011 not an allowed subject value [300000,300999],[308000,308999],[309000,309999] in file: /home/data/NDClab/datasets/thrive-dataset/sourcedata/raw/s1_r1/zoom/sub-3000011/sub-3000011_all_zoom_s1_r1_e1.zip.gpg[0m
[32mCreating  sub-3000011/s1_r1/zoom  directory in checked[0m
[32mCopying  sub-3000011_all_zoom_s1_r1_e1.zip.gpg  to checked[0m
Verifying files for: all_eeg
[31mError: subject number 3000010 not an allowed subject value [300000,300999],[308000,308999],[309000,309999] in file: /home/data/NDClab/datasets/thrive-dataset/sourcedata/raw/s1_r1/eeg/sub-3000010/sub-3000010_all_eeg_s1_r1_e1.eeg[0m
[31mError: subject number 3000010 not an allowed subject value [300000,300999],[308000,308999],[309000,309999] in file: /home/data/NDClab/datasets/thrive-dataset/sourcedata/raw/s1_r1/eeg/sub-3000010/sub-3000010_all_eeg_s1_r1_e1.vmrk[0m
[31mError: subject number 3000010 not an allowed subject value [300000,300999],[308000,308999],[309000,309999] in file: /home/data/NDClab/datasets/thrive-dataset/sourcedata/raw/s1_r1/eeg/sub-3000010/sub-3000010_all_eeg_s1_r1_e1.vhdr[0m
[32mCreating  sub-3000010/s1_r1/eeg  directory in checked[0m
[32mCopying  sub-3000010_all_eeg_s1_r1_e1.eeg  to checked[0m
[32mCopying  sub-3000010_all_eeg_s1_r1_e1.vmrk  to checked[0m
[32mCopying  sub-3000010_all_eeg_s1_r1_e1.vhdr  to checked[0m
[31mError: subject number 3000028 not an allowed subject value [300000,300999],[308000,308999],[309000,309999] in file: /home/data/NDClab/datasets/thrive-dataset/sourcedata/raw/s1_r1/eeg/sub-3000028/sub-3000028_all_eeg_s1_r1_e1.vhdr[0m
[31mError: subject number 3000028 not an allowed subject value [300000,300999],[308000,308999],[309000,309999] in file: /home/data/NDClab/datasets/thrive-dataset/sourcedata/raw/s1_r1/eeg/sub-3000028/sub-3000028_all_eeg_s1_r1_e1.eeg[0m
[31mError: subject number 3000028 not an allowed subject value [300000,300999],[308000,308999],[309000,309999] in file: /home/data/NDClab/datasets/thrive-dataset/sourcedata/raw/s1_r1/eeg/sub-3000028/sub-3000028_all_eeg_s1_r1_e1.vmrk[0m
[32mCreating  sub-3000028/s1_r1/eeg  directory in checked[0m
[32mCopying  sub-3000028_all_eeg_s1_r1_e1.eeg  to checked[0m
[32mCopying  sub-3000028_all_eeg_s1_r1_e1.vmrk  to checked[0m
[32mCopying  sub-3000028_all_eeg_s1_r1_e1.vhdr  to checked[0m
[31mError: subject number 3000012 not an allowed subject value [300000,300999],[308000,308999],[309000,309999] in file: /home/data/NDClab/datasets/thrive-dataset/sourcedata/raw/s1_r1/eeg/sub-3000012/sub-3000012_all_eeg_s1_r1_e1.vhdr[0m
[31mError: subject number 3000012 not an allowed subject value [300000,300999],[308000,308999],[309000,309999] in file: /home/data/NDClab/datasets/thrive-dataset/sourcedata/raw/s1_r1/eeg/sub-3000012/sub-3000012_all_eeg_s1_r1_e1.eeg[0m
[31mError: subject number 3000012 not an allowed subject value [300000,300999],[308000,308999],[309000,309999] in file: /home/data/NDClab/datasets/thrive-dataset/sourcedata/raw/s1_r1/eeg/sub-3000012/sub-3000012_all_eeg_s1_r1_e1.vmrk[0m
[32mCreating  sub-3000012/s1_r1/eeg  directory in checked[0m
[32mCopying  sub-3000012_all_eeg_s1_r1_e1.eeg  to checked[0m
[32mCopying  sub-3000012_all_eeg_s1_r1_e1.vmrk  to checked[0m
[32mCopying  sub-3000012_all_eeg_s1_r1_e1.vhdr  to checked[0m
[31mError: subject number 3000015 not an allowed subject value [300000,300999],[308000,308999],[309000,309999] in file: /home/data/NDClab/datasets/thrive-dataset/sourcedata/raw/s1_r1/eeg/sub-3000015/sub-3000015_all_eeg_s1_r1_e1.eeg[0m
[31mError: subject number 3000015 not an allowed subject value [300000,300999],[308000,308999],[309000,309999] in file: /home/data/NDClab/datasets/thrive-dataset/sourcedata/raw/s1_r1/eeg/sub-3000015/sub-3000015_all_eeg_s1_r1_e1.vmrk[0m
[31mError: subject number 3000015 not an allowed subject value [300000,300999],[308000,308999],[309000,309999] in file: /home/data/NDClab/datasets/thrive-dataset/sourcedata/raw/s1_r1/eeg/sub-3000015/sub-3000015_all_eeg_s1_r1_e1.vhdr[0m
[32mCreating  sub-3000015/s1_r1/eeg  directory in checked[0m
[32mCopying  sub-3000015_all_eeg_s1_r1_e1.eeg  to checked[0m
[32mCopying  sub-3000015_all_eeg_s1_r1_e1.vmrk  to checked[0m
[32mCopying  sub-3000015_all_eeg_s1_r1_e1.vhdr  to checked[0m
[31mError: subject number 3000014 not an allowed subject value [300000,300999],[308000,308999],[309000,309999] in file: /home/data/NDClab/datasets/thrive-dataset/sourcedata/raw/s1_r1/eeg/sub-3000014/sub-3000014_all_eeg_s1_r1_e1.vhdr[0m
[31mError: subject number 3000014 not an allowed subject value [300000,300999],[308000,308999],[309000,309999] in file: /home/data/NDClab/datasets/thrive-dataset/sourcedata/raw/s1_r1/eeg/sub-3000014/sub-3000014_all_eeg_s1_r1_e1.eeg[0m
[31mError: subject number 3000014 not an allowed subject value [300000,300999],[308000,308999],[309000,309999] in file: /home/data/NDClab/datasets/thrive-dataset/sourcedata/raw/s1_r1/eeg/sub-3000014/sub-3000014_all_eeg_s1_r1_e1.vmrk[0m
[32mCreating  sub-3000014/s1_r1/eeg  directory in checked[0m
[32mCopying  sub-3000014_all_eeg_s1_r1_e1.eeg  to checked[0m
[32mCopying  sub-3000014_all_eeg_s1_r1_e1.vmrk  to checked[0m
[32mCopying  sub-3000014_all_eeg_s1_r1_e1.vhdr  to checked[0m
[31mError: subject number 3000005 not an allowed subject value [300000,300999],[308000,308999],[309000,309999] in file: /home/data/NDClab/datasets/thrive-dataset/sourcedata/raw/s1_r1/eeg/sub-3000005/sub-3000005_all_eeg_s1_r1_e1.vmrk[0m
[31mError: subject number 3000005 not an allowed subject value [300000,300999],[308000,308999],[309000,309999] in file: /home/data/NDClab/datasets/thrive-dataset/sourcedata/raw/s1_r1/eeg/sub-3000005/sub-3000005_all_eeg_s1_r1_e1.vhdr[0m
[31mError: subject number 3000005 not an allowed subject value [300000,300999],[308000,308999],[309000,309999] in file: /home/data/NDClab/datasets/thrive-dataset/sourcedata/raw/s1_r1/eeg/sub-3000005/sub-3000005_all_eeg_s1_r1_e1.eeg[0m
[32mCreating  sub-3000005/s1_r1/eeg  directory in checked[0m
[32mCopying  sub-3000005_all_eeg_s1_r1_e1.eeg  to checked[0m
[32mCopying  sub-3000005_all_eeg_s1_r1_e1.vmrk  to checked[0m
[32mCopying  sub-3000005_all_eeg_s1_r1_e1.vhdr  to checked[0m
[31mError: subject number 3000019 not an allowed subject value [300000,300999],[308000,308999],[309000,309999] in file: /home/data/NDClab/datasets/thrive-dataset/sourcedata/raw/s1_r1/eeg/sub-3000019/sub-3000019_all_eeg_s1_r1_e1.eeg[0m
[31mError: subject number 3000019 not an allowed subject value [300000,300999],[308000,308999],[309000,309999] in file: /home/data/NDClab/datasets/thrive-dataset/sourcedata/raw/s1_r1/eeg/sub-3000019/sub-3000019_all_eeg_s1_r1_e1.vmrk[0m
[31mError: subject number 3000019 not an allowed subject value [300000,300999],[308000,308999],[309000,309999] in file: /home/data/NDClab/datasets/thrive-dataset/sourcedata/raw/s1_r1/eeg/sub-3000019/sub-3000019_all_eeg_s1_r1_e1.vhdr[0m
[32mCreating  sub-3000019/s1_r1/eeg  directory in checked[0m
[32mCopying  sub-3000019_all_eeg_s1_r1_e1.eeg  to checked[0m
[32mCopying  sub-3000019_all_eeg_s1_r1_e1.vmrk  to checked[0m
[32mCopying  sub-3000019_all_eeg_s1_r1_e1.vhdr  to checked[0m
[31mError: subject number 3000004 not an allowed subject value [300000,300999],[308000,308999],[309000,309999] in file: /home/data/NDClab/datasets/thrive-dataset/sourcedata/raw/s1_r1/eeg/sub-3000004/sub-3000004_all_eeg_s1_r1_e1.vmrk[0m
[31mError: subject number 3000004 not an allowed subject value [300000,300999],[308000,308999],[309000,309999] in file: /home/data/NDClab/datasets/thrive-dataset/sourcedata/raw/s1_r1/eeg/sub-3000004/sub-3000004_all_eeg_s1_r1_e1.eeg[0m
[31mError: subject number 3000004 not an allowed subject value [300000,300999],[308000,308999],[309000,309999] in file: /home/data/NDClab/datasets/thrive-dataset/sourcedata/raw/s1_r1/eeg/sub-3000004/sub-3000004_all_eeg_s1_r1_e1.vhdr[0m
[32mCreating  sub-3000004/s1_r1/eeg  directory in checked[0m
[32mCopying  sub-3000004_all_eeg_s1_r1_e1.eeg  to checked[0m
[32mCopying  sub-3000004_all_eeg_s1_r1_e1.vmrk  to checked[0m
[32mCopying  sub-3000004_all_eeg_s1_r1_e1.vhdr  to checked[0m
[31mError: subject number 3000002 not an allowed subject value [300000,300999],[308000,308999],[309000,309999] in file: /home/data/NDClab/datasets/thrive-dataset/sourcedata/raw/s1_r1/eeg/sub-3000002/sub-3000002_all_eeg_s1_r1_e1.eeg[0m
[31mError: subject number 3000002 not an allowed subject value [300000,300999],[308000,308999],[309000,309999] in file: /home/data/NDClab/datasets/thrive-dataset/sourcedata/raw/s1_r1/eeg/sub-3000002/sub-3000002_all_eeg_s1_r1_e1.vhdr[0m
[31mError: subject number 3000002 not an allowed subject value [300000,300999],[308000,308999],[309000,309999] in file: /home/data/NDClab/datasets/thrive-dataset/sourcedata/raw/s1_r1/eeg/sub-3000002/sub-3000002_all_eeg_s1_r1_e1.vmrk[0m
[32mCreating  sub-3000002/s1_r1/eeg  directory in checked[0m
[32mCopying  sub-3000002_all_eeg_s1_r1_e1.eeg  to checked[0m
[32mCopying  sub-3000002_all_eeg_s1_r1_e1.vmrk  to checked[0m
[32mCopying  sub-3000002_all_eeg_s1_r1_e1.vhdr  to checked[0m
[31mError: subject number 3000003 not an allowed subject value [300000,300999],[308000,308999],[309000,309999] in file: /home/data/NDClab/datasets/thrive-dataset/sourcedata/raw/s1_r1/eeg/sub-3000003/sub-3000003_all_eeg_s1_r1_e1.eeg[0m
[31mError: subject number 3000003 not an allowed subject value [300000,300999],[308000,308999],[309000,309999] in file: /home/data/NDClab/datasets/thrive-dataset/sourcedata/raw/s1_r1/eeg/sub-3000003/sub-3000003_all_eeg_s1_r1_e1.vmrk[0m
[31mError: subject number 3000003 not an allowed subject value [300000,300999],[308000,308999],[309000,309999] in file: /home/data/NDClab/datasets/thrive-dataset/sourcedata/raw/s1_r1/eeg/sub-3000003/sub-3000003_all_eeg_s1_r1_e1.vhdr[0m
[32mCreating  sub-3000003/s1_r1/eeg  directory in checked[0m
[32mCopying  sub-3000003_all_eeg_s1_r1_e1.eeg  to checked[0m
[32mCopying  sub-3000003_all_eeg_s1_r1_e1.vmrk  to checked[0m
[32mCopying  sub-3000003_all_eeg_s1_r1_e1.vhdr  to checked[0m
[31mError: subject number 3000021 not an allowed subject value [300000,300999],[308000,308999],[309000,309999] in file: /home/data/NDClab/datasets/thrive-dataset/sourcedata/raw/s1_r1/eeg/sub-3000021/sub-3000021_all_eeg_s1_r1_e1.eeg[0m
[31mError: subject number 3000021 not an allowed subject value [300000,300999],[308000,308999],[309000,309999] in file: /home/data/NDClab/datasets/thrive-dataset/sourcedata/raw/s1_r1/eeg/sub-3000021/sub-3000021_all_eeg_s1_r1_e1.vmrk[0m
[31mError: subject number 3000021 not an allowed subject value [300000,300999],[308000,308999],[309000,309999] in file: /home/data/NDClab/datasets/thrive-dataset/sourcedata/raw/s1_r1/eeg/sub-3000021/sub-3000021_all_eeg_s1_r1_e1.vhdr[0m
[32mCreating  sub-3000021/s1_r1/eeg  directory in checked[0m
[32mCopying  sub-3000021_all_eeg_s1_r1_e1.eeg  to checked[0m
[32mCopying  sub-3000021_all_eeg_s1_r1_e1.vmrk  to checked[0m
[32mCopying  sub-3000021_all_eeg_s1_r1_e1.vhdr  to checked[0m
[31mError: number of eeg data files in subject folder sub-3000013 6 greater than the expected number 3[0m
[31mError: subject number 3000013 not an allowed subject value [300000,300999],[308000,308999],[309000,309999] in file: /home/data/NDClab/datasets/thrive-dataset/sourcedata/raw/s1_r1/eeg/sub-3000013/sub-3000013_speech_eeg_s1_r1_e1.vmrk[0m
[31mError: variable name speech_eeg does not match any datadict variables, in file: /home/data/NDClab/datasets/thrive-dataset/sourcedata/raw/s1_r1/eeg/sub-3000013/sub-3000013_speech_eeg_s1_r1_e1.vmrk[0m
[31mError: subject number 3000013 not an allowed subject value [300000,300999],[308000,308999],[309000,309999] in file: /home/data/NDClab/datasets/thrive-dataset/sourcedata/raw/s1_r1/eeg/sub-3000013/sub-3000013_all_eeg_s1_r1_e1.vhdr[0m
[31mError: subject number 3000013 not an allowed subject value [300000,300999],[308000,308999],[309000,309999] in file: /home/data/NDClab/datasets/thrive-dataset/sourcedata/raw/s1_r1/eeg/sub-3000013/sub-3000013_speech_eeg_s1_r1_e1.vhdr[0m
[31mError: variable name speech_eeg does not match any datadict variables, in file: /home/data/NDClab/datasets/thrive-dataset/sourcedata/raw/s1_r1/eeg/sub-3000013/sub-3000013_speech_eeg_s1_r1_e1.vhdr[0m
[31mError: subject number 3000013 not an allowed subject value [300000,300999],[308000,308999],[309000,309999] in file: /home/data/NDClab/datasets/thrive-dataset/sourcedata/raw/s1_r1/eeg/sub-3000013/sub-3000013_speech_eeg_s1_r1_e1.eeg[0m
[31mError: variable name speech_eeg does not match any datadict variables, in file: /home/data/NDClab/datasets/thrive-dataset/sourcedata/raw/s1_r1/eeg/sub-3000013/sub-3000013_speech_eeg_s1_r1_e1.eeg[0m
[31mError: subject number 3000013 not an allowed subject value [300000,300999],[308000,308999],[309000,309999] in file: /home/data/NDClab/datasets/thrive-dataset/sourcedata/raw/s1_r1/eeg/sub-3000013/sub-3000013_all_eeg_s1_r1_e1.vmrk[0m
[31mError: subject number 3000013 not an allowed subject value [300000,300999],[308000,308999],[309000,309999] in file: /home/data/NDClab/datasets/thrive-dataset/sourcedata/raw/s1_r1/eeg/sub-3000013/sub-3000013_all_eeg_s1_r1_e1.eeg[0m
[32mCreating  sub-3000013/s1_r1/eeg  directory in checked[0m
[32mCopying  sub-3000013_all_eeg_s1_r1_e1.eeg  to checked[0m
[32mCopying  sub-3000013_all_eeg_s1_r1_e1.vmrk  to checked[0m
[32mCopying  sub-3000013_all_eeg_s1_r1_e1.vhdr  to checked[0m
[31mError: subject number 3000023 not an allowed subject value [300000,300999],[308000,308999],[309000,309999] in file: /home/data/NDClab/datasets/thrive-dataset/sourcedata/raw/s1_r1/eeg/sub-3000023/sub-3000023_all_eeg_s1_r1_e1.eeg[0m
[31mError: subject number 3000023 not an allowed subject value [300000,300999],[308000,308999],[309000,309999] in file: /home/data/NDClab/datasets/thrive-dataset/sourcedata/raw/s1_r1/eeg/sub-3000023/sub-3000023_all_eeg_s1_r1_e1.vmrk[0m
[31mError: subject number 3000023 not an allowed subject value [300000,300999],[308000,308999],[309000,309999] in file: /home/data/NDClab/datasets/thrive-dataset/sourcedata/raw/s1_r1/eeg/sub-3000023/sub-3000023_all_eeg_s1_r1_e1.vhdr[0m
[32mCreating  sub-3000023/s1_r1/eeg  directory in checked[0m
[32mCopying  sub-3000023_all_eeg_s1_r1_e1.eeg  to checked[0m
[32mCopying  sub-3000023_all_eeg_s1_r1_e1.vmrk  to checked[0m
[32mCopying  sub-3000023_all_eeg_s1_r1_e1.vhdr  to checked[0m
[31mError: subject number 3000006 not an allowed subject value [300000,300999],[308000,308999],[309000,309999] in file: /home/data/NDClab/datasets/thrive-dataset/sourcedata/raw/s1_r1/eeg/sub-3000006/sub-3000006_all_eeg_s1_r1_e1.vhdr[0m
[31mError: subject number 3000006 not an allowed subject value [300000,300999],[308000,308999],[309000,309999] in file: /home/data/NDClab/datasets/thrive-dataset/sourcedata/raw/s1_r1/eeg/sub-3000006/sub-3000006_all_eeg_s1_r1_e1.vmrk[0m
[31mError: subject number 3000006 not an allowed subject value [300000,300999],[308000,308999],[309000,309999] in file: /home/data/NDClab/datasets/thrive-dataset/sourcedata/raw/s1_r1/eeg/sub-3000006/sub-3000006_all_eeg_s1_r1_e1.eeg[0m
[32mCreating  sub-3000006/s1_r1/eeg  directory in checked[0m
[32mCopying  sub-3000006_all_eeg_s1_r1_e1.eeg  to checked[0m
[32mCopying  sub-3000006_all_eeg_s1_r1_e1.vmrk  to checked[0m
[32mCopying  sub-3000006_all_eeg_s1_r1_e1.vhdr  to checked[0m
[31mError: subject number 3000001 not an allowed subject value [300000,300999],[308000,308999],[309000,309999] in file: /home/data/NDClab/datasets/thrive-dataset/sourcedata/raw/s1_r1/eeg/sub-3000001/sub-3000001_all_eeg_s1_r1_e1.vmrk[0m
[31mError: subject number 3000001 not an allowed subject value [300000,300999],[308000,308999],[309000,309999] in file: /home/data/NDClab/datasets/thrive-dataset/sourcedata/raw/s1_r1/eeg/sub-3000001/sub-3000001_all_eeg_s1_r1_e1.eeg[0m
[31mError: subject number 3000001 not an allowed subject value [300000,300999],[308000,308999],[309000,309999] in file: /home/data/NDClab/datasets/thrive-dataset/sourcedata/raw/s1_r1/eeg/sub-3000001/sub-3000001_all_eeg_s1_r1_e1.vhdr[0m
[32mCreating  sub-3000001/s1_r1/eeg  directory in checked[0m
[32mCopying  sub-3000001_all_eeg_s1_r1_e1.eeg  to checked[0m
[32mCopying  sub-3000001_all_eeg_s1_r1_e1.vmrk  to checked[0m
[32mCopying  sub-3000001_all_eeg_s1_r1_e1.vhdr  to checked[0m
[31mError: subject number 3000026 not an allowed subject value [300000,300999],[308000,308999],[309000,309999] in file: /home/data/NDClab/datasets/thrive-dataset/sourcedata/raw/s1_r1/eeg/sub-3000026/sub-3000026_all_eeg_s1_r1_e1.vmrk[0m
[31mError: subject number 3000026 not an allowed subject value [300000,300999],[308000,308999],[309000,309999] in file: /home/data/NDClab/datasets/thrive-dataset/sourcedata/raw/s1_r1/eeg/sub-3000026/sub-3000026_all_eeg_s1_r1_e1.vhdr[0m
[31mError: subject number 3000026 not an allowed subject value [300000,300999],[308000,308999],[309000,309999] in file: /home/data/NDClab/datasets/thrive-dataset/sourcedata/raw/s1_r1/eeg/sub-3000026/sub-3000026_all_eeg_s1_r1_e1.eeg[0m
[32mCreating  sub-3000026/s1_r1/eeg  directory in checked[0m
[32mCopying  sub-3000026_all_eeg_s1_r1_e1.eeg  to checked[0m
[32mCopying  sub-3000026_all_eeg_s1_r1_e1.vmrk  to checked[0m
[32mCopying  sub-3000026_all_eeg_s1_r1_e1.vhdr  to checked[0m
[31mError: subject number 3000022 not an allowed subject value [300000,300999],[308000,308999],[309000,309999] in file: /home/data/NDClab/datasets/thrive-dataset/sourcedata/raw/s1_r1/eeg/sub-3000022/sub-3000022_all_eeg_s1_r1_e1.vhdr[0m
[31mError: subject number 3000022 not an allowed subject value [300000,300999],[308000,308999],[309000,309999] in file: /home/data/NDClab/datasets/thrive-dataset/sourcedata/raw/s1_r1/eeg/sub-3000022/sub-3000022_all_eeg_s1_r1_e1.vmrk[0m
[31mError: subject number 3000022 not an allowed subject value [300000,300999],[308000,308999],[309000,309999] in file: /home/data/NDClab/datasets/thrive-dataset/sourcedata/raw/s1_r1/eeg/sub-3000022/sub-3000022_all_eeg_s1_r1_e1.eeg[0m
[32mCreating  sub-3000022/s1_r1/eeg  directory in checked[0m
[32mCopying  sub-3000022_all_eeg_s1_r1_e1.eeg  to checked[0m
[32mCopying  sub-3000022_all_eeg_s1_r1_e1.vmrk  to checked[0m
[32mCopying  sub-3000022_all_eeg_s1_r1_e1.vhdr  to checked[0m
[31mError: subject number 3000033 not an allowed subject value [300000,300999],[308000,308999],[309000,309999] in file: /home/data/NDClab/datasets/thrive-dataset/sourcedata/raw/s1_r1/eeg/sub-3000033/sub-3000033_all_eeg_s1_r1_e1.vmrk[0m
[31mError: subject number 3000033 not an allowed subject value [300000,300999],[308000,308999],[309000,309999] in file: /home/data/NDClab/datasets/thrive-dataset/sourcedata/raw/s1_r1/eeg/sub-3000033/sub-3000033_all_eeg_s1_r1_e1.vhdr[0m
[31mError: subject number 3000033 not an allowed subject value [300000,300999],[308000,308999],[309000,309999] in file: /home/data/NDClab/datasets/thrive-dataset/sourcedata/raw/s1_r1/eeg/sub-3000033/sub-3000033_all_eeg_s1_r1_e1.eeg[0m
[32mCreating  sub-3000033/s1_r1/eeg  directory in checked[0m
[32mCopying  sub-3000033_all_eeg_s1_r1_e1.eeg  to checked[0m
[32mCopying  sub-3000033_all_eeg_s1_r1_e1.vmrk  to checked[0m
[32mCopying  sub-3000033_all_eeg_s1_r1_e1.vhdr  to checked[0m
[31mError: subject number 3000020 not an allowed subject value [300000,300999],[308000,308999],[309000,309999] in file: /home/data/NDClab/datasets/thrive-dataset/sourcedata/raw/s1_r1/eeg/sub-3000020/sub-3000020_all_eeg_s1_r1_e1.eeg[0m
[31mError: subject number 3000020 not an allowed subject value [300000,300999],[308000,308999],[309000,309999] in file: /home/data/NDClab/datasets/thrive-dataset/sourcedata/raw/s1_r1/eeg/sub-3000020/sub-3000020_all_eeg_s1_r1_e1.vmrk[0m
[31mError: subject number 3000020 not an allowed subject value [300000,300999],[308000,308999],[309000,309999] in file: /home/data/NDClab/datasets/thrive-dataset/sourcedata/raw/s1_r1/eeg/sub-3000020/sub-3000020_all_eeg_s1_r1_e1.vhdr[0m
[32mCreating  sub-3000020/s1_r1/eeg  directory in checked[0m
[32mCopying  sub-3000020_all_eeg_s1_r1_e1.eeg  to checked[0m
[32mCopying  sub-3000020_all_eeg_s1_r1_e1.vmrk  to checked[0m
[32mCopying  sub-3000020_all_eeg_s1_r1_e1.vhdr  to checked[0m
[31mError: subject number 3000008 not an allowed subject value [300000,300999],[308000,308999],[309000,309999] in file: /home/data/NDClab/datasets/thrive-dataset/sourcedata/raw/s1_r1/eeg/sub-3000008/sub-3000008_all_eeg_s1_r1_e1.eeg[0m
[31mError: subject number 3000008 not an allowed subject value [300000,300999],[308000,308999],[309000,309999] in file: /home/data/NDClab/datasets/thrive-dataset/sourcedata/raw/s1_r1/eeg/sub-3000008/sub-3000008_all_eeg_s1_r1_e1.vmrk[0m
[31mError: subject number 3000008 not an allowed subject value [300000,300999],[308000,308999],[309000,309999] in file: /home/data/NDClab/datasets/thrive-dataset/sourcedata/raw/s1_r1/eeg/sub-3000008/sub-3000008_all_eeg_s1_r1_e1.vhdr[0m
[32mCreating  sub-3000008/s1_r1/eeg  directory in checked[0m
[32mCopying  sub-3000008_all_eeg_s1_r1_e1.eeg  to checked[0m
[32mCopying  sub-3000008_all_eeg_s1_r1_e1.vmrk  to checked[0m
[32mCopying  sub-3000008_all_eeg_s1_r1_e1.vhdr  to checked[0m
[31mError: subject number 3000011 not an allowed subject value [300000,300999],[308000,308999],[309000,309999] in file: /home/data/NDClab/datasets/thrive-dataset/sourcedata/raw/s1_r1/eeg/sub-3000011/sub-3000011_all_eeg_s1_r1_e1.vhdr[0m
[31mError: subject number 3000011 not an allowed subject value [300000,300999],[308000,308999],[309000,309999] in file: /home/data/NDClab/datasets/thrive-dataset/sourcedata/raw/s1_r1/eeg/sub-3000011/sub-3000011_all_eeg_s1_r1_e1.eeg[0m
[31mError: subject number 3000011 not an allowed subject value [300000,300999],[308000,308999],[309000,309999] in file: /home/data/NDClab/datasets/thrive-dataset/sourcedata/raw/s1_r1/eeg/sub-3000011/sub-3000011_all_eeg_s1_r1_e1.vmrk[0m
[32mCreating  sub-3000011/s1_r1/eeg  directory in checked[0m
[32mCopying  sub-3000011_all_eeg_s1_r1_e1.eeg  to checked[0m
[32mCopying  sub-3000011_all_eeg_s1_r1_e1.vmrk  to checked[0m
[32mCopying  sub-3000011_all_eeg_s1_r1_e1.vhdr  to checked[0m
Verifying files for: all_digi
[31mError: subject number 3000010 not an allowed subject value [300000,300999],[308000,308999],[309000,309999] in file: /home/data/NDClab/datasets/thrive-dataset/sourcedata/raw/s1_r1/digi/sub-3000010/sub-3000010_digi_s1_r1_e1.zip.gpg[0m
[31mError: variable name digi does not match any datadict variables, in file: /home/data/NDClab/datasets/thrive-dataset/sourcedata/raw/s1_r1/digi/sub-3000010/sub-3000010_digi_s1_r1_e1.zip.gpg[0m
[31mError: subject number 3000028 not an allowed subject value [300000,300999],[308000,308999],[309000,309999] in file: /home/data/NDClab/datasets/thrive-dataset/sourcedata/raw/s1_r1/digi/sub-3000028/sub-3000028_all_digi_s1_r1_e1.zip.gpg[0m
[32mCreating  sub-3000028/s1_r1/digi  directory in checked[0m
[32mCopying  sub-3000028_all_digi_s1_r1_e1.zip.gpg  to checked[0m
[31mError: subject number 3000012 not an allowed subject value [300000,300999],[308000,308999],[309000,309999] in file: /home/data/NDClab/datasets/thrive-dataset/sourcedata/raw/s1_r1/digi/sub-3000012/sub-3000012_all_digi_s1_r1_e1.zip.gpg[0m
[32mCreating  sub-3000012/s1_r1/digi  directory in checked[0m
[32mCopying  sub-3000012_all_digi_s1_r1_e1.zip.gpg  to checked[0m
[31mError: subject number 3000015 not an allowed subject value [300000,300999],[308000,308999],[309000,309999] in file: /home/data/NDClab/datasets/thrive-dataset/sourcedata/raw/s1_r1/digi/sub-3000015/sub-3000015_all_digi_s1_r1_e1.zip.gpg[0m
[32mCreating  sub-3000015/s1_r1/digi  directory in checked[0m
[32mCopying  sub-3000015_all_digi_s1_r1_e1.zip.gpg  to checked[0m
[31mError: subject number 3000014 not an allowed subject value [300000,300999],[308000,308999],[309000,309999] in file: /home/data/NDClab/datasets/thrive-dataset/sourcedata/raw/s1_r1/digi/sub-3000014/sub-3000014_all_digi_s1_r1_e1.zip.gpg[0m
[32mCreating  sub-3000014/s1_r1/digi  directory in checked[0m
[32mCopying  sub-3000014_all_digi_s1_r1_e1.zip.gpg  to checked[0m
[31mError: subject number 3000005 not an allowed subject value [300000,300999],[308000,308999],[309000,309999] in file: /home/data/NDClab/datasets/thrive-dataset/sourcedata/raw/s1_r1/digi/sub-3000005/sub-3000005_all_digi_s1_r1_e1.zip.gpg[0m
[32mCreating  sub-3000005/s1_r1/digi  directory in checked[0m
[32mCopying  sub-3000005_all_digi_s1_r1_e1.zip.gpg  to checked[0m
[31mError: subject number 3000019 not an allowed subject value [300000,300999],[308000,308999],[309000,309999] in file: /home/data/NDClab/datasets/thrive-dataset/sourcedata/raw/s1_r1/digi/sub-3000019/sub-3000019_all_digi_s1_r1_e1.zip.gpg[0m
[32mCreating  sub-3000019/s1_r1/digi  directory in checked[0m
[32mCopying  sub-3000019_all_digi_s1_r1_e1.zip.gpg  to checked[0m
[31mError: subject number 3000004 not an allowed subject value [300000,300999],[308000,308999],[309000,309999] in file: /home/data/NDClab/datasets/thrive-dataset/sourcedata/raw/s1_r1/digi/sub-3000004/sub-3000004_all_digi_s1_r1_e1.zip.gpg[0m
[32mCreating  sub-3000004/s1_r1/digi  directory in checked[0m
[32mCopying  sub-3000004_all_digi_s1_r1_e1.zip.gpg  to checked[0m
[31mError: subject number 3000002 not an allowed subject value [300000,300999],[308000,308999],[309000,309999] in file: /home/data/NDClab/datasets/thrive-dataset/sourcedata/raw/s1_r1/digi/sub-3000002/sub-3000002_all_digi_s1_r1_e1.zip.gpg[0m
[31mError: file  /home/data/NDClab/datasets/thrive-dataset/sourcedata/raw/s1_r1/digi/sub-3000003/no-digi  does not match naming convention <sub-#>_<variable/task-name>_<session>.<ext>[0m
[31mError: subject number 3000021 not an allowed subject value [300000,300999],[308000,308999],[309000,309999] in file: /home/data/NDClab/datasets/thrive-dataset/sourcedata/raw/s1_r1/digi/sub-3000021/sub-3000021_all_digi_s1_r1_e1.zip.gpg[0m
[32mCreating  sub-3000021/s1_r1/digi  directory in checked[0m
[32mCopying  sub-3000021_all_digi_s1_r1_e1.zip.gpg  to checked[0m
[31mError: subject number 3000013 not an allowed subject value [300000,300999],[308000,308999],[309000,309999] in file: /home/data/NDClab/datasets/thrive-dataset/sourcedata/raw/s1_r1/digi/sub-3000013/sub-3000013_all_digi_s1_r1_e1.zip.gpg[0m
[32mCreating  sub-3000013/s1_r1/digi  directory in checked[0m
[32mCopying  sub-3000013_all_digi_s1_r1_e1.zip.gpg  to checked[0m
[31mError: subject number 3000023 not an allowed subject value [300000,300999],[308000,308999],[309000,309999] in file: /home/data/NDClab/datasets/thrive-dataset/sourcedata/raw/s1_r1/digi/sub-3000023/sub-3000023_all_digi_s1_r1_e1.zip.gpg[0m
[32mCreating  sub-3000023/s1_r1/digi  directory in checked[0m
[32mCopying  sub-3000023_all_digi_s1_r1_e1.zip.gpg  to checked[0m
[31mError: file  /home/data/NDClab/datasets/thrive-dataset/sourcedata/raw/s1_r1/digi/sub-3000006/no-digi  does not match naming convention <sub-#>_<variable/task-name>_<session>.<ext>[0m
[31mError: subject number 3000001 not an allowed subject value [300000,300999],[308000,308999],[309000,309999] in file: /home/data/NDClab/datasets/thrive-dataset/sourcedata/raw/s1_r1/digi/sub-3000001/sub-3000001_all_digi_s1_r1_e1.zip.gpg[0m
[32mCreating  sub-3000001/s1_r1/digi  directory in checked[0m
[32mCopying  sub-3000001_all_digi_s1_r1_e1.zip.gpg  to checked[0m
[31mError: subject number 3000026 not an allowed subject value [300000,300999],[308000,308999],[309000,309999] in file: /home/data/NDClab/datasets/thrive-dataset/sourcedata/raw/s1_r1/digi/sub-3000026/sub-3000026_all_digi_s1_r1_e1.zip.gpg[0m
[32mCreating  sub-3000026/s1_r1/digi  directory in checked[0m
[32mCopying  sub-3000026_all_digi_s1_r1_e1.zip.gpg  to checked[0m
[31mError: subject number 3000022 not an allowed subject value [300000,300999],[308000,308999],[309000,309999] in file: /home/data/NDClab/datasets/thrive-dataset/sourcedata/raw/s1_r1/digi/sub-3000022/sub-3000022_all_digi_s1_r1_e1.zip.gpg[0m
[32mCreating  sub-3000022/s1_r1/digi  directory in checked[0m
[32mCopying  sub-3000022_all_digi_s1_r1_e1.zip.gpg  to checked[0m
[31mError: subject number 3000020 not an allowed subject value [300000,300999],[308000,308999],[309000,309999] in file: /home/data/NDClab/datasets/thrive-dataset/sourcedata/raw/s1_r1/digi/sub-3000020/sub-3000020_all_digi_s1_r1_e1.zip.gpg[0m
[32mCreating  sub-3000020/s1_r1/digi  directory in checked[0m
[32mCopying  sub-3000020_all_digi_s1_r1_e1.zip.gpg  to checked[0m
[31mError: file  /home/data/NDClab/datasets/thrive-dataset/sourcedata/raw/s1_r1/digi/sub-3000008/no-digi  does not match naming convention <sub-#>_<variable/task-name>_<session>.<ext>[0m
[31mError: file  /home/data/NDClab/datasets/thrive-dataset/sourcedata/raw/s1_r1/digi/sub-3000011/no-digi  does not match naming convention <sub-#>_<variable/task-name>_<session>.<ext>[0m
Accessing /home/data/NDClab/datasets/thrive-dataset/sourcedata/raw/s1_r1/redcap
	 Newest Redcap found: Thrivebbschilds1r1_DATA_2023-09-14_1237.csv
	 [0;32mData passes criteria[0m
	 copying Thrivebbschilds1r1_DATA_2023-09-14_1237.csv to /home/data/NDClab/datasets/thrive-dataset/sourcedata/checked/
	 Newest Redcap found: Thrivebbsparents1r1_DATA_2023-09-14_1238.csv
	 [0;32mData passes criteria[0m
	 copying Thrivebbsparents1r1_DATA_2023-09-14_1238.csv to /home/data/NDClab/datasets/thrive-dataset/sourcedata/checked/
	 Newest Redcap found: ThrivebbsRAs1r1_DATA_2023-09-14_1238.csv
	 [0;32mData passes criteria[0m
	 copying ThrivebbsRAs1r1_DATA_2023-09-14_1238.csv to /home/data/NDClab/datasets/thrive-dataset/sourcedata/checked/
	 Newest Redcap found: Thriveconsent_DATA_2023-09-14_1238.csv
	 [0;32mData passes criteria[0m
	 copying Thriveconsent_DATA_2023-09-14_1238.csv to /home/data/NDClab/datasets/thrive-dataset/sourcedata/checked/
	 Newest Redcap found: Thriveiqschilds1r1_DATA_2023-09-14_1239.csv
	 [0;32mData passes criteria[0m
	 copying Thriveiqschilds1r1_DATA_2023-09-14_1239.csv to /home/data/NDClab/datasets/thrive-dataset/sourcedata/checked/
	 Newest Redcap found: Thriveiqsclinicians1_DATA_2023-09-14_1237.csv
	 [0;32mData passes criteria[0m
	 copying Thriveiqsclinicians1_DATA_2023-09-14_1237.csv to /home/data/NDClab/datasets/thrive-dataset/sourcedata/checked/
	 Newest Redcap found: Thriveiqsparents1r1_DATA_2023-09-14_1239.csv
	 [0;32mData passes criteria[0m
	 copying Thriveiqsparents1r1_DATA_2023-09-14_1239.csv to /home/data/NDClab/datasets/thrive-dataset/sourcedata/checked/
updating tracker, ses: s1_r1/, redcaps: Thrivebbschilds1r1_DATA_2023-09-14_1237.csv Thrivebbsparents1r1_DATA_2023-09-14_1238.csv ThrivebbsRAs1r1_DATA_2023-09-14_1238.csv Thriveconsent_DATA_2023-09-14_1238.csv Thriveiqschilds1r1_DATA_2023-09-14_1239.csv Thriveiqsclinicians1_DATA_2023-09-14_1237.csv Thriveiqsparents1r1_DATA_2023-09-14_1239.csv
Error: Duplicate columns were found across Redcaps: masi_b_s1_r1_e1_complete in /home/data/NDClab/datasets/thrive-dataset/sourcedata/raw/s1_r1/redcap/Thrivebbschilds1r1_DATA_2023-09-14_1237.csv, /home/data/NDClab/datasets/thrive-dataset/sourcedata/raw/s1_r1/redcap/Thrivebbsparents1r1_DATA_2023-09-14_1238.csv; via_s1_r1_e1_complete in /home/data/NDClab/datasets/thrive-dataset/sourcedata/raw/s1_r1/redcap/Thrivebbschilds1r1_DATA_2023-09-14_1237.csv, /home/data/NDClab/datasets/thrive-dataset/sourcedata/raw/s1_r1/redcap/Thrivebbsparents1r1_DATA_2023-09-14_1238.csv; bfne_b_s1_r1_e1_complete in /home/data/NDClab/datasets/thrive-dataset/sourcedata/raw/s1_r1/redcap/Thrivebbsparents1r1_DATA_2023-09-14_1238.csv, /home/data/NDClab/datasets/thrive-dataset/sourcedata/raw/s1_r1/redcap/Thriveiqschilds1r1_DATA_2023-09-14_1239.csv; fpe_s1_r1_e1_complete in /home/data/NDClab/datasets/thrive-dataset/sourcedata/raw/s1_r1/redcap/Thrivebbsparents1r1_DATA_2023-09-14_1238.csv, /home/data/NDClab/datasets/thrive-dataset/sourcedata/raw/s1_r1/redcap/Thriveiqschilds1r1_DATA_2023-09-14_1239.csv; pints_s1_r1_e1_complete in /home/data/NDClab/datasets/thrive-dataset/sourcedata/raw/s1_r1/redcap/Thrivebbsparents1r1_DATA_2023-09-14_1238.csv, /home/data/NDClab/datasets/thrive-dataset/sourcedata/raw/s1_r1/redcap/Thriveiqschilds1r1_DATA_2023-09-14_1239.csv; Exiting.
args: /home/data/NDClab/datasets/thrive-dataset/data-monitoring/update-tracker.py /home/data/NDClab/datasets/thrive-dataset/sourcedata/checked /home/data/NDClab/datasets/thrive-dataset /home/data/NDClab/datasets/thrive-dataset/sourcedata/raw/s1_r1/redcap/Thrivebbschilds1r1_DATA_2023-09-14_1237.csv,/home/data/NDClab/datasets/thrive-dataset/sourcedata/raw/s1_r1/redcap/Thrivebbsparents1r1_DATA_2023-09-14_1238.csv,/home/data/NDClab/datasets/thrive-dataset/sourcedata/raw/s1_r1/redcap/ThrivebbsRAs1r1_DATA_2023-09-14_1238.csv,/home/data/NDClab/datasets/thrive-dataset/sourcedata/raw/s1_r1/redcap/Thriveconsent_DATA_2023-09-14_1238.csv,/home/data/NDClab/datasets/thrive-dataset/sourcedata/raw/s1_r1/redcap/Thriveiqschilds1r1_DATA_2023-09-14_1239.csv,/home/data/NDClab/datasets/thrive-dataset/sourcedata/raw/s1_r1/redcap/Thriveiqsclinicians1_DATA_2023-09-14_1237.csv,/home/data/NDClab/datasets/thrive-dataset/sourcedata/raw/s1_r1/redcap/Thriveiqsparents1r1_DATA_2023-09-14_1239.csv s1_r1 false
3080001 missing in tracker file, skipping
3080002 missing in tracker file, skipping
3080003 missing in tracker file, skipping
3080004 missing in tracker file, skipping
3080005 missing in tracker file, skipping
3080006 missing in tracker file, skipping
3080008 missing in tracker file, skipping
3080010 missing in tracker file, skipping
3080011 missing in tracker file, skipping
3080012 missing in tracker file, skipping
3080013 missing in tracker file, skipping
3080014 missing in tracker file, skipping
3080015 missing in tracker file, skipping
3080019 missing in tracker file, skipping
3080020 missing in tracker file, skipping
3080021 missing in tracker file, skipping
3080022 missing in tracker file, skipping
3080023 missing in tracker file, skipping
3080024 missing in tracker file, skipping
3080026 missing in tracker file, skipping
3080028 missing in tracker file, skipping
3080031 missing in tracker file, skipping
3080033 missing in tracker file, skipping
3080039 missing in tracker file, skipping
skipping nan value in  /home/data/NDClab/datasets/thrive-dataset/sourcedata/raw/s1_r1/redcap/ThrivebbsRAs1r1_DATA_2023-09-14_1238.csv :  nan
skipping nan value in  /home/data/NDClab/datasets/thrive-dataset/sourcedata/raw/s1_r1/redcap/ThrivebbsRAs1r1_DATA_2023-09-14_1238.csv :  nan
skipping nan value in  /home/data/NDClab/datasets/thrive-dataset/sourcedata/raw/s1_r1/redcap/ThrivebbsRAs1r1_DATA_2023-09-14_1238.csv :  nan
skipping nan value in  /home/data/NDClab/datasets/thrive-dataset/sourcedata/raw/s1_r1/redcap/ThrivebbsRAs1r1_DATA_2023-09-14_1238.csv :  nan
skipping nan value in  /home/data/NDClab/datasets/thrive-dataset/sourcedata/raw/s1_r1/redcap/ThrivebbsRAs1r1_DATA_2023-09-14_1238.csv :  nan
3080001 missing in tracker file, skipping
3080002 missing in tracker file, skipping
3080003 missing in tracker file, skipping
3080004 missing in tracker file, skipping
3080005 missing in tracker file, skipping
3080006 missing in tracker file, skipping
3080007 missing in tracker file, skipping
3080008 missing in tracker file, skipping
3080009 missing in tracker file, skipping
3080010 missing in tracker file, skipping
3080011 missing in tracker file, skipping
3080012 missing in tracker file, skipping
3080013 missing in tracker file, skipping
3080014 missing in tracker file, skipping
3080015 missing in tracker file, skipping
3080016 missing in tracker file, skipping
3080017 missing in tracker file, skipping
3080018 missing in tracker file, skipping
3080019 missing in tracker file, skipping
3080020 missing in tracker file, skipping
3080021 missing in tracker file, skipping
3080022 missing in tracker file, skipping
3080023 missing in tracker file, skipping
3080024 missing in tracker file, skipping
3080025 missing in tracker file, skipping
3080026 missing in tracker file, skipping
3080027 missing in tracker file, skipping
3080028 missing in tracker file, skipping
3080029 missing in tracker file, skipping
3080030 missing in tracker file, skipping
3080031 missing in tracker file, skipping
3080032 missing in tracker file, skipping
3080033 missing in tracker file, skipping
3080034 missing in tracker file, skipping
3080035 missing in tracker file, skipping
3080036 missing in tracker file, skipping
3080037 missing in tracker file, skipping
3080038 missing in tracker file, skipping
3080039 missing in tracker file, skipping
3080040 missing in tracker file, skipping
3080041 missing in tracker file, skipping
3080042 missing in tracker file, skipping
3080043 missing in tracker file, skipping
3080044 missing in tracker file, skipping
3080045 missing in tracker file, skipping
3080046 missing in tracker file, skipping
No redcap folder found in /home/data/NDClab/datasets/thrive-dataset/sourcedata/raw/s2_r1/ directory
No redcap folder found in /home/data/NDClab/datasets/thrive-dataset/sourcedata/raw/s3_r1/ directory
data-monitoring-log.md does not exist, creating.
