
                            < M A T L A B (R) >
                  Copyright 1984-2021 The MathWorks, Inc.
                  R2021b (9.11.0.1769968) 64-bit (glnxa64)
                             September 17, 2021

 
To get started, type doc.
For product information, visit www.mathworks.com.
 
Starting parallel pool (parpool) using the 'local' profile ...
Connected to the parallel pool (number of workers: 10).

ans = 

 ProcessPool with properties: 

            Connected: true
           NumWorkers: 10
              Cluster: local
        AttachedFiles: {}
    AutoAddClientPath: true
          IdleTimeout: 30 minutes (30 minutes remaining)
          SpmdEnabled: true

Parallel pool with 10 workers is running.
Subject path: /home/data/NDClab/datasets/thrive-dataset/sourcedata/pending-qa/s3_r1/eeg/sub-3000013
Subject path: /home/data/NDClab/datasets/thrive-dataset/sourcedata/pending-qa/s3_r1/eeg/sub-3000046
Subject path: /home/data/NDClab/datasets/thrive-dataset/sourcedata/pending-qa/s3_r1/eeg/sub-3000062
Subject path: /home/data/NDClab/datasets/thrive-dataset/sourcedata/pending-qa/s3_r1/eeg/sub-3000073
Subject path: /home/data/NDClab/datasets/thrive-dataset/sourcedata/pending-qa/s3_r1/eeg/sub-3000079
       name: 'sub-3000013_all_eeg_s3_r1_e1.vhdr'
     folder: '/home/data/NDClab/datasets/thrive-dataset/sourcedata/pending-qa/s3_r1/eeg/sub-3000013'
       date: '14-Jun-2025 14:22:55'
      bytes: 11580
      isdir: 0
    datenum: 7.3978e+05

pop_loadbv(): reading header file
Done.
pop_loadbv(): reading EEG data
       name: 'sub-3000046_all_eeg_s3_r1_e1.vhdr'
     folder: '/home/data/NDClab/datasets/thrive-dataset/sourcedata/pending-qa/s3_r1/eeg/sub-3000046'
       date: '14-Jun-2025 13:24:39'
      bytes: 11580
      isdir: 0
    datenum: 7.3978e+05

pop_loadbv(): reading header file
Done.
pop_loadbv(): reading EEG data
pop_loadbv(): reading header file
Done.
pop_loadbv(): reading EEG data
       name: 'sub-3000073_all_eeg_s3_r1_e1.vhdr'
     folder: '/home/data/NDClab/datasets/thrive-dataset/sourcedata/pending-qa/s3_r1/eeg/sub-3000073'
       date: '14-Jun-2025 13:42:30'
      bytes: 11539
      isdir: 0
    datenum: 7.3978e+05

pop_loadbv(): reading header file
Done.
pop_loadbv(): reading EEG data
       name: 'sub-3000079_all_eeg_s3_r1_e1.vhdr'
     folder: '/home/data/NDClab/datasets/thrive-dataset/sourcedata/pending-qa/s3_r1/eeg/sub-3000079'
       date: '24-Jun-2025 21:20:25'
      bytes: 11539
      isdir: 0
    datenum: 7.3979e+05

pop_loadbv(): reading header file
Done.
pop_loadbv(): reading EEG data
pop_loadbv(): scaling EEG data
pop_loadbv(): scaling EEG data
pop_loadbv(): scaling EEG data
pop_loadbv(): scaling EEG data
pop_loadbv(): scaling EEG data
pop_loadbv(): reading marker file
pop_loadbv(): reading marker file
pop_loadbv(): reading marker file
Done.
Event resorted by increasing latencies.
Done.
Event resorted by increasing latencies.
Done.
Event resorted by increasing latencies.
Event resorted by increasing latencies.
sub-3000013 has ALL events! PASSED!
pop_loadbv(): reading marker file
Event resorted by increasing latencies.
sub-3000073 has ALL events! PASSED!
Done.
Event resorted by increasing latencies.
Warning: 'type' field value 'S 22' not found
Event resorted by increasing latencies.
sub-3000046 has ALL events! PASSED!
Event resorted by increasing latencies.
pop_loadbv(): reading header file
Done.
pop_loadbv(): reading EEG data
pop_loadbv(): scaling EEG data
pop_loadbv(): reading marker file
pop_loadbv(): reading marker file
Done.
Warning: 'type' field value 'S 41' not found
Warning: 'type' field value 'S 42' not found
Warning: 'type' field value 'S 43' not found
Warning: 'type' field value 'S 44' not found
Warning: 'type' field value 'S 51' not found
Warning: 'type' field value 'S 52' not found
Warning: 'type' field value 'S 53' not found
Warning: 'type' field value 'S 54' not found
Event resorted by increasing latencies.
Warning: 'type' field value 'S 11' not found
Warning: 'type' field value 'S 12' not found
Warning: 'type' field value 'S 21' not found
Warning: 'type' field value 'S 22' not found
Event resorted by increasing latencies.
sub-3000062 has deviation but ALL stimulus events!
sub-3000062 has deviation but ALL response events!
sub-3000062 has ALL events! PASSED!
Done.
Event resorted by increasing latencies.
Event resorted by increasing latencies.
sub-3000079 has ALL events! PASSED!
EEG QA complete.
