WARNING: $PATH does not agree with $PATH_modshare counter. The following directories' usage counters were adjusted to match. Note that this may mean that module unloading may not work correctly.
 /home/share/bin/ /bin/

                            < M A T L A B (R) >
                  Copyright 1984-2021 The MathWorks, Inc.
                  R2021b (9.11.0.1769968) 64-bit (glnxa64)
                             September 17, 2021

 
To get started, type doc.
For product information, visit www.mathworks.com.
 
Starting parallel pool (parpool) using the 'local' profile ...
Connected to the parallel pool (number of workers: 10).

ans = 

 ProcessPool with properties: 

            Connected: true
           NumWorkers: 10
              Cluster: local
        AttachedFiles: {}
    AutoAddClientPath: true
          IdleTimeout: 30 minutes (30 minutes remaining)
          SpmdEnabled: true

Parallel pool with 10 workers is running.
/home/data/NDClab/datasets/thrive-dataset/sourcedata/pending-qa/s2_r1/eeg/sub-3000044

sub-3000044 has incorrect number of files and no deviation was found! FAILED!
sub-3000044 does NOT have all events! FAILED!
/home/data/NDClab/datasets/thrive-dataset/sourcedata/pending-qa/s2_r1/eeg/sub-3000119

sub-3000119 has incorrect number of files and no deviation was found! FAILED!
sub-3000119 does NOT have all events! FAILED!
/home/data/NDClab/datasets/thrive-dataset/sourcedata/pending-qa/s2_r1/eeg/sub-3000136

sub-3000136 has incorrect number of files and no deviation was found! FAILED!
sub-3000136 does NOT have all events! FAILED!
/home/data/NDClab/datasets/thrive-dataset/sourcedata/pending-qa/s2_r1/eeg/sub-3000056

sub-3000056 has incorrect number of files and no deviation was found! FAILED!
sub-3000056 does NOT have all events! FAILED!
/home/data/NDClab/datasets/thrive-dataset/sourcedata/pending-qa/s2_r1/eeg/sub-3000122

sub-3000122 has incorrect number of files and no deviation was found! FAILED!
sub-3000122 does NOT have all events! FAILED!
/home/data/NDClab/datasets/thrive-dataset/sourcedata/pending-qa/s2_r1/eeg/sub-3000135

sub-3000135 has incorrect number of files and no deviation was found! FAILED!
sub-3000135 does NOT have all events! FAILED!
/home/data/NDClab/datasets/thrive-dataset/sourcedata/pending-qa/s2_r1/eeg/sub-3000150

sub-3000150 has incorrect number of files and no deviation was found! FAILED!
sub-3000150 does NOT have all events! FAILED!
/home/data/NDClab/datasets/thrive-dataset/sourcedata/pending-qa/s2_r1/eeg/sub-3000060

sub-3000060 has incorrect number of files and no deviation was found! FAILED!
sub-3000060 does NOT have all events! FAILED!
/home/data/NDClab/datasets/thrive-dataset/sourcedata/pending-qa/s2_r1/eeg/sub-3000123

sub-3000123 has incorrect number of files and no deviation was found! FAILED!
sub-3000123 does NOT have all events! FAILED!
/home/data/NDClab/datasets/thrive-dataset/sourcedata/pending-qa/s2_r1/eeg/sub-3000147

sub-3000147 has incorrect number of files and no deviation was found! FAILED!
sub-3000147 does NOT have all events! FAILED!
/home/data/NDClab/datasets/thrive-dataset/sourcedata/pending-qa/s2_r1/eeg/sub-3000079

sub-3000079 has incorrect number of files and no deviation was found! FAILED!
sub-3000079 does NOT have all events! FAILED!
/home/data/NDClab/datasets/thrive-dataset/sourcedata/pending-qa/s2_r1/eeg/sub-3000124

sub-3000124 has incorrect number of files and no deviation was found! FAILED!
sub-3000124 does NOT have all events! FAILED!
/home/data/NDClab/datasets/thrive-dataset/sourcedata/pending-qa/s2_r1/eeg/sub-3000133

sub-3000133 has incorrect number of files and no deviation was found! FAILED!
sub-3000133 does NOT have all events! FAILED!
/home/data/NDClab/datasets/thrive-dataset/sourcedata/pending-qa/s2_r1/eeg/sub-3000101

sub-3000101 has incorrect number of files and no deviation was found! FAILED!
sub-3000101 does NOT have all events! FAILED!
/home/data/NDClab/datasets/thrive-dataset/sourcedata/pending-qa/s2_r1/eeg/sub-3000126

sub-3000126 has incorrect number of files and no deviation was found! FAILED!
sub-3000126 does NOT have all events! FAILED!
/home/data/NDClab/datasets/thrive-dataset/sourcedata/pending-qa/s2_r1/eeg/sub-3000140

sub-3000140 has incorrect number of files and no deviation was found! FAILED!
sub-3000140 does NOT have all events! FAILED!
/home/data/NDClab/datasets/thrive-dataset/sourcedata/pending-qa/s2_r1/eeg/sub-3000104

sub-3000104 has incorrect number of files and no deviation was found! FAILED!
sub-3000104 does NOT have all events! FAILED!
/home/data/NDClab/datasets/thrive-dataset/sourcedata/pending-qa/s2_r1/eeg/sub-3000127

sub-3000127 has incorrect number of files and no deviation was found! FAILED!
sub-3000127 does NOT have all events! FAILED!
/home/data/NDClab/datasets/thrive-dataset/sourcedata/pending-qa/s2_r1/eeg/sub-3000112

sub-3000112 has incorrect number of files and no deviation was found! FAILED!
sub-3000112 does NOT have all events! FAILED!
/home/data/NDClab/datasets/thrive-dataset/sourcedata/pending-qa/s2_r1/eeg/sub-3000128

sub-3000128 has incorrect number of files and no deviation was found! FAILED!
sub-3000128 does NOT have all events! FAILED!
/home/data/NDClab/datasets/thrive-dataset/sourcedata/pending-qa/s2_r1/eeg/sub-3000139

sub-3000139 has incorrect number of files and no deviation was found! FAILED!
sub-3000139 does NOT have all events! FAILED!
/home/data/NDClab/datasets/thrive-dataset/sourcedata/pending-qa/s2_r1/eeg/sub-3000114

sub-3000114 has incorrect number of files and no deviation was found! FAILED!
sub-3000114 does NOT have all events! FAILED!
/home/data/NDClab/datasets/thrive-dataset/sourcedata/pending-qa/s2_r1/eeg/sub-3000130

sub-3000130 has incorrect number of files and no deviation was found! FAILED!
sub-3000130 does NOT have all events! FAILED!
/home/data/NDClab/datasets/thrive-dataset/sourcedata/pending-qa/s2_r1/eeg/sub-3000145

sub-3000145 has incorrect number of files and no deviation was found! FAILED!
sub-3000145 does NOT have all events! FAILED!
/home/data/NDClab/datasets/thrive-dataset/sourcedata/pending-qa/s2_r1/eeg/sub-3000115

sub-3000115 has incorrect number of files and no deviation was found! FAILED!
sub-3000115 does NOT have all events! FAILED!
/home/data/NDClab/datasets/thrive-dataset/sourcedata/pending-qa/s2_r1/eeg/sub-3000131

sub-3000131 has incorrect number of files and no deviation was found! FAILED!
sub-3000131 does NOT have all events! FAILED!
/home/data/NDClab/datasets/thrive-dataset/sourcedata/pending-qa/s2_r1/eeg/sub-3000137

sub-3000137 has incorrect number of files and no deviation was found! FAILED!
sub-3000137 does NOT have all events! FAILED!
/home/data/NDClab/datasets/thrive-dataset/sourcedata/pending-qa/s2_r1/eeg/sub-3000118

sub-3000118 has incorrect number of files and no deviation was found! FAILED!
sub-3000118 does NOT have all events! FAILED!
/home/data/NDClab/datasets/thrive-dataset/sourcedata/pending-qa/s2_r1/eeg/sub-3000132

sub-3000132 has incorrect number of files and no deviation was found! FAILED!
sub-3000132 does NOT have all events! FAILED!
EEG QA complete.
