
                            < M A T L A B (R) >
                  Copyright 1984-2021 The MathWorks, Inc.
                  R2021b (9.11.0.1769968) 64-bit (glnxa64)
                             September 17, 2021

 
To get started, type doc.
For product information, visit www.mathworks.com.
 
Starting parallel pool (parpool) using the 'local' profile ...
Connected to the parallel pool (number of workers: 10).

ans = 

 ProcessPool with properties: 

            Connected: true
           NumWorkers: 10
              Cluster: local
        AttachedFiles: {}
    AutoAddClientPath: true
          IdleTimeout: 30 minutes (30 minutes remaining)
          SpmdEnabled: true

Parallel pool with 10 workers is running.
Subject path: /home/data/NDClab/datasets/thrive-dataset/sourcedata/pending-qa/s2_r1/eeg/sub-3000204
Subject path: /home/data/NDClab/datasets/thrive-dataset/sourcedata/pending-qa/s2_r1/eeg/sub-3000205
Subject path: /home/data/NDClab/datasets/thrive-dataset/sourcedata/pending-qa/s2_r1/eeg/sub-3000210
Subject path: /home/data/NDClab/datasets/thrive-dataset/sourcedata/pending-qa/s2_r1/eeg/sub-3000211
Subject path: /home/data/NDClab/datasets/thrive-dataset/sourcedata/pending-qa/s2_r1/eeg/sub-3000215
Subject path: /home/data/NDClab/datasets/thrive-dataset/sourcedata/pending-qa/s2_r1/eeg/sub-3000225
       name: 'sub-3000204_all_eeg_s2_r1_e1.vhdr'
     folder: '/home/data/NDClab/datasets/thrive-dataset/sourcedata/pending-qa/s2_r1/eeg/sub-3000204'
       date: '01-Jun-2025 12:33:11'
      bytes: 11580
      isdir: 0
    datenum: 7.3977e+05

pop_loadbv(): reading header file
Done.
pop_loadbv(): reading EEG data
       name: 'sub-3000205_all_eeg_s2_r1_e1.vhdr'
     folder: '/home/data/NDClab/datasets/thrive-dataset/sourcedata/pending-qa/s2_r1/eeg/sub-3000205'
       date: '07-Jun-2025 17:41:45'
      bytes: 11539
      isdir: 0
    datenum: 7.3978e+05

pop_loadbv(): reading header file
Done.
pop_loadbv(): reading EEG data
       name: 'sub-3000210_all_eeg_s2_r1_e1.vhdr'
     folder: '/home/data/NDClab/datasets/thrive-dataset/sourcedata/pending-qa/s2_r1/eeg/sub-3000210'
       date: '07-Jun-2025 13:07:58'
      bytes: 11580
      isdir: 0
    datenum: 7.3978e+05

pop_loadbv(): reading header file
Done.
pop_loadbv(): reading EEG data
       name: 'sub-3000211_all_eeg_s2_r1_e1.vhdr'
     folder: '/home/data/NDClab/datasets/thrive-dataset/sourcedata/pending-qa/s2_r1/eeg/sub-3000211'
       date: '01-Jun-2025 12:42:30'
      bytes: 11539
      isdir: 0
    datenum: 7.3977e+05

pop_loadbv(): reading header file
Done.
pop_loadbv(): reading EEG data
       name: 'sub-3000215_all_eeg_s2_r1_e1.vhdr'
     folder: '/home/data/NDClab/datasets/thrive-dataset/sourcedata/pending-qa/s2_r1/eeg/sub-3000215'
       date: '01-Jun-2025 18:59:36'
      bytes: 11539
      isdir: 0
    datenum: 7.3977e+05

pop_loadbv(): reading header file
Done.
pop_loadbv(): reading EEG data
       name: 'sub-3000225_all_eeg_s2_r1_e1.vhdr'
     folder: '/home/data/NDClab/datasets/thrive-dataset/sourcedata/pending-qa/s2_r1/eeg/sub-3000225'
       date: '09-Jun-2025 14:34:10'
      bytes: 11539
      isdir: 0
    datenum: 7.3978e+05

pop_loadbv(): reading header file
Done.
pop_loadbv(): reading EEG data
pop_loadbv(): scaling EEG data
pop_loadbv(): scaling EEG data
pop_loadbv(): scaling EEG data
pop_loadbv(): scaling EEG data
pop_loadbv(): scaling EEG data
pop_loadbv(): scaling EEG data
pop_loadbv(): reading marker file
pop_loadbv(): reading marker file
pop_loadbv(): reading marker file
pop_loadbv(): reading marker file
pop_loadbv(): reading marker file
pop_loadbv(): reading marker file
Done.
Event resorted by increasing latencies.
Event resorted by increasing latencies.
sub-3000204 has ALL events! PASSED!
Done.
Event resorted by increasing latencies.
Done.
Event resorted by increasing latencies.
Event resorted by increasing latencies.
sub-3000210 has ALL events! PASSED!
Done.
Event resorted by increasing latencies.
Event resorted by increasing latencies.
sub-3000211 has ALL events! PASSED!
Done.
Event resorted by increasing latencies.
Event resorted by increasing latencies.
sub-3000215 has ALL events! PASSED!
Done.
Event resorted by increasing latencies.
Event resorted by increasing latencies.
sub-3000225 has ALL events! PASSED!
Event resorted by increasing latencies.
sub-3000205 has ALL events! PASSED!
EEG QA complete.
