
                            < M A T L A B (R) >
                  Copyright 1984-2021 The MathWorks, Inc.
                  R2021b (9.11.0.1769968) 64-bit (glnxa64)
                             September 17, 2021

 
To get started, type doc.
For product information, visit www.mathworks.com.
 
Starting parallel pool (parpool) using the 'local' profile ...
Connected to the parallel pool (number of workers: 10).

ans = 

 ProcessPool with properties: 

            Connected: true
           NumWorkers: 10
              Cluster: local
        AttachedFiles: {}
    AutoAddClientPath: true
          IdleTimeout: 30 minutes (30 minutes remaining)
          SpmdEnabled: true

Parallel pool with 10 workers is running.
Subject path: /home/data/NDClab/datasets/thrive-dataset/sourcedata/pending-qa/s1_r1/eeg/sub-3000034
Subject path: /home/data/NDClab/datasets/thrive-dataset/sourcedata/pending-qa/s1_r1/eeg/sub-3000040
sub-3000040 has NO DATA! FAILED!
Subject path: /home/data/NDClab/datasets/thrive-dataset/sourcedata/pending-qa/s1_r1/eeg/sub-3000049
Subject path: /home/data/NDClab/datasets/thrive-dataset/sourcedata/pending-qa/s1_r1/eeg/sub-3000058
Subject path: /home/data/NDClab/datasets/thrive-dataset/sourcedata/pending-qa/s1_r1/eeg/sub-3000083
Subject path: /home/data/NDClab/datasets/thrive-dataset/sourcedata/pending-qa/s1_r1/eeg/sub-3000097
Subject path: /home/data/NDClab/datasets/thrive-dataset/sourcedata/pending-qa/s1_r1/eeg/sub-3000101
sub-3000101 has NO DATA! FAILED!
Subject path: /home/data/NDClab/datasets/thrive-dataset/sourcedata/pending-qa/s1_r1/eeg/sub-3000114
Subject path: /home/data/NDClab/datasets/thrive-dataset/sourcedata/pending-qa/s1_r1/eeg/sub-3000124
Subject path: /home/data/NDClab/datasets/thrive-dataset/sourcedata/pending-qa/s1_r1/eeg/sub-3000155
pop_loadbv(): reading header file
Done.
Subject path: /home/data/NDClab/datasets/thrive-dataset/sourcedata/pending-qa/s1_r1/eeg/sub-3000181
pop_loadbv(): reading header file
Done.
pop_loadbv(): reading header file
Done.
pop_loadbv(): reading header file
Done.
pop_loadbv(): reading header file
Done.
pop_loadbv(): reading header file
Done.
Subject path: /home/data/NDClab/datasets/thrive-dataset/sourcedata/pending-qa/s1_r1/eeg/sub-3000232
pop_loadbv(): reading header file
Done.
pop_loadbv(): reading header file
Done.
pop_loadbv(): reading header file
Done.
pop_loadbv(): reading header file
Done.
pop_loadbv(): reading EEG data
pop_loadbv(): reading EEG data
pop_loadbv(): reading EEG data
pop_loadbv(): reading EEG data
pop_loadbv(): reading EEG data
pop_loadbv(): reading EEG data
pop_loadbv(): reading EEG data
pop_loadbv(): reading EEG data
pop_loadbv(): reading EEG data
pop_loadbv(): reading EEG data
Binary file is truncated/incomplete
pop_loadbv(): scaling EEG data
pop_loadbv(): scaling EEG data
pop_loadbv(): scaling EEG data
pop_loadbv(): scaling EEG data
pop_loadbv(): scaling EEG data
pop_loadbv(): scaling EEG data
pop_loadbv(): scaling EEG data
pop_loadbv(): scaling EEG data
pop_loadbv(): scaling EEG data
pop_loadbv(): reading marker file
pop_loadbv(): scaling EEG data
pop_loadbv(): reading marker file
Done.
Warning: 'type' field value 'S 51' not found
Done.
Warning: 'type' field value 'S 51' not found
Warning: 'type' field value 'S 52' not found
Warning: 'type' field value 'S 53' not found
Warning: 'type' field value 'S 54' not found
Event resorted by increasing latencies.
Warning: 'type' field value 'S 52' not found
Warning: 'type' field value 'S 53' not found
Warning: 'type' field value 'S 54' not found
Event resorted by increasing latencies.
Event resorted by increasing latencies.
Event resorted by increasing latencies.
sub-3000124 has deviation and SOME stimulus events! FAILED!
sub-3000124 has deviation and SOME response events! FAILED!
sub-3000124 does NOT have all events! FAILED!
pop_loadbv(): reading header file
Done.
pop_loadbv(): reading EEG data
pop_loadbv(): scaling EEG data
pop_loadbv(): reading marker file
Subject path: /home/data/NDClab/datasets/thrive-dataset/sourcedata/pending-qa/s1_r1/eeg/sub-3000240
pop_loadbv(): reading header file
Done.
pop_loadbv(): reading EEG data
pop_loadbv(): scaling EEG data
Done.
Event resorted by increasing latencies.
Event resorted by increasing latencies.
pop_loadbv(): reading header file
Done.
pop_loadbv(): reading EEG data
pop_loadbv(): scaling EEG data
pop_loadbv(): reading marker file
pop_loadbv(): reading marker file
pop_loadbv(): reading marker file
Done.
Event resorted by increasing latencies.
Done.
Warning: 'type' field value 'S 41' not found
Warning: 'type' field value 'S 42' not found
Warning: 'type' field value 'S 43' not found
Warning: 'type' field value 'S 44' not found
Warning: 'type' field value 'S 51' not found
Warning: 'type' field value 'S 52' not found
Warning: 'type' field value 'S 53' not found
Warning: 'type' field value 'S 54' not found
Event resorted by increasing latencies.
Warning: 'type' field value 'S 11' not found
Warning: 'type' field value 'S 12' not found
Warning: 'type' field value 'S 21' not found
Warning: 'type' field value 'S 22' not found
Event resorted by increasing latencies.
sub-3000034 has deviation but ALL stimulus events!
sub-3000034 has deviation but ALL response events!
sub-3000034 has ALL events! PASSED!
Event resorted by increasing latencies.
pop_loadbv(): reading header file
Done.
pop_loadbv(): reading EEG data
pop_loadbv(): scaling EEG data
Done.
Event resorted by increasing latencies.
pop_loadbv(): reading marker file
Subject path: /home/data/NDClab/datasets/thrive-dataset/sourcedata/pending-qa/s1_r1/eeg/sub-3000165
pop_loadbv(): reading header file
Done.
pop_loadbv(): reading EEG data
pop_loadbv(): scaling EEG data
pop_loadbv(): reading marker file
Event resorted by increasing latencies.
pop_loadbv(): reading header file
Done.
pop_loadbv(): reading EEG data
pop_loadbv(): scaling EEG data
pop_loadbv(): reading marker file
pop_loadbv(): reading marker file
Done.
Event resorted by increasing latencies.
pop_loadbv(): reading marker file
Done.
Warning: 'type' field value 'S 41' not found
Warning: 'type' field value 'S 42' not found
Warning: 'type' field value 'S 43' not found
Warning: 'type' field value 'S 44' not found
Event resorted by increasing latencies.
Event resorted by increasing latencies.
pop_loadbv(): reading header file
Done.
pop_loadbv(): reading EEG data
Done.
Warning: 'type' field value 'S 41' not found
Warning: 'type' field value 'S 42' not found
Warning: 'type' field value 'S 43' not found
Warning: 'type' field value 'S 44' not found
Warning: 'type' field value 'S 51' not found
Warning: 'type' field value 'S 52' not found
Warning: 'type' field value 'S 53' not found
Warning: 'type' field value 'S 54' not found
Event resorted by increasing latencies.
Warning: 'type' field value 'S 11' not found
Warning: 'type' field value 'S 12' not found
Warning: 'type' field value 'S 21' not found
Warning: 'type' field value 'S 22' not found
Event resorted by increasing latencies.
sub-3000097 has deviation but ALL stimulus events!
sub-3000097 has deviation but ALL response events!
sub-3000097 has ALL events! PASSED!
Done.
Event resorted by increasing latencies.
Warning: 'type' field value 'S 22' not found
Event resorted by increasing latencies.
pop_loadbv(): reading header file
Done.
pop_loadbv(): reading EEG data
pop_loadbv(): scaling EEG data
Done.
Event resorted by increasing latencies.
Event resorted by increasing latencies.
pop_loadbv(): reading marker file
pop_loadbv(): scaling EEG data
pop_loadbv(): reading marker file
Event resorted by increasing latencies.
pop_loadbv(): reading header file
Done.
Done.
Warning: 'type' field value 'S 41' not found
Warning: 'type' field value 'S 42' not found
Warning: 'type' field value 'S 43' not found
Warning: 'type' field value 'S 44' not found
Warning: 'type' field value 'S 51' not found
Warning: 'type' field value 'S 52' not found
Warning: 'type' field value 'S 53' not found
Warning: 'type' field value 'S 54' not found
Event resorted by increasing latencies.
pop_loadbv(): reading EEG data
pop_loadbv(): scaling EEG data
pop_loadbv(): reading header file
Done.
pop_loadbv(): reading EEG data
pop_loadbv(): scaling EEG data
pop_loadbv(): reading marker file
Warning: 'type' field value 'S 11' not found
Warning: 'type' field value 'S 12' not found
Warning: 'type' field value 'S 21' not found
Warning: 'type' field value 'S 22' not found
Event resorted by increasing latencies.
sub-3000114 has deviation but ALL stimulus events!
sub-3000114 has deviation but ALL response events!
sub-3000114 has ALL events! PASSED!
pop_loadbv(): reading marker file
pop_loadbv(): reading marker file
Done.
Warning: 'type' field value 'S 51' not found
Warning: 'type' field value 'S 52' not found
Warning: 'type' field value 'S 53' not found
Warning: 'type' field value 'S 54' not found
Event resorted by increasing latencies.
Event resorted by increasing latencies.
sub-3000181 has deviation but ALL stimulus events!
sub-3000181 has deviation but ALL response events!
sub-3000181 has ALL events! PASSED!
Done.
Warning: 'type' field value 'S 41' not found
Warning: 'type' field value 'S 42' not found
Warning: 'type' field value 'S 43' not found
Warning: 'type' field value 'S 44' not found
Warning: 'type' field value 'S 51' not found
Warning: 'type' field value 'S 52' not found
Warning: 'type' field value 'S 53' not found
Warning: 'type' field value 'S 54' not found
Event resorted by increasing latencies.
Warning: 'type' field value 'S 11' not found
Warning: 'type' field value 'S 12' not found
Warning: 'type' field value 'S 21' not found
Warning: 'type' field value 'S 22' not found
Event resorted by increasing latencies.
sub-3000058 has deviation but ALL stimulus events!
sub-3000058 has deviation but ALL response events!
sub-3000058 has ALL events! PASSED!
Subject path: /home/data/NDClab/datasets/thrive-dataset/sourcedata/pending-qa/s1_r1/eeg/sub-3000231
       name: 'sub-3000231_all_eeg_s1_r1_e1.vhdr'
     folder: '/home/data/NDClab/datasets/thrive-dataset/sourcedata/pending-qa/s1_r1/eeg/sub-3000231'
       date: '11-Feb-2025 22:21:25'
      bytes: 11580
      isdir: 0
    datenum: 7.3966e+05

pop_loadbv(): reading header file
Done.
pop_loadbv(): reading EEG data
pop_loadbv(): scaling EEG data
Subject path: /home/data/NDClab/datasets/thrive-dataset/sourcedata/pending-qa/s1_r1/eeg/sub-3000236
pop_loadbv(): reading header file
Done.
pop_loadbv(): reading EEG data
pop_loadbv(): scaling EEG data
pop_loadbv(): reading marker file
Done.
Event resorted by increasing latencies.
pop_loadbv(): reading marker file
pop_loadbv(): reading marker file
Done.
Warning: 'type' field value 'S 41' not found
Warning: 'type' field value 'S 42' not found
Warning: 'type' field value 'S 43' not found
Warning: 'type' field value 'S 44' not found
Warning: 'type' field value 'S 51' not found
Warning: 'type' field value 'S 52' not found
Warning: 'type' field value 'S 53' not found
Warning: 'type' field value 'S 54' not found
Event resorted by increasing latencies.
Warning: 'type' field value 'S 11' not found
Warning: 'type' field value 'S 12' not found
Warning: 'type' field value 'S 21' not found
Warning: 'type' field value 'S 22' not found
Event resorted by increasing latencies.
sub-3000155 has deviation but ALL stimulus events!
sub-3000155 has deviation but ALL response events!
sub-3000155 has ALL events! PASSED!
Subject path: /home/data/NDClab/datasets/thrive-dataset/sourcedata/pending-qa/s1_r1/eeg/sub-3000256
       name: 'sub-3000256_all_eeg_s1_r1_e1.vhdr'
     folder: '/home/data/NDClab/datasets/thrive-dataset/sourcedata/pending-qa/s1_r1/eeg/sub-3000256'
       date: '11-Feb-2025 22:21:30'
      bytes: 11580
      isdir: 0
    datenum: 7.3966e+05

pop_loadbv(): reading header file
Done.
pop_loadbv(): reading EEG data
pop_loadbv(): scaling EEG data
Subject path: /home/data/NDClab/datasets/thrive-dataset/sourcedata/pending-qa/s1_r1/eeg/sub-3000215
pop_loadbv(): reading header file
Done.
pop_loadbv(): reading EEG data
Binary file is truncated/incomplete
pop_loadbv(): scaling EEG data
Event resorted by increasing latencies.
pop_loadbv(): reading header file
Done.
pop_loadbv(): reading EEG data
pop_loadbv(): scaling EEG data
pop_loadbv(): reading marker file
Subject path: /home/data/NDClab/datasets/thrive-dataset/sourcedata/pending-qa/s1_r1/eeg/sub-3000242
       name: 'sub-3000242_all_eeg_s1_r1_e1.vhdr'
     folder: '/home/data/NDClab/datasets/thrive-dataset/sourcedata/pending-qa/s1_r1/eeg/sub-3000242'
       date: '11-Feb-2025 22:21:30'
      bytes: 11580
      isdir: 0
    datenum: 7.3966e+05

pop_loadbv(): reading header file
Done.
pop_loadbv(): reading EEG data
Done.
Warning: 'type' field value 'S 41' not found
Warning: 'type' field value 'S 42' not found
Warning: 'type' field value 'S 43' not found
Warning: 'type' field value 'S 44' not found
Warning: 'type' field value 'S 51' not found
Warning: 'type' field value 'S 52' not found
Warning: 'type' field value 'S 53' not found
Warning: 'type' field value 'S 54' not found
Event resorted by increasing latencies.
Done.
Warning: 'type' field value 'S 51' not found
pop_loadbv(): reading marker file
Done.
Event resorted by increasing latencies.
Done.
Event resorted by increasing latencies.
Done.
Event resorted by increasing latencies.
Warning: 'type' field value 'S 22' not found
Event resorted by increasing latencies.
sub-3000240 has deviation but ALL stimulus events!
sub-3000240 has deviation but ALL response events!
sub-3000240 has ALL events! PASSED!
Warning: 'type' field value 'S 11' not found
Warning: 'type' field value 'S 12' not found
Warning: 'type' field value 'S 21' not found
Warning: 'type' field value 'S 22' not found
Event resorted by increasing latencies.
sub-3000049 has deviation but ALL stimulus events!
sub-3000049 has deviation but ALL response events!
sub-3000049 has ALL events! PASSED!
Subject path: /home/data/NDClab/datasets/thrive-dataset/sourcedata/pending-qa/s1_r1/eeg/sub-3000196
Event resorted by increasing latencies.
sub-3000232 has deviation and SOME stimulus events! FAILED!
sub-3000232 has deviation but ALL response events!
sub-3000232 does NOT have all events! FAILED!
pop_loadbv(): reading marker file
Subject path: /home/data/NDClab/datasets/thrive-dataset/sourcedata/pending-qa/s1_r1/eeg/sub-3000259
Subject path: /home/data/NDClab/datasets/thrive-dataset/sourcedata/pending-qa/s1_r1/eeg/sub-3000260
pop_loadbv(): scaling EEG data
Event resorted by increasing latencies.
pop_loadbv(): reading header file
Done.
pop_loadbv(): reading EEG data
pop_loadbv(): scaling EEG data
pop_loadbv(): reading header file
Done.
Warning: 'type' field value 'S 41' not found
       name: 'sub-3000259_all_eeg_s1_r1_e1.vhdr'
     folder: '/home/data/NDClab/datasets/thrive-dataset/sourcedata/pending-qa/s1_r1/eeg/sub-3000259'
       date: '11-Feb-2025 22:21:35'
      bytes: 11580
      isdir: 0
    datenum: 7.3966e+05

       name: 'sub-3000260_all_eeg_s1_r1_e1.vhdr'
     folder: '/home/data/NDClab/datasets/thrive-dataset/sourcedata/pending-qa/s1_r1/eeg/sub-3000260'
       date: '11-Feb-2025 22:21:43'
      bytes: 11539
      isdir: 0
    datenum: 7.3966e+05

Warning: 'type' field value 'S 42' not found
Warning: 'type' field value 'S 43' not found
Warning: 'type' field value 'S 44' not found
Warning: 'type' field value 'S 51' not found
Warning: 'type' field value 'S 52' not found
Warning: 'type' field value 'S 53' not found
Warning: 'type' field value 'S 54' not found
Event resorted by increasing latencies.
Done.
pop_loadbv(): reading EEG data
pop_loadbv(): scaling EEG data
Warning: 'type' field value 'S 52' not found
Warning: 'type' field value 'S 53' not found
Warning: 'type' field value 'S 54' not found
Event resorted by increasing latencies.
Event resorted by increasing latencies.
pop_loadbv(): reading header file
Done.
pop_loadbv(): reading EEG data
pop_loadbv(): scaling EEG data
Warning: 'type' field value 'S 11' not found
Warning: 'type' field value 'S 12' not found
Warning: 'type' field value 'S 21' not found
Warning: 'type' field value 'S 22' not found
Event resorted by increasing latencies.
sub-3000083 has deviation but ALL stimulus events!
sub-3000083 has deviation but ALL response events!
sub-3000083 has ALL events! PASSED!
pop_loadbv(): reading marker file
Subject path: /home/data/NDClab/datasets/thrive-dataset/sourcedata/pending-qa/s1_r1/eeg/sub-3000221
pop_loadbv(): reading header file
Done.
Warning: 'type' field value 'S 41' not found
Warning: 'type' field value 'S 42' not found
Warning: 'type' field value 'S 43' not found
Warning: 'type' field value 'S 44' not found
Event resorted by increasing latencies.
pop_loadbv(): reading marker file
pop_loadbv(): reading marker file
pop_loadbv(): reading header file
Done.
pop_loadbv(): reading EEG data
pop_loadbv(): scaling EEG data
pop_loadbv(): reading header file
Done.
pop_loadbv(): reading EEG data
pop_loadbv(): scaling EEG data
Done.
Done.
Event resorted by increasing latencies.
Done.
pop_loadbv(): reading EEG data
pop_loadbv(): scaling EEG data
Warning: 'type' field value 'S 51' not found
Warning: 'type' field value 'S 52' not found
Warning: 'type' field value 'S 53' not found
Warning: 'type' field value 'S 54' not found
Event resorted by increasing latencies.
Event resorted by increasing latencies.
sub-3000165 has deviation but ALL stimulus events!
sub-3000165 has deviation but ALL response events!
sub-3000165 has ALL events! PASSED!
Warning: 'type' field value 'S 51' not found
Warning: 'type' field value 'S 52' not found
Warning: 'type' field value 'S 53' not found
Warning: 'type' field value 'S 54' not found
Event resorted by increasing latencies.
Warning: 'type' field value 'S 22' not found
Event resorted by increasing latencies.
pop_loadbv(): reading header file
Done.
pop_loadbv(): reading EEG data
pop_loadbv(): scaling EEG data
pop_loadbv(): reading marker file
pop_loadbv(): reading header file
Done.
pop_loadbv(): reading EEG data
pop_loadbv(): scaling EEG data
Subject path: /home/data/NDClab/datasets/thrive-dataset/sourcedata/pending-qa/s1_r1/eeg/sub-3000261
pop_loadbv(): reading header file
Done.
pop_loadbv(): reading EEG data
pop_loadbv(): scaling EEG data
Done.
Event resorted by increasing latencies.
Event resorted by increasing latencies.
sub-3000231 has ALL events! PASSED!
pop_loadbv(): reading marker file
pop_loadbv(): reading marker file
Subject path: /home/data/NDClab/datasets/thrive-dataset/sourcedata/pending-qa/s1_r1/eeg/sub-3000263
       name: 'sub-3000263_all_eeg_s1_r1_e1.vhdr'
     folder: '/home/data/NDClab/datasets/thrive-dataset/sourcedata/pending-qa/s1_r1/eeg/sub-3000263'
       date: '11-Feb-2025 22:21:49'
      bytes: 11539
      isdir: 0
    datenum: 7.3966e+05

pop_loadbv(): reading header file
Done.
pop_loadbv(): reading EEG data
pop_loadbv(): scaling EEG data
Done.
Event resorted by increasing latencies.
Done.
Event resorted by increasing latencies.
Warning: 'type' field value 'S 22' not found
Event resorted by increasing latencies.
sub-3000256 has ALL events! PASSED!
Warning: 'type' field value 'S 22' not found
Event resorted by increasing latencies.
sub-3000236 has deviation and SOME stimulus events! FAILED!
sub-3000236 has deviation but ALL response events!
sub-3000236 does NOT have all events! FAILED!
pop_loadbv(): reading marker file
Done.
Event resorted by increasing latencies.
Event resorted by increasing latencies.
sub-3000242 has ALL events! PASSED!
Subject path: /home/data/NDClab/datasets/thrive-dataset/sourcedata/pending-qa/s1_r1/eeg/sub-3000264
pop_loadbv(): reading header file
Done.
pop_loadbv(): reading EEG data
pop_loadbv(): scaling EEG data
pop_loadbv(): reading marker file
Subject path: /home/data/NDClab/datasets/thrive-dataset/sourcedata/pending-qa/s1_r1/eeg/sub-3000266
       name: 'sub-3000266_all_eeg_s1_r1_e1.vhdr'
     folder: '/home/data/NDClab/datasets/thrive-dataset/sourcedata/pending-qa/s1_r1/eeg/sub-3000266'
       date: '11-Feb-2025 22:21:55'
      bytes: 11580
      isdir: 0
    datenum: 7.3966e+05

pop_loadbv(): reading header file
Done.
pop_loadbv(): reading EEG data
pop_loadbv(): scaling EEG data
Done.
Warning: 'type' field value 'S 41' not found
Warning: 'type' field value 'S 42' not found
Warning: 'type' field value 'S 43' not found
Warning: 'type' field value 'S 44' not found
Warning: 'type' field value 'S 51' not found
Warning: 'type' field value 'S 52' not found
Warning: 'type' field value 'S 53' not found
Warning: 'type' field value 'S 54' not found
Event resorted by increasing latencies.
Warning: 'type' field value 'S 11' not found
Warning: 'type' field value 'S 12' not found
Warning: 'type' field value 'S 21' not found
Warning: 'type' field value 'S 22' not found
Event resorted by increasing latencies.
sub-3000215 has deviation and SOME stimulus events! FAILED!
sub-3000215 has deviation and SOME response events! FAILED!
sub-3000215 does NOT have all events! FAILED!
Subject path: /home/data/NDClab/datasets/thrive-dataset/sourcedata/pending-qa/s1_r1/eeg/sub-3000265
       name: 'sub-3000265_all_eeg_s1_r1_e1.vhdr'
     folder: '/home/data/NDClab/datasets/thrive-dataset/sourcedata/pending-qa/s1_r1/eeg/sub-3000265'
       date: '11-Feb-2025 22:21:50'
      bytes: 11580
      isdir: 0
    datenum: 7.3966e+05

Subject path: /home/data/NDClab/datasets/thrive-dataset/sourcedata/pending-qa/s1_r1/eeg/sub-3000267
       name: 'sub-3000267_all_eeg_s1_r1_e1.vhdr'
     folder: '/home/data/NDClab/datasets/thrive-dataset/sourcedata/pending-qa/s1_r1/eeg/sub-3000267'
       date: '11-Feb-2025 22:22:02'
      bytes: 11539
      isdir: 0
    datenum: 7.3966e+05

pop_loadbv(): reading header file
Done.
pop_loadbv(): reading EEG data
pop_loadbv(): scaling EEG data
pop_loadbv(): reading marker file
pop_loadbv(): reading marker file
Done.
Event resorted by increasing latencies.
pop_loadbv(): reading header file
Done.
pop_loadbv(): reading EEG data
pop_loadbv(): scaling EEG data
pop_loadbv(): reading marker file
Done.
Event resorted by increasing latencies.
Event resorted by increasing latencies.
sub-3000196 has deviation but ALL stimulus events!
sub-3000196 has deviation but ALL response events!
sub-3000196 has ALL events! PASSED!
Event resorted by increasing latencies.
sub-3000259 has ALL events! PASSED!
Done.
Event resorted by increasing latencies.
Warning: 'type' field value 'S 22' not found
Event resorted by increasing latencies.
pop_loadbv(): reading header file
Done.
pop_loadbv(): reading EEG data
pop_loadbv(): scaling EEG data
pop_loadbv(): reading marker file
pop_loadbv(): reading marker file
pop_loadbv(): reading marker file
Done.
Event resorted by increasing latencies.
Event resorted by increasing latencies.
sub-3000260 has ALL events! PASSED!
Done.
Event resorted by increasing latencies.
Event resorted by increasing latencies.
sub-3000261 has deviation but ALL stimulus events!
sub-3000261 has deviation but ALL response events!
sub-3000261 has ALL events! PASSED!
Subject path: /home/data/NDClab/datasets/thrive-dataset/sourcedata/pending-qa/s1_r1/eeg/sub-3000277
       name: 'sub-3000277_all_eeg_s1_r1_e1.vhdr'
     folder: '/home/data/NDClab/datasets/thrive-dataset/sourcedata/pending-qa/s1_r1/eeg/sub-3000277'
       date: '11-Feb-2025 22:22:09'
      bytes: 11539
      isdir: 0
    datenum: 7.3966e+05

pop_loadbv(): reading header file
Done.
pop_loadbv(): reading EEG data
pop_loadbv(): scaling EEG data
Done.
Warning: 'type' field value 'S 41' not found
Warning: 'type' field value 'S 42' not found
Warning: 'type' field value 'S 43' not found
Warning: 'type' field value 'S 44' not found
Warning: 'type' field value 'S 51' not found
Warning: 'type' field value 'S 52' not found
Warning: 'type' field value 'S 53' not found
Warning: 'type' field value 'S 54' not found
Event resorted by increasing latencies.
Warning: 'type' field value 'S 11' not found
Warning: 'type' field value 'S 12' not found
Warning: 'type' field value 'S 21' not found
Warning: 'type' field value 'S 22' not found
Event resorted by increasing latencies.
sub-3000221 has deviation but ALL stimulus events!
sub-3000221 has deviation but ALL response events!
sub-3000221 has ALL events! PASSED!
pop_loadbv(): reading marker file
Done.
Event resorted by increasing latencies.
Event resorted by increasing latencies.
sub-3000263 has ALL events! PASSED!
pop_loadbv(): reading marker file
Done.
Warning: 'type' field value 'S 51' not found
Warning: 'type' field value 'S 52' not found
Warning: 'type' field value 'S 53' not found
Warning: 'type' field value 'S 54' not found
Event resorted by increasing latencies.
Event resorted by increasing latencies.
sub-3000264 has deviation and SOME stimulus events! FAILED!
sub-3000264 has deviation but ALL response events!
sub-3000264 does NOT have all events! FAILED!
Subject path: /home/data/NDClab/datasets/thrive-dataset/sourcedata/pending-qa/s1_r1/eeg/sub-3000269
       name: 'sub-3000269_all_eeg_s1_r1_e1.vhdr'
     folder: '/home/data/NDClab/datasets/thrive-dataset/sourcedata/pending-qa/s1_r1/eeg/sub-3000269'
       date: '11-Feb-2025 22:22:04'
      bytes: 11580
      isdir: 0
    datenum: 7.3966e+05

pop_loadbv(): reading header file
Done.
pop_loadbv(): reading EEG data
pop_loadbv(): scaling EEG data
pop_loadbv(): reading marker file
pop_loadbv(): reading marker file
Done.
Event resorted by increasing latencies.
pop_loadbv(): reading marker file
Done.
Event resorted by increasing latencies.
Event resorted by increasing latencies.
sub-3000266 has ALL events! PASSED!
Event resorted by increasing latencies.
sub-3000267 has ALL events! PASSED!
pop_loadbv(): reading marker file
Done.
Event resorted by increasing latencies.
Event resorted by increasing latencies.
sub-3000265 has ALL events! PASSED!
Done.
Event resorted by increasing latencies.
Event resorted by increasing latencies.
sub-3000277 has ALL events! PASSED!
pop_loadbv(): reading marker file
Done.
Event resorted by increasing latencies.
Event resorted by increasing latencies.
sub-3000269 has ALL events! PASSED!
EEG QA complete.
