
                            < M A T L A B (R) >
                  Copyright 1984-2021 The MathWorks, Inc.
                  R2021b (9.11.0.1769968) 64-bit (glnxa64)
                             September 17, 2021

 
To get started, type doc.
For product information, visit www.mathworks.com.
 
Starting parallel pool (parpool) using the 'local' profile ...
Connected to the parallel pool (number of workers: 10).

ans = 

 ProcessPool with properties: 

            Connected: true
           NumWorkers: 10
              Cluster: local
        AttachedFiles: {}
    AutoAddClientPath: true
          IdleTimeout: 30 minutes (30 minutes remaining)
          SpmdEnabled: true

Parallel pool with 10 workers is running.
Subject path: /home/data/NDClab/datasets/thrive-dataset/sourcedata/pending-qa/s1_r1/eeg/sub-3000215
Subject path: /home/data/NDClab/datasets/thrive-dataset/sourcedata/pending-qa/s1_r1/eeg/sub-3000290
Subject path: /home/data/NDClab/datasets/thrive-dataset/sourcedata/pending-qa/s1_r1/eeg/sub-3000291
Subject path: /home/data/NDClab/datasets/thrive-dataset/sourcedata/pending-qa/s1_r1/eeg/sub-3000294
Subject path: /home/data/NDClab/datasets/thrive-dataset/sourcedata/pending-qa/s1_r1/eeg/sub-3000295
Subject path: /home/data/NDClab/datasets/thrive-dataset/sourcedata/pending-qa/s1_r1/eeg/sub-3000296
Subject path: /home/data/NDClab/datasets/thrive-dataset/sourcedata/pending-qa/s1_r1/eeg/sub-3000297
Subject path: /home/data/NDClab/datasets/thrive-dataset/sourcedata/pending-qa/s1_r1/eeg/sub-3000299
Subject path: /home/data/NDClab/datasets/thrive-dataset/sourcedata/pending-qa/s1_r1/eeg/sub-3000300
Subject path: /home/data/NDClab/datasets/thrive-dataset/sourcedata/pending-qa/s1_r1/eeg/sub-3000301
pop_loadbv(): reading header file
Done.
pop_loadbv(): reading EEG data
       name: 'sub-3000290_all_eeg_s1_r1_e1.vhdr'
     folder: '/home/data/NDClab/datasets/thrive-dataset/sourcedata/pending-qa/s1_r1/eeg/sub-3000290'
       date: '28-Apr-2025 15:44:31'
      bytes: 11580
      isdir: 0
    datenum: 7.3974e+05

pop_loadbv(): reading header file
Done.
pop_loadbv(): reading EEG data
       name: 'sub-3000291_all_eeg_s1_r1_e1.vhdr'
     folder: '/home/data/NDClab/datasets/thrive-dataset/sourcedata/pending-qa/s1_r1/eeg/sub-3000291'
       date: '28-Apr-2025 15:44:44'
      bytes: 11539
      isdir: 0
    datenum: 7.3974e+05

pop_loadbv(): reading header file
Done.
pop_loadbv(): reading EEG data
       name: 'sub-3000294_all_eeg_s1_r1_e1.vhdr'
     folder: '/home/data/NDClab/datasets/thrive-dataset/sourcedata/pending-qa/s1_r1/eeg/sub-3000294'
       date: '28-Apr-2025 15:44:46'
      bytes: 11580
      isdir: 0
    datenum: 7.3974e+05

pop_loadbv(): reading header file
Done.
pop_loadbv(): reading EEG data
pop_loadbv(): reading header file
Done.
pop_loadbv(): reading EEG data
       name: 'sub-3000296_all_eeg_s1_r1_e1.vhdr'
     folder: '/home/data/NDClab/datasets/thrive-dataset/sourcedata/pending-qa/s1_r1/eeg/sub-3000296'
       date: '28-Apr-2025 15:44:57'
      bytes: 11580
      isdir: 0
    datenum: 7.3974e+05

pop_loadbv(): reading header file
Done.
pop_loadbv(): reading EEG data
       name: 'sub-3000297_all_eeg_s1_r1_e1.vhdr'
     folder: '/home/data/NDClab/datasets/thrive-dataset/sourcedata/pending-qa/s1_r1/eeg/sub-3000297'
       date: '28-Apr-2025 15:44:59'
      bytes: 11580
      isdir: 0
    datenum: 7.3974e+05

pop_loadbv(): reading header file
Done.
pop_loadbv(): reading EEG data
       name: 'sub-3000299_all_eeg_s1_r1_e1.vhdr'
     folder: '/home/data/NDClab/datasets/thrive-dataset/sourcedata/pending-qa/s1_r1/eeg/sub-3000299'
       date: '28-Apr-2025 15:45:04'
      bytes: 11588
      isdir: 0
    datenum: 7.3974e+05

pop_loadbv(): reading header file
Done.
pop_loadbv(): reading EEG data
       name: 'sub-3000300_all_eeg_s1_r1_e1.vhdr'
     folder: '/home/data/NDClab/datasets/thrive-dataset/sourcedata/pending-qa/s1_r1/eeg/sub-3000300'
       date: '01-Apr-2025 16:53:13'
      bytes: 11580
      isdir: 0
    datenum: 7.3971e+05

pop_loadbv(): reading header file
Done.
pop_loadbv(): reading EEG data
pop_loadbv(): reading header file
Done.
pop_loadbv(): reading EEG data
pop_loadbv(): scaling EEG data
pop_loadbv(): scaling EEG data
pop_loadbv(): scaling EEG data
pop_loadbv(): scaling EEG data
pop_loadbv(): scaling EEG data
pop_loadbv(): scaling EEG data
pop_loadbv(): scaling EEG data
pop_loadbv(): scaling EEG data
pop_loadbv(): scaling EEG data
pop_loadbv(): scaling EEG data
pop_loadbv(): reading marker file
pop_loadbv(): reading marker file
pop_loadbv(): reading marker file
Done.
Event resorted by increasing latencies.
Done.
Event resorted by increasing latencies.
Done.
Event resorted by increasing latencies.
Event resorted by increasing latencies.
sub-3000297 has ALL events! PASSED!
Warning: 'type' field value 'S 22' not found
Event resorted by increasing latencies.
sub-3000300 has ALL events! PASSED!
Event resorted by increasing latencies.
pop_loadbv(): reading header file
Done.
pop_loadbv(): reading EEG data
pop_loadbv(): scaling EEG data
pop_loadbv(): reading marker file
Done.
Event resorted by increasing latencies.
Event resorted by increasing latencies.
sub-3000299 has ALL events! PASSED!
pop_loadbv(): reading marker file
pop_loadbv(): reading marker file
pop_loadbv(): reading marker file
Done.
Event resorted by increasing latencies.
pop_loadbv(): reading marker file
pop_loadbv(): reading marker file
pop_loadbv(): reading marker file
Done.
Event resorted by increasing latencies.
Event resorted by increasing latencies.
sub-3000296 has ALL events! PASSED!
Done.
Warning: 'type' field value 'S 41' not found
Warning: 'type' field value 'S 42' not found
Warning: 'type' field value 'S 43' not found
Warning: 'type' field value 'S 44' not found
Warning: 'type' field value 'S 51' not found
Warning: 'type' field value 'S 52' not found
Warning: 'type' field value 'S 53' not found
Warning: 'type' field value 'S 54' not found
Event resorted by increasing latencies.
Warning: 'type' field value 'S 11' not found
Warning: 'type' field value 'S 12' not found
Warning: 'type' field value 'S 21' not found
Warning: 'type' field value 'S 22' not found
Event resorted by increasing latencies.
sub-3000301 has deviation but ALL stimulus events!
sub-3000301 has deviation but ALL response events!
sub-3000301 has ALL events! PASSED!
Done.
Event resorted by increasing latencies.
Event resorted by increasing latencies.
sub-3000294 has ALL events! PASSED!
Event resorted by increasing latencies.
pop_loadbv(): reading header file
Done.
pop_loadbv(): reading EEG data
pop_loadbv(): scaling EEG data
Done.
Event resorted by increasing latencies.
Event resorted by increasing latencies.
sub-3000290 has ALL events! PASSED!
Done.
Event resorted by increasing latencies.
Event resorted by increasing latencies.
sub-3000295 has deviation and SOME stimulus events! FAILED!
sub-3000295 has deviation but ALL response events!
sub-3000295 does NOT have all events! FAILED!
pop_loadbv(): reading marker file
Done.
Event resorted by increasing latencies.
Subject path: /home/data/NDClab/datasets/thrive-dataset/sourcedata/pending-qa/s1_r1/eeg/sub-3000307
       name: 'sub-3000307_all_eeg_s1_r1_e1.vhdr'
     folder: '/home/data/NDClab/datasets/thrive-dataset/sourcedata/pending-qa/s1_r1/eeg/sub-3000307'
       date: '28-Apr-2025 15:45:32'
      bytes: 11580
      isdir: 0
    datenum: 7.3974e+05

pop_loadbv(): reading header file
Done.
pop_loadbv(): reading EEG data
pop_loadbv(): scaling EEG data
Event resorted by increasing latencies.
sub-3000291 has ALL events! PASSED!
Subject path: /home/data/NDClab/datasets/thrive-dataset/sourcedata/pending-qa/s1_r1/eeg/sub-3000303
       name: 'sub-3000303_all_eeg_s1_r1_e1.vhdr'
     folder: '/home/data/NDClab/datasets/thrive-dataset/sourcedata/pending-qa/s1_r1/eeg/sub-3000303'
       date: '28-Apr-2025 15:45:19'
      bytes: 11539
      isdir: 0
    datenum: 7.3974e+05

pop_loadbv(): reading header file
Done.
pop_loadbv(): reading EEG data
pop_loadbv(): scaling EEG data
pop_loadbv(): reading marker file
Done.
Warning: 'type' field value 'S 41' not found
Warning: 'type' field value 'S 42' not found
Warning: 'type' field value 'S 43' not found
Warning: 'type' field value 'S 44' not found
Warning: 'type' field value 'S 51' not found
Warning: 'type' field value 'S 52' not found
Warning: 'type' field value 'S 53' not found
Warning: 'type' field value 'S 54' not found
Event resorted by increasing latencies.
Warning: 'type' field value 'S 11' not found
Warning: 'type' field value 'S 12' not found
Warning: 'type' field value 'S 21' not found
Warning: 'type' field value 'S 22' not found
Event resorted by increasing latencies.
sub-3000215 has deviation but ALL stimulus events!
sub-3000215 has deviation but ALL response events!
sub-3000215 has ALL events! PASSED!
Subject path: /home/data/NDClab/datasets/thrive-dataset/sourcedata/pending-qa/s1_r1/eeg/sub-3000305
       name: 'sub-3000305_all_eeg_s1_r1_e1.vhdr'
     folder: '/home/data/NDClab/datasets/thrive-dataset/sourcedata/pending-qa/s1_r1/eeg/sub-3000305'
       date: '28-Apr-2025 15:45:26'
      bytes: 11539
      isdir: 0
    datenum: 7.3974e+05

pop_loadbv(): reading header file
Done.
pop_loadbv(): reading EEG data
pop_loadbv(): scaling EEG data
Subject path: /home/data/NDClab/datasets/thrive-dataset/sourcedata/pending-qa/s1_r1/eeg/sub-3000302
       name: 'sub-3000302_all_eeg_s1_r1_e1.vhdr'
     folder: '/home/data/NDClab/datasets/thrive-dataset/sourcedata/pending-qa/s1_r1/eeg/sub-3000302'
       date: '28-Apr-2025 15:45:16'
      bytes: 11580
      isdir: 0
    datenum: 7.3974e+05

pop_loadbv(): reading header file
Done.
pop_loadbv(): reading EEG data
pop_loadbv(): scaling EEG data
pop_loadbv(): reading marker file
Done.
Event resorted by increasing latencies.
Event resorted by increasing latencies.
sub-3000307 has ALL events! PASSED!
pop_loadbv(): reading marker file
pop_loadbv(): reading marker file
Done.
Event resorted by increasing latencies.
Event resorted by increasing latencies.
sub-3000303 has ALL events! PASSED!
Done.
Event resorted by increasing latencies.
Event resorted by increasing latencies.
sub-3000305 has ALL events! PASSED!
pop_loadbv(): reading marker file
Done.
Event resorted by increasing latencies.
Event resorted by increasing latencies.
sub-3000302 has ALL events! PASSED!
EEG QA complete.
