
                            < M A T L A B (R) >
                  Copyright 1984-2021 The MathWorks, Inc.
                  R2021b (9.11.0.1769968) 64-bit (glnxa64)
                             September 17, 2021

 
To get started, type doc.
For product information, visit www.mathworks.com.
 
Starting parallel pool (parpool) using the 'local' profile ...
Connected to the parallel pool (number of workers: 10).

ans = 

 ProcessPool with properties: 

            Connected: true
           NumWorkers: 10
              Cluster: local
        AttachedFiles: {}
    AutoAddClientPath: true
          IdleTimeout: 30 minutes (30 minutes remaining)
          SpmdEnabled: true

Parallel pool with 10 workers is running.
Subject path: /home/data/NDClab/datasets/thrive-dataset/sourcedata/pending-qa/s3_r1/eeg/sub-3000127
       name: 'sub-3000127_all_eeg_s3_r1_e1.vhdr'
     folder: '/home/data/NDClab/datasets/thrive-dataset/sourcedata/pending-qa/s3_r1/eeg/sub-3000127'
       date: '11-Oct-2025 14:21:34'
      bytes: 11539
      isdir: 0
    datenum: 7.3990e+05

pop_loadbv(): reading header file
Done.
pop_loadbv(): reading EEG data
pop_loadbv(): scaling EEG data
pop_loadbv(): reading marker file
Done.
Event resorted by increasing latencies.
Warning: 'type' field value 'S 22' not found
Event resorted by increasing latencies.
sub-3000127 has ALL events! PASSED!
EEG QA complete.
